ERROR - 2023-01-02 15:54:02 --> mysqli_sql_exception: Unknown column 'user,category.Email' in 'where clause' in J:\Source Code\Doublewinspizza\vendor\codeigniter4\framework\system\Database\MySQLi\Connection.php:292
Stack trace:
#0 J:\Source Code\Doublewinspizza\vendor\codeigniter4\framework\system\Database\MySQLi\Connection.php(292): mysqli->query('UPDATE `user` S...', 0)
#1 J:\Source Code\Doublewinspizza\vendor\codeigniter4\framework\system\Database\BaseConnection.php(666): CodeIgniter\Database\MySQLi\Connection->execute('UPDATE `user` S...')
#2 J:\Source Code\Doublewinspizza\vendor\codeigniter4\framework\system\Database\BaseConnection.php(593): CodeIgniter\Database\BaseConnection->simpleQuery('UPDATE `user` S...')
#3 J:\Source Code\Doublewinspizza\vendor\codeigniter4\framework\system\Database\BaseBuilder.php(2079): CodeIgniter\Database\BaseConnection->query('UPDATE `user` S...', Array, false)
#4 J:\Source Code\Doublewinspizza\vendor\codeigniter4\framework\system\Model.php(338): CodeIgniter\Database\BaseBuilder->update()
#5 J:\Source Code\Doublewinspizza\vendor\codeigniter4\framework\system\BaseModel.php(886): CodeIgniter\Model->doUpdate(Array, Array)
#6 J:\Source Code\Doublewinspizza\vendor\codeigniter4\framework\system\Model.php(693): CodeIgniter\BaseModel->update(Array, Array)
#7 J:\Source Code\Doublewinspizza\vendor\codeigniter4\framework\system\BaseModel.php(657): CodeIgniter\Model->update('sumbaidp@gmail....', Array)
#8 J:\Source Code\Doublewinspizza\app\Models\AdminModel.php(33): CodeIgniter\BaseModel->save(Array)
#9 J:\Source Code\Doublewinspizza\app\Controllers\AdminController\Admin.php(204): App\Models\AdminModel->updateDataUser(Array)
#10 J:\Source Code\Doublewinspizza\vendor\codeigniter4\framework\system\CodeIgniter.php(927): App\Controllers\AdminController\Admin->logout()
#11 J:\Source Code\Doublewinspizza\vendor\codeigniter4\framework\system\CodeIgniter.php(482): CodeIgniter\CodeIgniter->runController(Object(App\Controllers\AdminController\Admin))
#12 J:\Source Code\Doublewinspizza\vendor\codeigniter4\framework\system\CodeIgniter.php(351): CodeIgniter\CodeIgniter->handleRequest(NULL, Object(Config\Cache), false)
#13 J:\Source Code\Doublewinspizza\public\index.php(67): CodeIgniter\CodeIgniter->run()
#14 J:\Source Code\Doublewinspizza\vendor\codeigniter4\framework\system\Commands\Server\rewrite.php(46): require_once('J:\\Source Code\\...')
#15 {main}
CRITICAL - 2023-01-02 15:54:02 --> Unknown column 'user,category.Email' in 'where clause'
in SYSTEMPATH\Database\MySQLi\Connection.php on line 292.
 1 SYSTEMPATH\Database\MySQLi\Connection.php(292): mysqli->query('UPDATE `user` SET `LastLogin` = \'2023-01-02T15:54:02\'
WHERE `user,category`.`Email` IN (\'sumbaidp@gmail.com\')', 0)
 2 SYSTEMPATH\Database\BaseConnection.php(666): CodeIgniter\Database\MySQLi\Connection->execute('UPDATE `user` SET `LastLogin` = \'2023-01-02T15:54:02\'
WHERE `user,category`.`Email` IN (\'sumbaidp@gmail.com\')')
 3 SYSTEMPATH\Database\BaseConnection.php(593): CodeIgniter\Database\BaseConnection->simpleQuery('UPDATE `user` SET `LastLogin` = \'2023-01-02T15:54:02\'
WHERE `user,category`.`Email` IN (\'sumbaidp@gmail.com\')')
 4 SYSTEMPATH\Database\BaseBuilder.php(2079): CodeIgniter\Database\BaseConnection->query('UPDATE `user` SET `LastLogin` = :LastLogin:
WHERE `user,category`.`Email` IN :user,category.Email:', [...], false)
 5 SYSTEMPATH\Model.php(338): CodeIgniter\Database\BaseBuilder->update()
 6 SYSTEMPATH\BaseModel.php(886): CodeIgniter\Model->doUpdate([...], [...])
 7 SYSTEMPATH\Model.php(693): CodeIgniter\BaseModel->update([...], [...])
 8 SYSTEMPATH\BaseModel.php(657): CodeIgniter\Model->update('sumbaidp@gmail.com', [...])
 9 APPPATH\Models\AdminModel.php(33): CodeIgniter\BaseModel->save([...])
10 APPPATH\Controllers\AdminController\Admin.php(204): App\Models\AdminModel->updateDataUser([...])
11 SYSTEMPATH\CodeIgniter.php(927): App\Controllers\AdminController\Admin->logout()
12 SYSTEMPATH\CodeIgniter.php(482): CodeIgniter\CodeIgniter->runController(Object(App\Controllers\AdminController\Admin))
13 SYSTEMPATH\CodeIgniter.php(351): CodeIgniter\CodeIgniter->handleRequest(null, Object(Config\Cache), false)
14 FCPATH\index.php(67): CodeIgniter\CodeIgniter->run()
15 SYSTEMPATH\Commands\Server\rewrite.php(46): require_once('FCPATH\\index.php')
CRITICAL - 2023-01-02 02:54:27 --> Cannot redeclare App\Models\AdminModel::$table
in APPPATH\Models\AdminModel.php on line 11.
 1 [internal function]: CodeIgniter\Debug\Exceptions->shutdownHandler()
CRITICAL - 2023-01-02 03:04:24 --> Cannot redeclare App\Models\AdminModel::$table
in APPPATH\Models\AdminModel.php on line 11.
 1 [internal function]: CodeIgniter\Debug\Exceptions->shutdownHandler()
CRITICAL - 2023-01-02 03:04:26 --> Cannot redeclare App\Models\AdminModel::$table
in APPPATH\Models\AdminModel.php on line 11.
 1 [internal function]: CodeIgniter\Debug\Exceptions->shutdownHandler()
CRITICAL - 2023-01-02 03:04:40 --> Undefined variable $edit_result
in APPPATH\Views\v_admin\v_a_edit_category.php on line 28.
 1 APPPATH\Views\v_admin\v_a_edit_category.php(28): CodeIgniter\Debug\Exceptions->errorHandler(2, 'Undefined variable $edit_result', 'APPPATH\\Views\\v_admin\\v_a_edit_category.php', 28)
 2 SYSTEMPATH\View\View.php(213): include('APPPATH\\Views\\v_admin\\v_a_edit_category.php')
 3 SYSTEMPATH\View\View.php(216): CodeIgniter\View\View->CodeIgniter\View\{closure}()
 4 SYSTEMPATH\Common.php(1134): CodeIgniter\View\View->render('v_admin/v_a_edit_category', [], true)
 5 APPPATH\Controllers\AdminController\Admin.php(464): view('v_admin/v_a_edit_category', [...])
 6 SYSTEMPATH\CodeIgniter.php(927): App\Controllers\AdminController\Admin->editdata_category('1')
 7 SYSTEMPATH\CodeIgniter.php(482): CodeIgniter\CodeIgniter->runController(Object(App\Controllers\AdminController\Admin))
 8 SYSTEMPATH\CodeIgniter.php(351): CodeIgniter\CodeIgniter->handleRequest(null, Object(Config\Cache), false)
 9 FCPATH\index.php(67): CodeIgniter\CodeIgniter->run()
10 SYSTEMPATH\Commands\Server\rewrite.php(46): require_once('FCPATH\\index.php')
CRITICAL - 2023-01-02 03:16:54 --> syntax error, unexpected variable "$id"
in APPPATH\Controllers\AdminController\Admin.php on line 495.
 1 SYSTEMPATH\Autoloader\Autoloader.php(259): CodeIgniter\Autoloader\Autoloader->includeFile('APPPATH\\Controllers\\AdminController\\Admin.php')
 2 SYSTEMPATH\Autoloader\Autoloader.php(237): CodeIgniter\Autoloader\Autoloader->loadInNamespace('App\\Controllers\\AdminController\\Admin')
 3 [internal function]: CodeIgniter\Autoloader\Autoloader->loadClass('App\\Controllers\\AdminController\\Admin')
 4 SYSTEMPATH\CodeIgniter.php(877): class_exists('\\App\\Controllers\\AdminController\\Admin', true)
 5 SYSTEMPATH\CodeIgniter.php(469): CodeIgniter\CodeIgniter->startController()
 6 SYSTEMPATH\CodeIgniter.php(351): CodeIgniter\CodeIgniter->handleRequest(null, Object(Config\Cache), false)
 7 FCPATH\index.php(67): CodeIgniter\CodeIgniter->run()
 8 SYSTEMPATH\Commands\Server\rewrite.php(46): require_once('FCPATH\\index.php')
CRITICAL - 2023-01-02 03:21:08 --> preg_match_all(): Argument #2 ($subject) must be of type string, stdClass given
in SYSTEMPATH\HTTP\RequestTrait.php on line 254.
 1 SYSTEMPATH\HTTP\RequestTrait.php(254): preg_match_all('/(?:^[^\\[]+)|\\[[^]]*\\]/', Object(stdClass), null)
 2 SYSTEMPATH\HTTP\RequestTrait.php(247): CodeIgniter\HTTP\Request->fetchGlobal('request', Object(stdClass), 516, 0)
 3 SYSTEMPATH\HTTP\IncomingRequest.php(503): CodeIgniter\HTTP\Request->fetchGlobal('request', [...], 516, 0)
 4 APPPATH\Controllers\AdminController\Admin.php(472): CodeIgniter\HTTP\IncomingRequest->getVar([...])
 5 SYSTEMPATH\CodeIgniter.php(927): App\Controllers\AdminController\Admin->editdata_category('8')
 6 SYSTEMPATH\CodeIgniter.php(482): CodeIgniter\CodeIgniter->runController(Object(App\Controllers\AdminController\Admin))
 7 SYSTEMPATH\CodeIgniter.php(351): CodeIgniter\CodeIgniter->handleRequest(null, Object(Config\Cache), false)
 8 FCPATH\index.php(67): CodeIgniter\CodeIgniter->run()
 9 SYSTEMPATH\Commands\Server\rewrite.php(46): require_once('FCPATH\\index.php')
CRITICAL - 2023-01-02 03:21:27 --> preg_match_all(): Argument #2 ($subject) must be of type string, stdClass given
in SYSTEMPATH\HTTP\RequestTrait.php on line 254.
 1 SYSTEMPATH\HTTP\RequestTrait.php(254): preg_match_all('/(?:^[^\\[]+)|\\[[^]]*\\]/', Object(stdClass), null)
 2 SYSTEMPATH\HTTP\RequestTrait.php(247): CodeIgniter\HTTP\Request->fetchGlobal('request', Object(stdClass), 516, 0)
 3 SYSTEMPATH\HTTP\IncomingRequest.php(503): CodeIgniter\HTTP\Request->fetchGlobal('request', [...], 516, 0)
 4 APPPATH\Controllers\AdminController\Admin.php(472): CodeIgniter\HTTP\IncomingRequest->getVar([...])
 5 SYSTEMPATH\CodeIgniter.php(927): App\Controllers\AdminController\Admin->editdata_category('8')
 6 SYSTEMPATH\CodeIgniter.php(482): CodeIgniter\CodeIgniter->runController(Object(App\Controllers\AdminController\Admin))
 7 SYSTEMPATH\CodeIgniter.php(351): CodeIgniter\CodeIgniter->handleRequest(null, Object(Config\Cache), false)
 8 FCPATH\index.php(67): CodeIgniter\CodeIgniter->run()
 9 SYSTEMPATH\Commands\Server\rewrite.php(46): require_once('FCPATH\\index.php')
CRITICAL - 2023-01-02 03:23:52 --> There is no data to insert.
in SYSTEMPATH\BaseModel.php on line 729.
 1 SYSTEMPATH\BaseModel.php(729): CodeIgniter\Database\Exceptions\DataException::forEmptyDataset('insert')
 2 SYSTEMPATH\Model.php(667): CodeIgniter\BaseModel->insert([], false)
 3 SYSTEMPATH\BaseModel.php(659): CodeIgniter\Model->insert([...], false)
 4 APPPATH\Models\AdminModel.php(140): CodeIgniter\BaseModel->save([...])
 5 APPPATH\Controllers\AdminController\Admin.php(482): App\Models\AdminModel->updateCategory([...])
 6 SYSTEMPATH\CodeIgniter.php(927): App\Controllers\AdminController\Admin->updateData_category()
 7 SYSTEMPATH\CodeIgniter.php(482): CodeIgniter\CodeIgniter->runController(Object(App\Controllers\AdminController\Admin))
 8 SYSTEMPATH\CodeIgniter.php(351): CodeIgniter\CodeIgniter->handleRequest(null, Object(Config\Cache), false)
 9 FCPATH\index.php(67): CodeIgniter\CodeIgniter->run()
10 SYSTEMPATH\Commands\Server\rewrite.php(46): require_once('FCPATH\\index.php')
CRITICAL - 2023-01-02 03:24:12 --> Too few arguments to function App\Controllers\AdminController\Admin::updateData_category(), 0 passed in J:\Source Code\Doublewinspizza\vendor\codeigniter4\framework\system\CodeIgniter.php on line 927 and exactly 1 expected
in APPPATH\Controllers\AdminController\Admin.php on line 472.
 1 SYSTEMPATH\CodeIgniter.php(927): App\Controllers\AdminController\Admin->updateData_category()
 2 SYSTEMPATH\CodeIgniter.php(482): CodeIgniter\CodeIgniter->runController(Object(App\Controllers\AdminController\Admin))
 3 SYSTEMPATH\CodeIgniter.php(351): CodeIgniter\CodeIgniter->handleRequest(null, Object(Config\Cache), false)
 4 FCPATH\index.php(67): CodeIgniter\CodeIgniter->run()
 5 SYSTEMPATH\Commands\Server\rewrite.php(46): require_once('FCPATH\\index.php')
CRITICAL - 2023-01-02 03:24:15 --> There is no data to insert.
in SYSTEMPATH\BaseModel.php on line 729.
 1 SYSTEMPATH\BaseModel.php(729): CodeIgniter\Database\Exceptions\DataException::forEmptyDataset('insert')
 2 SYSTEMPATH\Model.php(667): CodeIgniter\BaseModel->insert([], false)
 3 SYSTEMPATH\BaseModel.php(659): CodeIgniter\Model->insert([...], false)
 4 APPPATH\Models\AdminModel.php(140): CodeIgniter\BaseModel->save([...])
 5 APPPATH\Controllers\AdminController\Admin.php(482): App\Models\AdminModel->updateCategory([...])
 6 SYSTEMPATH\CodeIgniter.php(927): App\Controllers\AdminController\Admin->updateData_category()
 7 SYSTEMPATH\CodeIgniter.php(482): CodeIgniter\CodeIgniter->runController(Object(App\Controllers\AdminController\Admin))
 8 SYSTEMPATH\CodeIgniter.php(351): CodeIgniter\CodeIgniter->handleRequest(null, Object(Config\Cache), false)
 9 FCPATH\index.php(67): CodeIgniter\CodeIgniter->run()
10 SYSTEMPATH\Commands\Server\rewrite.php(46): require_once('FCPATH\\index.php')
ERROR - 2023-01-02 16:25:06 --> mysqli_sql_exception: Duplicate entry '8' for key 'PRIMARY' in J:\Source Code\Doublewinspizza\vendor\codeigniter4\framework\system\Database\MySQLi\Connection.php:292
Stack trace:
#0 J:\Source Code\Doublewinspizza\vendor\codeigniter4\framework\system\Database\MySQLi\Connection.php(292): mysqli->query('INSERT INTO `ca...', 0)
#1 J:\Source Code\Doublewinspizza\vendor\codeigniter4\framework\system\Database\BaseConnection.php(666): CodeIgniter\Database\MySQLi\Connection->execute('INSERT INTO `ca...')
#2 J:\Source Code\Doublewinspizza\vendor\codeigniter4\framework\system\Database\BaseConnection.php(593): CodeIgniter\Database\BaseConnection->simpleQuery('INSERT INTO `ca...')
#3 J:\Source Code\Doublewinspizza\vendor\codeigniter4\framework\system\Database\BaseBuilder.php(1916): CodeIgniter\Database\BaseConnection->query('INSERT INTO `ca...', Array, false)
#4 J:\Source Code\Doublewinspizza\app\Models\AdminModel.php(47): CodeIgniter\Database\BaseBuilder->insert(Array)
#5 J:\Source Code\Doublewinspizza\app\Controllers\AdminController\Admin.php(498): App\Models\AdminModel->saverecords_category(Array)
#6 J:\Source Code\Doublewinspizza\vendor\codeigniter4\framework\system\CodeIgniter.php(927): App\Controllers\AdminController\Admin->updateData_category()
#7 J:\Source Code\Doublewinspizza\vendor\codeigniter4\framework\system\CodeIgniter.php(482): CodeIgniter\CodeIgniter->runController(Object(App\Controllers\AdminController\Admin))
#8 J:\Source Code\Doublewinspizza\vendor\codeigniter4\framework\system\CodeIgniter.php(351): CodeIgniter\CodeIgniter->handleRequest(NULL, Object(Config\Cache), false)
#9 J:\Source Code\Doublewinspizza\public\index.php(67): CodeIgniter\CodeIgniter->run()
#10 J:\Source Code\Doublewinspizza\vendor\codeigniter4\framework\system\Commands\Server\rewrite.php(46): require_once('J:\\Source Code\\...')
#11 {main}
CRITICAL - 2023-01-02 16:25:06 --> Duplicate entry '8' for key 'PRIMARY'
in SYSTEMPATH\Database\MySQLi\Connection.php on line 292.
 1 SYSTEMPATH\Database\MySQLi\Connection.php(292): mysqli->query('INSERT INTO `category` (`IdCategory`, `CategoryName`, `EditedDate`, `EditedBy`) VALUES (\'8\', \'Chef\', \'2023-01-02T16:25:06\', \'flicklicious\')', 0)
 2 SYSTEMPATH\Database\BaseConnection.php(666): CodeIgniter\Database\MySQLi\Connection->execute('INSERT INTO `category` (`IdCategory`, `CategoryName`, `EditedDate`, `EditedBy`) VALUES (\'8\', \'Chef\', \'2023-01-02T16:25:06\', \'flicklicious\')')
 3 SYSTEMPATH\Database\BaseConnection.php(593): CodeIgniter\Database\BaseConnection->simpleQuery('INSERT INTO `category` (`IdCategory`, `CategoryName`, `EditedDate`, `EditedBy`) VALUES (\'8\', \'Chef\', \'2023-01-02T16:25:06\', \'flicklicious\')')
 4 SYSTEMPATH\Database\BaseBuilder.php(1916): CodeIgniter\Database\BaseConnection->query('INSERT INTO `category` (`IdCategory`, `CategoryName`, `EditedDate`, `EditedBy`) VALUES (:IdCategory:, :CategoryName:, :EditedDate:, :EditedBy:)', [...], false)
 5 APPPATH\Models\AdminModel.php(47): CodeIgniter\Database\BaseBuilder->insert([...])
 6 APPPATH\Controllers\AdminController\Admin.php(498): App\Models\AdminModel->saverecords_category([...])
 7 SYSTEMPATH\CodeIgniter.php(927): App\Controllers\AdminController\Admin->updateData_category()
 8 SYSTEMPATH\CodeIgniter.php(482): CodeIgniter\CodeIgniter->runController(Object(App\Controllers\AdminController\Admin))
 9 SYSTEMPATH\CodeIgniter.php(351): CodeIgniter\CodeIgniter->handleRequest(null, Object(Config\Cache), false)
10 FCPATH\index.php(67): CodeIgniter\CodeIgniter->run()
11 SYSTEMPATH\Commands\Server\rewrite.php(46): require_once('FCPATH\\index.php')
ERROR - 2023-01-02 16:31:15 --> mysqli_sql_exception: Duplicate entry '8' for key 'PRIMARY' in J:\Source Code\Doublewinspizza\vendor\codeigniter4\framework\system\Database\MySQLi\Connection.php:292
Stack trace:
#0 J:\Source Code\Doublewinspizza\vendor\codeigniter4\framework\system\Database\MySQLi\Connection.php(292): mysqli->query('INSERT INTO `ca...', 0)
#1 J:\Source Code\Doublewinspizza\vendor\codeigniter4\framework\system\Database\BaseConnection.php(666): CodeIgniter\Database\MySQLi\Connection->execute('INSERT INTO `ca...')
#2 J:\Source Code\Doublewinspizza\vendor\codeigniter4\framework\system\Database\BaseConnection.php(593): CodeIgniter\Database\BaseConnection->simpleQuery('INSERT INTO `ca...')
#3 J:\Source Code\Doublewinspizza\vendor\codeigniter4\framework\system\Database\BaseBuilder.php(1916): CodeIgniter\Database\BaseConnection->query('INSERT INTO `ca...', Array, false)
#4 J:\Source Code\Doublewinspizza\app\Models\AdminModel.php(47): CodeIgniter\Database\BaseBuilder->insert(Array)
#5 J:\Source Code\Doublewinspizza\app\Controllers\AdminController\Admin.php(497): App\Models\AdminModel->saverecords_category(Array)
#6 J:\Source Code\Doublewinspizza\vendor\codeigniter4\framework\system\CodeIgniter.php(927): App\Controllers\AdminController\Admin->updateData_category()
#7 J:\Source Code\Doublewinspizza\vendor\codeigniter4\framework\system\CodeIgniter.php(482): CodeIgniter\CodeIgniter->runController(Object(App\Controllers\AdminController\Admin))
#8 J:\Source Code\Doublewinspizza\vendor\codeigniter4\framework\system\CodeIgniter.php(351): CodeIgniter\CodeIgniter->handleRequest(NULL, Object(Config\Cache), false)
#9 J:\Source Code\Doublewinspizza\public\index.php(67): CodeIgniter\CodeIgniter->run()
#10 J:\Source Code\Doublewinspizza\vendor\codeigniter4\framework\system\Commands\Server\rewrite.php(46): require_once('J:\\Source Code\\...')
#11 {main}
CRITICAL - 2023-01-02 16:31:15 --> Duplicate entry '8' for key 'PRIMARY'
in SYSTEMPATH\Database\MySQLi\Connection.php on line 292.
 1 SYSTEMPATH\Database\MySQLi\Connection.php(292): mysqli->query('INSERT INTO `category` (`IdCategory`, `CategoryName`, `EditedDate`, `EditedBy`) VALUES (\'8\', \'Chef\', \'2023-01-02T16:31:15\', \'flicklicious\')', 0)
 2 SYSTEMPATH\Database\BaseConnection.php(666): CodeIgniter\Database\MySQLi\Connection->execute('INSERT INTO `category` (`IdCategory`, `CategoryName`, `EditedDate`, `EditedBy`) VALUES (\'8\', \'Chef\', \'2023-01-02T16:31:15\', \'flicklicious\')')
 3 SYSTEMPATH\Database\BaseConnection.php(593): CodeIgniter\Database\BaseConnection->simpleQuery('INSERT INTO `category` (`IdCategory`, `CategoryName`, `EditedDate`, `EditedBy`) VALUES (\'8\', \'Chef\', \'2023-01-02T16:31:15\', \'flicklicious\')')
 4 SYSTEMPATH\Database\BaseBuilder.php(1916): CodeIgniter\Database\BaseConnection->query('INSERT INTO `category` (`IdCategory`, `CategoryName`, `EditedDate`, `EditedBy`) VALUES (:IdCategory:, :CategoryName:, :EditedDate:, :EditedBy:)', [...], false)
 5 APPPATH\Models\AdminModel.php(47): CodeIgniter\Database\BaseBuilder->insert([...])
 6 APPPATH\Controllers\AdminController\Admin.php(497): App\Models\AdminModel->saverecords_category([...])
 7 SYSTEMPATH\CodeIgniter.php(927): App\Controllers\AdminController\Admin->updateData_category()
 8 SYSTEMPATH\CodeIgniter.php(482): CodeIgniter\CodeIgniter->runController(Object(App\Controllers\AdminController\Admin))
 9 SYSTEMPATH\CodeIgniter.php(351): CodeIgniter\CodeIgniter->handleRequest(null, Object(Config\Cache), false)
10 FCPATH\index.php(67): CodeIgniter\CodeIgniter->run()
11 SYSTEMPATH\Commands\Server\rewrite.php(46): require_once('FCPATH\\index.php')
ERROR - 2023-01-02 16:31:23 --> mysqli_sql_exception: Duplicate entry '8' for key 'PRIMARY' in J:\Source Code\Doublewinspizza\vendor\codeigniter4\framework\system\Database\MySQLi\Connection.php:292
Stack trace:
#0 J:\Source Code\Doublewinspizza\vendor\codeigniter4\framework\system\Database\MySQLi\Connection.php(292): mysqli->query('INSERT INTO `ca...', 0)
#1 J:\Source Code\Doublewinspizza\vendor\codeigniter4\framework\system\Database\BaseConnection.php(666): CodeIgniter\Database\MySQLi\Connection->execute('INSERT INTO `ca...')
#2 J:\Source Code\Doublewinspizza\vendor\codeigniter4\framework\system\Database\BaseConnection.php(593): CodeIgniter\Database\BaseConnection->simpleQuery('INSERT INTO `ca...')
#3 J:\Source Code\Doublewinspizza\vendor\codeigniter4\framework\system\Database\BaseBuilder.php(1916): CodeIgniter\Database\BaseConnection->query('INSERT INTO `ca...', Array, false)
#4 J:\Source Code\Doublewinspizza\app\Models\AdminModel.php(47): CodeIgniter\Database\BaseBuilder->insert(Array)
#5 J:\Source Code\Doublewinspizza\app\Controllers\AdminController\Admin.php(497): App\Models\AdminModel->saverecords_category(Array)
#6 J:\Source Code\Doublewinspizza\vendor\codeigniter4\framework\system\CodeIgniter.php(927): App\Controllers\AdminController\Admin->updateData_category()
#7 J:\Source Code\Doublewinspizza\vendor\codeigniter4\framework\system\CodeIgniter.php(482): CodeIgniter\CodeIgniter->runController(Object(App\Controllers\AdminController\Admin))
#8 J:\Source Code\Doublewinspizza\vendor\codeigniter4\framework\system\CodeIgniter.php(351): CodeIgniter\CodeIgniter->handleRequest(NULL, Object(Config\Cache), false)
#9 J:\Source Code\Doublewinspizza\public\index.php(67): CodeIgniter\CodeIgniter->run()
#10 J:\Source Code\Doublewinspizza\vendor\codeigniter4\framework\system\Commands\Server\rewrite.php(46): require_once('J:\\Source Code\\...')
#11 {main}
CRITICAL - 2023-01-02 16:31:23 --> Duplicate entry '8' for key 'PRIMARY'
in SYSTEMPATH\Database\MySQLi\Connection.php on line 292.
 1 SYSTEMPATH\Database\MySQLi\Connection.php(292): mysqli->query('INSERT INTO `category` (`IdCategory`, `CategoryName`, `EditedDate`, `EditedBy`) VALUES (\'8\', \'Chef\', \'2023-01-02T16:31:23\', \'flicklicious\')', 0)
 2 SYSTEMPATH\Database\BaseConnection.php(666): CodeIgniter\Database\MySQLi\Connection->execute('INSERT INTO `category` (`IdCategory`, `CategoryName`, `EditedDate`, `EditedBy`) VALUES (\'8\', \'Chef\', \'2023-01-02T16:31:23\', \'flicklicious\')')
 3 SYSTEMPATH\Database\BaseConnection.php(593): CodeIgniter\Database\BaseConnection->simpleQuery('INSERT INTO `category` (`IdCategory`, `CategoryName`, `EditedDate`, `EditedBy`) VALUES (\'8\', \'Chef\', \'2023-01-02T16:31:23\', \'flicklicious\')')
 4 SYSTEMPATH\Database\BaseBuilder.php(1916): CodeIgniter\Database\BaseConnection->query('INSERT INTO `category` (`IdCategory`, `CategoryName`, `EditedDate`, `EditedBy`) VALUES (:IdCategory:, :CategoryName:, :EditedDate:, :EditedBy:)', [...], false)
 5 APPPATH\Models\AdminModel.php(47): CodeIgniter\Database\BaseBuilder->insert([...])
 6 APPPATH\Controllers\AdminController\Admin.php(497): App\Models\AdminModel->saverecords_category([...])
 7 SYSTEMPATH\CodeIgniter.php(927): App\Controllers\AdminController\Admin->updateData_category()
 8 SYSTEMPATH\CodeIgniter.php(482): CodeIgniter\CodeIgniter->runController(Object(App\Controllers\AdminController\Admin))
 9 SYSTEMPATH\CodeIgniter.php(351): CodeIgniter\CodeIgniter->handleRequest(null, Object(Config\Cache), false)
10 FCPATH\index.php(67): CodeIgniter\CodeIgniter->run()
11 SYSTEMPATH\Commands\Server\rewrite.php(46): require_once('FCPATH\\index.php')
ERROR - 2023-01-02 16:31:56 --> mysqli_sql_exception: Duplicate entry '8' for key 'PRIMARY' in J:\Source Code\Doublewinspizza\vendor\codeigniter4\framework\system\Database\MySQLi\Connection.php:292
Stack trace:
#0 J:\Source Code\Doublewinspizza\vendor\codeigniter4\framework\system\Database\MySQLi\Connection.php(292): mysqli->query('INSERT INTO `ca...', 0)
#1 J:\Source Code\Doublewinspizza\vendor\codeigniter4\framework\system\Database\BaseConnection.php(666): CodeIgniter\Database\MySQLi\Connection->execute('INSERT INTO `ca...')
#2 J:\Source Code\Doublewinspizza\vendor\codeigniter4\framework\system\Database\BaseConnection.php(593): CodeIgniter\Database\BaseConnection->simpleQuery('INSERT INTO `ca...')
#3 J:\Source Code\Doublewinspizza\vendor\codeigniter4\framework\system\Database\BaseBuilder.php(1916): CodeIgniter\Database\BaseConnection->query('INSERT INTO `ca...', Array, false)
#4 J:\Source Code\Doublewinspizza\app\Models\AdminModel.php(47): CodeIgniter\Database\BaseBuilder->insert(Array)
#5 J:\Source Code\Doublewinspizza\app\Controllers\AdminController\Admin.php(498): App\Models\AdminModel->saverecords_category(Array)
#6 J:\Source Code\Doublewinspizza\vendor\codeigniter4\framework\system\CodeIgniter.php(927): App\Controllers\AdminController\Admin->updateData_category()
#7 J:\Source Code\Doublewinspizza\vendor\codeigniter4\framework\system\CodeIgniter.php(482): CodeIgniter\CodeIgniter->runController(Object(App\Controllers\AdminController\Admin))
#8 J:\Source Code\Doublewinspizza\vendor\codeigniter4\framework\system\CodeIgniter.php(351): CodeIgniter\CodeIgniter->handleRequest(NULL, Object(Config\Cache), false)
#9 J:\Source Code\Doublewinspizza\public\index.php(67): CodeIgniter\CodeIgniter->run()
#10 J:\Source Code\Doublewinspizza\vendor\codeigniter4\framework\system\Commands\Server\rewrite.php(46): require_once('J:\\Source Code\\...')
#11 {main}
CRITICAL - 2023-01-02 16:31:56 --> Duplicate entry '8' for key 'PRIMARY'
in SYSTEMPATH\Database\MySQLi\Connection.php on line 292.
 1 SYSTEMPATH\Database\MySQLi\Connection.php(292): mysqli->query('INSERT INTO `category` (`IdCategory`, `CategoryName`, `EditedDate`, `EditedBy`) VALUES (\'8\', \'Chef\', \'2023-01-02T16:31:56\', \'flicklicious\')', 0)
 2 SYSTEMPATH\Database\BaseConnection.php(666): CodeIgniter\Database\MySQLi\Connection->execute('INSERT INTO `category` (`IdCategory`, `CategoryName`, `EditedDate`, `EditedBy`) VALUES (\'8\', \'Chef\', \'2023-01-02T16:31:56\', \'flicklicious\')')
 3 SYSTEMPATH\Database\BaseConnection.php(593): CodeIgniter\Database\BaseConnection->simpleQuery('INSERT INTO `category` (`IdCategory`, `CategoryName`, `EditedDate`, `EditedBy`) VALUES (\'8\', \'Chef\', \'2023-01-02T16:31:56\', \'flicklicious\')')
 4 SYSTEMPATH\Database\BaseBuilder.php(1916): CodeIgniter\Database\BaseConnection->query('INSERT INTO `category` (`IdCategory`, `CategoryName`, `EditedDate`, `EditedBy`) VALUES (:IdCategory:, :CategoryName:, :EditedDate:, :EditedBy:)', [...], false)
 5 APPPATH\Models\AdminModel.php(47): CodeIgniter\Database\BaseBuilder->insert([...])
 6 APPPATH\Controllers\AdminController\Admin.php(498): App\Models\AdminModel->saverecords_category([...])
 7 SYSTEMPATH\CodeIgniter.php(927): App\Controllers\AdminController\Admin->updateData_category()
 8 SYSTEMPATH\CodeIgniter.php(482): CodeIgniter\CodeIgniter->runController(Object(App\Controllers\AdminController\Admin))
 9 SYSTEMPATH\CodeIgniter.php(351): CodeIgniter\CodeIgniter->handleRequest(null, Object(Config\Cache), false)
10 FCPATH\index.php(67): CodeIgniter\CodeIgniter->run()
11 SYSTEMPATH\Commands\Server\rewrite.php(46): require_once('FCPATH\\index.php')
CRITICAL - 2023-01-02 03:32:06 --> There is no data to insert.
in SYSTEMPATH\BaseModel.php on line 729.
 1 SYSTEMPATH\BaseModel.php(729): CodeIgniter\Database\Exceptions\DataException::forEmptyDataset('insert')
 2 SYSTEMPATH\Model.php(667): CodeIgniter\BaseModel->insert([], false)
 3 SYSTEMPATH\BaseModel.php(659): CodeIgniter\Model->insert([...], false)
 4 APPPATH\Models\AdminModel.php(140): CodeIgniter\BaseModel->save([...])
 5 APPPATH\Controllers\AdminController\Admin.php(474): App\Models\AdminModel->updateCategory([...])
 6 SYSTEMPATH\CodeIgniter.php(927): App\Controllers\AdminController\Admin->editdata_category('8')
 7 SYSTEMPATH\CodeIgniter.php(482): CodeIgniter\CodeIgniter->runController(Object(App\Controllers\AdminController\Admin))
 8 SYSTEMPATH\CodeIgniter.php(351): CodeIgniter\CodeIgniter->handleRequest(null, Object(Config\Cache), false)
 9 FCPATH\index.php(67): CodeIgniter\CodeIgniter->run()
10 SYSTEMPATH\Commands\Server\rewrite.php(46): require_once('FCPATH\\index.php')
CRITICAL - 2023-01-02 03:33:54 --> There is no data to insert.
in SYSTEMPATH\BaseModel.php on line 729.
 1 SYSTEMPATH\BaseModel.php(729): CodeIgniter\Database\Exceptions\DataException::forEmptyDataset('insert')
 2 SYSTEMPATH\Model.php(667): CodeIgniter\BaseModel->insert([], false)
 3 SYSTEMPATH\BaseModel.php(659): CodeIgniter\Model->insert([...], false)
 4 APPPATH\Models\AdminModel.php(140): CodeIgniter\BaseModel->save([...])
 5 APPPATH\Controllers\AdminController\Admin.php(474): App\Models\AdminModel->updateCategory([...])
 6 SYSTEMPATH\CodeIgniter.php(927): App\Controllers\AdminController\Admin->editdata_category('8')
 7 SYSTEMPATH\CodeIgniter.php(482): CodeIgniter\CodeIgniter->runController(Object(App\Controllers\AdminController\Admin))
 8 SYSTEMPATH\CodeIgniter.php(351): CodeIgniter\CodeIgniter->handleRequest(null, Object(Config\Cache), false)
 9 FCPATH\index.php(67): CodeIgniter\CodeIgniter->run()
10 SYSTEMPATH\Commands\Server\rewrite.php(46): require_once('FCPATH\\index.php')
CRITICAL - 2023-01-02 03:34:06 --> There is no data to insert.
in SYSTEMPATH\BaseModel.php on line 729.
 1 SYSTEMPATH\BaseModel.php(729): CodeIgniter\Database\Exceptions\DataException::forEmptyDataset('insert')
 2 SYSTEMPATH\Model.php(667): CodeIgniter\BaseModel->insert([], false)
 3 SYSTEMPATH\BaseModel.php(659): CodeIgniter\Model->insert([...], false)
 4 APPPATH\Models\AdminModel.php(140): CodeIgniter\BaseModel->save([...])
 5 APPPATH\Controllers\AdminController\Admin.php(474): App\Models\AdminModel->updateCategory([...])
 6 SYSTEMPATH\CodeIgniter.php(927): App\Controllers\AdminController\Admin->editdata_category('8')
 7 SYSTEMPATH\CodeIgniter.php(482): CodeIgniter\CodeIgniter->runController(Object(App\Controllers\AdminController\Admin))
 8 SYSTEMPATH\CodeIgniter.php(351): CodeIgniter\CodeIgniter->handleRequest(null, Object(Config\Cache), false)
 9 FCPATH\index.php(67): CodeIgniter\CodeIgniter->run()
10 SYSTEMPATH\Commands\Server\rewrite.php(46): require_once('FCPATH\\index.php')
CRITICAL - 2023-01-02 03:38:50 --> There is no data to insert.
in SYSTEMPATH\BaseModel.php on line 729.
 1 SYSTEMPATH\BaseModel.php(729): CodeIgniter\Database\Exceptions\DataException::forEmptyDataset('insert')
 2 SYSTEMPATH\Model.php(667): CodeIgniter\BaseModel->insert([], false)
 3 SYSTEMPATH\BaseModel.php(659): CodeIgniter\Model->insert([...], false)
 4 APPPATH\Models\AdminModel.php(140): CodeIgniter\BaseModel->save([...])
 5 APPPATH\Controllers\AdminController\Admin.php(474): App\Models\AdminModel->updateCategory([...])
 6 SYSTEMPATH\CodeIgniter.php(927): App\Controllers\AdminController\Admin->editdata_category('8')
 7 SYSTEMPATH\CodeIgniter.php(482): CodeIgniter\CodeIgniter->runController(Object(App\Controllers\AdminController\Admin))
 8 SYSTEMPATH\CodeIgniter.php(351): CodeIgniter\CodeIgniter->handleRequest(null, Object(Config\Cache), false)
 9 FCPATH\index.php(67): CodeIgniter\CodeIgniter->run()
10 SYSTEMPATH\Commands\Server\rewrite.php(46): require_once('FCPATH\\index.php')
CRITICAL - 2023-01-02 03:38:58 --> There is no data to insert.
in SYSTEMPATH\BaseModel.php on line 729.
 1 SYSTEMPATH\BaseModel.php(729): CodeIgniter\Database\Exceptions\DataException::forEmptyDataset('insert')
 2 SYSTEMPATH\Model.php(667): CodeIgniter\BaseModel->insert([], false)
 3 SYSTEMPATH\BaseModel.php(659): CodeIgniter\Model->insert([...], false)
 4 APPPATH\Models\AdminModel.php(140): CodeIgniter\BaseModel->save([...])
 5 APPPATH\Controllers\AdminController\Admin.php(474): App\Models\AdminModel->updateCategory([...])
 6 SYSTEMPATH\CodeIgniter.php(927): App\Controllers\AdminController\Admin->editdata_category('8')
 7 SYSTEMPATH\CodeIgniter.php(482): CodeIgniter\CodeIgniter->runController(Object(App\Controllers\AdminController\Admin))
 8 SYSTEMPATH\CodeIgniter.php(351): CodeIgniter\CodeIgniter->handleRequest(null, Object(Config\Cache), false)
 9 FCPATH\index.php(67): CodeIgniter\CodeIgniter->run()
10 SYSTEMPATH\Commands\Server\rewrite.php(46): require_once('FCPATH\\index.php')
CRITICAL - 2023-01-02 03:42:17 --> Undefined variable $action
in APPPATH\Models\AdminModel.php on line 144.
 1 APPPATH\Models\AdminModel.php(144): CodeIgniter\Debug\Exceptions->errorHandler(2, 'Undefined variable $action', 'APPPATH\\Models\\AdminModel.php', 144)
 2 APPPATH\Controllers\AdminController\Admin.php(474): App\Models\AdminModel->updateCategory([...])
 3 SYSTEMPATH\CodeIgniter.php(927): App\Controllers\AdminController\Admin->editdata_category('8')
 4 SYSTEMPATH\CodeIgniter.php(482): CodeIgniter\CodeIgniter->runController(Object(App\Controllers\AdminController\Admin))
 5 SYSTEMPATH\CodeIgniter.php(351): CodeIgniter\CodeIgniter->handleRequest(null, Object(Config\Cache), false)
 6 FCPATH\index.php(67): CodeIgniter\CodeIgniter->run()
 7 SYSTEMPATH\Commands\Server\rewrite.php(46): require_once('FCPATH\\index.php')
CRITICAL - 2023-01-02 03:42:34 --> There is no data to insert.
in SYSTEMPATH\BaseModel.php on line 729.
 1 SYSTEMPATH\BaseModel.php(729): CodeIgniter\Database\Exceptions\DataException::forEmptyDataset('insert')
 2 SYSTEMPATH\Model.php(667): CodeIgniter\BaseModel->insert([], false)
 3 SYSTEMPATH\BaseModel.php(659): CodeIgniter\Model->insert([...], false)
 4 APPPATH\Models\AdminModel.php(140): CodeIgniter\BaseModel->save([...])
 5 APPPATH\Controllers\AdminController\Admin.php(474): App\Models\AdminModel->updateCategory([...])
 6 SYSTEMPATH\CodeIgniter.php(927): App\Controllers\AdminController\Admin->editdata_category('8')
 7 SYSTEMPATH\CodeIgniter.php(482): CodeIgniter\CodeIgniter->runController(Object(App\Controllers\AdminController\Admin))
 8 SYSTEMPATH\CodeIgniter.php(351): CodeIgniter\CodeIgniter->handleRequest(null, Object(Config\Cache), false)
 9 FCPATH\index.php(67): CodeIgniter\CodeIgniter->run()
10 SYSTEMPATH\Commands\Server\rewrite.php(46): require_once('FCPATH\\index.php')
CRITICAL - 2023-01-02 08:44:30 --> There is no data to insert.
in SYSTEMPATH\BaseModel.php on line 729.
 1 SYSTEMPATH\BaseModel.php(729): CodeIgniter\Database\Exceptions\DataException::forEmptyDataset('insert')
 2 SYSTEMPATH\Model.php(667): CodeIgniter\BaseModel->insert([], false)
 3 SYSTEMPATH\BaseModel.php(659): CodeIgniter\Model->insert([...], false)
 4 APPPATH\Models\AdminModel.php(140): CodeIgniter\BaseModel->save([...])
 5 APPPATH\Controllers\AdminController\Admin.php(474): App\Models\AdminModel->updateCategory([...])
 6 SYSTEMPATH\CodeIgniter.php(927): App\Controllers\AdminController\Admin->editdata_category('1')
 7 SYSTEMPATH\CodeIgniter.php(482): CodeIgniter\CodeIgniter->runController(Object(App\Controllers\AdminController\Admin))
 8 SYSTEMPATH\CodeIgniter.php(351): CodeIgniter\CodeIgniter->handleRequest(null, Object(Config\Cache), false)
 9 FCPATH\index.php(67): CodeIgniter\CodeIgniter->run()
10 SYSTEMPATH\Commands\Server\rewrite.php(46): require_once('FCPATH\\index.php')
CRITICAL - 2023-01-02 08:45:15 --> syntax error, unexpected token "=>"
in APPPATH\Controllers\AdminController\Admin.php on line 509.
 1 SYSTEMPATH\Autoloader\Autoloader.php(259): CodeIgniter\Autoloader\Autoloader->includeFile('APPPATH\\Controllers\\AdminController\\Admin.php')
 2 SYSTEMPATH\Autoloader\Autoloader.php(237): CodeIgniter\Autoloader\Autoloader->loadInNamespace('App\\Controllers\\AdminController\\Admin')
 3 [internal function]: CodeIgniter\Autoloader\Autoloader->loadClass('App\\Controllers\\AdminController\\Admin')
 4 SYSTEMPATH\CodeIgniter.php(877): class_exists('\\App\\Controllers\\AdminController\\Admin', true)
 5 SYSTEMPATH\CodeIgniter.php(469): CodeIgniter\CodeIgniter->startController()
 6 SYSTEMPATH\CodeIgniter.php(351): CodeIgniter\CodeIgniter->handleRequest(null, Object(Config\Cache), false)
 7 FCPATH\index.php(67): CodeIgniter\CodeIgniter->run()
 8 SYSTEMPATH\Commands\Server\rewrite.php(46): require_once('FCPATH\\index.php')
CRITICAL - 2023-01-02 08:45:19 --> Undefined variable $action
in APPPATH\Models\AdminModel.php on line 144.
 1 APPPATH\Models\AdminModel.php(144): CodeIgniter\Debug\Exceptions->errorHandler(2, 'Undefined variable $action', 'APPPATH\\Models\\AdminModel.php', 144)
 2 APPPATH\Controllers\AdminController\Admin.php(474): App\Models\AdminModel->updateCategory([...])
 3 SYSTEMPATH\CodeIgniter.php(927): App\Controllers\AdminController\Admin->editdata_category('1')
 4 SYSTEMPATH\CodeIgniter.php(482): CodeIgniter\CodeIgniter->runController(Object(App\Controllers\AdminController\Admin))
 5 SYSTEMPATH\CodeIgniter.php(351): CodeIgniter\CodeIgniter->handleRequest(null, Object(Config\Cache), false)
 6 FCPATH\index.php(67): CodeIgniter\CodeIgniter->run()
 7 SYSTEMPATH\Commands\Server\rewrite.php(46): require_once('FCPATH\\index.php')
CRITICAL - 2023-01-02 08:45:31 --> Undefined variable $action
in APPPATH\Models\AdminModel.php on line 144.
 1 APPPATH\Models\AdminModel.php(144): CodeIgniter\Debug\Exceptions->errorHandler(2, 'Undefined variable $action', 'APPPATH\\Models\\AdminModel.php', 144)
 2 APPPATH\Controllers\AdminController\Admin.php(474): App\Models\AdminModel->updateCategory([...])
 3 SYSTEMPATH\CodeIgniter.php(927): App\Controllers\AdminController\Admin->editdata_category('1')
 4 SYSTEMPATH\CodeIgniter.php(482): CodeIgniter\CodeIgniter->runController(Object(App\Controllers\AdminController\Admin))
 5 SYSTEMPATH\CodeIgniter.php(351): CodeIgniter\CodeIgniter->handleRequest(null, Object(Config\Cache), false)
 6 FCPATH\index.php(67): CodeIgniter\CodeIgniter->run()
 7 SYSTEMPATH\Commands\Server\rewrite.php(46): require_once('FCPATH\\index.php')
CRITICAL - 2023-01-02 08:47:58 --> There is no data to insert.
in SYSTEMPATH\BaseModel.php on line 729.
 1 SYSTEMPATH\BaseModel.php(729): CodeIgniter\Database\Exceptions\DataException::forEmptyDataset('insert')
 2 SYSTEMPATH\Model.php(667): CodeIgniter\BaseModel->insert([], false)
 3 SYSTEMPATH\BaseModel.php(659): CodeIgniter\Model->insert([...], false)
 4 APPPATH\Models\AdminModel.php(140): CodeIgniter\BaseModel->save([...])
 5 APPPATH\Controllers\AdminController\Admin.php(476): App\Models\AdminModel->updateCategory([...])
 6 SYSTEMPATH\CodeIgniter.php(927): App\Controllers\AdminController\Admin->editdata_category('1')
 7 SYSTEMPATH\CodeIgniter.php(482): CodeIgniter\CodeIgniter->runController(Object(App\Controllers\AdminController\Admin))
 8 SYSTEMPATH\CodeIgniter.php(351): CodeIgniter\CodeIgniter->handleRequest(null, Object(Config\Cache), false)
 9 FCPATH\index.php(67): CodeIgniter\CodeIgniter->run()
10 SYSTEMPATH\Commands\Server\rewrite.php(46): require_once('FCPATH\\index.php')
CRITICAL - 2023-01-02 08:48:46 --> There is no data to insert.
in SYSTEMPATH\BaseModel.php on line 729.
 1 SYSTEMPATH\BaseModel.php(729): CodeIgniter\Database\Exceptions\DataException::forEmptyDataset('insert')
 2 SYSTEMPATH\Model.php(667): CodeIgniter\BaseModel->insert([], false)
 3 SYSTEMPATH\BaseModel.php(659): CodeIgniter\Model->insert([...], false)
 4 APPPATH\Models\AdminModel.php(140): CodeIgniter\BaseModel->save([...])
 5 APPPATH\Controllers\AdminController\Admin.php(476): App\Models\AdminModel->updateCategory([...])
 6 SYSTEMPATH\CodeIgniter.php(927): App\Controllers\AdminController\Admin->editdata_category('1')
 7 SYSTEMPATH\CodeIgniter.php(482): CodeIgniter\CodeIgniter->runController(Object(App\Controllers\AdminController\Admin))
 8 SYSTEMPATH\CodeIgniter.php(351): CodeIgniter\CodeIgniter->handleRequest(null, Object(Config\Cache), false)
 9 FCPATH\index.php(67): CodeIgniter\CodeIgniter->run()
10 SYSTEMPATH\Commands\Server\rewrite.php(46): require_once('FCPATH\\index.php')
CRITICAL - 2023-01-02 08:49:07 --> There is no data to insert.
in SYSTEMPATH\BaseModel.php on line 729.
 1 SYSTEMPATH\BaseModel.php(729): CodeIgniter\Database\Exceptions\DataException::forEmptyDataset('insert')
 2 SYSTEMPATH\Model.php(667): CodeIgniter\BaseModel->insert([], false)
 3 SYSTEMPATH\BaseModel.php(659): CodeIgniter\Model->insert([...], false)
 4 APPPATH\Models\AdminModel.php(140): CodeIgniter\BaseModel->save([...])
 5 APPPATH\Controllers\AdminController\Admin.php(476): App\Models\AdminModel->updateCategory([...])
 6 SYSTEMPATH\CodeIgniter.php(927): App\Controllers\AdminController\Admin->editdata_category('1')
 7 SYSTEMPATH\CodeIgniter.php(482): CodeIgniter\CodeIgniter->runController(Object(App\Controllers\AdminController\Admin))
 8 SYSTEMPATH\CodeIgniter.php(351): CodeIgniter\CodeIgniter->handleRequest(null, Object(Config\Cache), false)
 9 FCPATH\index.php(67): CodeIgniter\CodeIgniter->run()
10 SYSTEMPATH\Commands\Server\rewrite.php(46): require_once('FCPATH\\index.php')
CRITICAL - 2023-01-02 08:49:44 --> There is no data to insert.
in SYSTEMPATH\BaseModel.php on line 729.
 1 SYSTEMPATH\BaseModel.php(729): CodeIgniter\Database\Exceptions\DataException::forEmptyDataset('insert')
 2 SYSTEMPATH\Model.php(667): CodeIgniter\BaseModel->insert([], false)
 3 SYSTEMPATH\BaseModel.php(659): CodeIgniter\Model->insert([...], false)
 4 APPPATH\Models\AdminModel.php(140): CodeIgniter\BaseModel->save([...])
 5 APPPATH\Controllers\AdminController\Admin.php(482): App\Models\AdminModel->updateCategory([...])
 6 SYSTEMPATH\CodeIgniter.php(927): App\Controllers\AdminController\Admin->editdata_category('1')
 7 SYSTEMPATH\CodeIgniter.php(482): CodeIgniter\CodeIgniter->runController(Object(App\Controllers\AdminController\Admin))
 8 SYSTEMPATH\CodeIgniter.php(351): CodeIgniter\CodeIgniter->handleRequest(null, Object(Config\Cache), false)
 9 FCPATH\index.php(67): CodeIgniter\CodeIgniter->run()
10 SYSTEMPATH\Commands\Server\rewrite.php(46): require_once('FCPATH\\index.php')
CRITICAL - 2023-01-02 08:49:49 --> There is no data to insert.
in SYSTEMPATH\BaseModel.php on line 729.
 1 SYSTEMPATH\BaseModel.php(729): CodeIgniter\Database\Exceptions\DataException::forEmptyDataset('insert')
 2 SYSTEMPATH\Model.php(667): CodeIgniter\BaseModel->insert([], false)
 3 SYSTEMPATH\BaseModel.php(659): CodeIgniter\Model->insert([...], false)
 4 APPPATH\Models\AdminModel.php(140): CodeIgniter\BaseModel->save([...])
 5 APPPATH\Controllers\AdminController\Admin.php(482): App\Models\AdminModel->updateCategory([...])
 6 SYSTEMPATH\CodeIgniter.php(927): App\Controllers\AdminController\Admin->editdata_category('1')
 7 SYSTEMPATH\CodeIgniter.php(482): CodeIgniter\CodeIgniter->runController(Object(App\Controllers\AdminController\Admin))
 8 SYSTEMPATH\CodeIgniter.php(351): CodeIgniter\CodeIgniter->handleRequest(null, Object(Config\Cache), false)
 9 FCPATH\index.php(67): CodeIgniter\CodeIgniter->run()
10 SYSTEMPATH\Commands\Server\rewrite.php(46): require_once('FCPATH\\index.php')
CRITICAL - 2023-01-02 08:50:43 --> There is no data to insert.
in SYSTEMPATH\BaseModel.php on line 729.
 1 SYSTEMPATH\BaseModel.php(729): CodeIgniter\Database\Exceptions\DataException::forEmptyDataset('insert')
 2 SYSTEMPATH\Model.php(667): CodeIgniter\BaseModel->insert([], false)
 3 SYSTEMPATH\BaseModel.php(659): CodeIgniter\Model->insert([...], false)
 4 APPPATH\Models\AdminModel.php(140): CodeIgniter\BaseModel->save([...])
 5 APPPATH\Controllers\AdminController\Admin.php(482): App\Models\AdminModel->updateCategory([...])
 6 SYSTEMPATH\CodeIgniter.php(927): App\Controllers\AdminController\Admin->editdata_category('1')
 7 SYSTEMPATH\CodeIgniter.php(482): CodeIgniter\CodeIgniter->runController(Object(App\Controllers\AdminController\Admin))
 8 SYSTEMPATH\CodeIgniter.php(351): CodeIgniter\CodeIgniter->handleRequest(null, Object(Config\Cache), false)
 9 FCPATH\index.php(67): CodeIgniter\CodeIgniter->run()
10 SYSTEMPATH\Commands\Server\rewrite.php(46): require_once('FCPATH\\index.php')
CRITICAL - 2023-01-02 08:53:50 --> There is no data to insert.
in SYSTEMPATH\BaseModel.php on line 729.
 1 SYSTEMPATH\BaseModel.php(729): CodeIgniter\Database\Exceptions\DataException::forEmptyDataset('insert')
 2 SYSTEMPATH\Model.php(667): CodeIgniter\BaseModel->insert([], false)
 3 SYSTEMPATH\BaseModel.php(659): CodeIgniter\Model->insert([...], false)
 4 APPPATH\Models\AdminModel.php(140): CodeIgniter\BaseModel->save([...])
 5 APPPATH\Controllers\AdminController\Admin.php(489): App\Models\AdminModel->updateCategory([...])
 6 SYSTEMPATH\CodeIgniter.php(927): App\Controllers\AdminController\Admin->updateData_category()
 7 SYSTEMPATH\CodeIgniter.php(482): CodeIgniter\CodeIgniter->runController(Object(App\Controllers\AdminController\Admin))
 8 SYSTEMPATH\CodeIgniter.php(351): CodeIgniter\CodeIgniter->handleRequest(null, Object(Config\Cache), false)
 9 FCPATH\index.php(67): CodeIgniter\CodeIgniter->run()
10 SYSTEMPATH\Commands\Server\rewrite.php(46): require_once('FCPATH\\index.php')
CRITICAL - 2023-01-02 08:54:32 --> There is no data to insert.
in SYSTEMPATH\BaseModel.php on line 729.
 1 SYSTEMPATH\BaseModel.php(729): CodeIgniter\Database\Exceptions\DataException::forEmptyDataset('insert')
 2 SYSTEMPATH\Model.php(667): CodeIgniter\BaseModel->insert([], false)
 3 SYSTEMPATH\BaseModel.php(659): CodeIgniter\Model->insert([...], false)
 4 APPPATH\Models\AdminModel.php(140): CodeIgniter\BaseModel->save([...])
 5 APPPATH\Controllers\AdminController\Admin.php(485): App\Models\AdminModel->updateCategory([...])
 6 SYSTEMPATH\CodeIgniter.php(927): App\Controllers\AdminController\Admin->updateData_category()
 7 SYSTEMPATH\CodeIgniter.php(482): CodeIgniter\CodeIgniter->runController(Object(App\Controllers\AdminController\Admin))
 8 SYSTEMPATH\CodeIgniter.php(351): CodeIgniter\CodeIgniter->handleRequest(null, Object(Config\Cache), false)
 9 FCPATH\index.php(67): CodeIgniter\CodeIgniter->run()
10 SYSTEMPATH\Commands\Server\rewrite.php(46): require_once('FCPATH\\index.php')
CRITICAL - 2023-01-02 08:54:39 --> There is no data to insert.
in SYSTEMPATH\BaseModel.php on line 729.
 1 SYSTEMPATH\BaseModel.php(729): CodeIgniter\Database\Exceptions\DataException::forEmptyDataset('insert')
 2 SYSTEMPATH\Model.php(667): CodeIgniter\BaseModel->insert([], false)
 3 SYSTEMPATH\BaseModel.php(659): CodeIgniter\Model->insert([...], false)
 4 APPPATH\Models\AdminModel.php(140): CodeIgniter\BaseModel->save([...])
 5 APPPATH\Controllers\AdminController\Admin.php(485): App\Models\AdminModel->updateCategory([...])
 6 SYSTEMPATH\CodeIgniter.php(927): App\Controllers\AdminController\Admin->updateData_category()
 7 SYSTEMPATH\CodeIgniter.php(482): CodeIgniter\CodeIgniter->runController(Object(App\Controllers\AdminController\Admin))
 8 SYSTEMPATH\CodeIgniter.php(351): CodeIgniter\CodeIgniter->handleRequest(null, Object(Config\Cache), false)
 9 FCPATH\index.php(67): CodeIgniter\CodeIgniter->run()
10 SYSTEMPATH\Commands\Server\rewrite.php(46): require_once('FCPATH\\index.php')
CRITICAL - 2023-01-02 08:55:01 --> There is no data to insert.
in SYSTEMPATH\BaseModel.php on line 729.
 1 SYSTEMPATH\BaseModel.php(729): CodeIgniter\Database\Exceptions\DataException::forEmptyDataset('insert')
 2 SYSTEMPATH\Model.php(667): CodeIgniter\BaseModel->insert([], false)
 3 SYSTEMPATH\BaseModel.php(659): CodeIgniter\Model->insert([...], false)
 4 APPPATH\Models\AdminModel.php(140): CodeIgniter\BaseModel->save([...])
 5 APPPATH\Controllers\AdminController\Admin.php(485): App\Models\AdminModel->updateCategory([...])
 6 SYSTEMPATH\CodeIgniter.php(927): App\Controllers\AdminController\Admin->updateData_category()
 7 SYSTEMPATH\CodeIgniter.php(482): CodeIgniter\CodeIgniter->runController(Object(App\Controllers\AdminController\Admin))
 8 SYSTEMPATH\CodeIgniter.php(351): CodeIgniter\CodeIgniter->handleRequest(null, Object(Config\Cache), false)
 9 FCPATH\index.php(67): CodeIgniter\CodeIgniter->run()
10 SYSTEMPATH\Commands\Server\rewrite.php(46): require_once('FCPATH\\index.php')
CRITICAL - 2023-01-02 08:55:02 --> There is no data to insert.
in SYSTEMPATH\BaseModel.php on line 729.
 1 SYSTEMPATH\BaseModel.php(729): CodeIgniter\Database\Exceptions\DataException::forEmptyDataset('insert')
 2 SYSTEMPATH\Model.php(667): CodeIgniter\BaseModel->insert([], false)
 3 SYSTEMPATH\BaseModel.php(659): CodeIgniter\Model->insert([...], false)
 4 APPPATH\Models\AdminModel.php(140): CodeIgniter\BaseModel->save([...])
 5 APPPATH\Controllers\AdminController\Admin.php(485): App\Models\AdminModel->updateCategory([...])
 6 SYSTEMPATH\CodeIgniter.php(927): App\Controllers\AdminController\Admin->updateData_category()
 7 SYSTEMPATH\CodeIgniter.php(482): CodeIgniter\CodeIgniter->runController(Object(App\Controllers\AdminController\Admin))
 8 SYSTEMPATH\CodeIgniter.php(351): CodeIgniter\CodeIgniter->handleRequest(null, Object(Config\Cache), false)
 9 FCPATH\index.php(67): CodeIgniter\CodeIgniter->run()
10 SYSTEMPATH\Commands\Server\rewrite.php(46): require_once('FCPATH\\index.php')
CRITICAL - 2023-01-02 08:55:10 --> There is no data to insert.
in SYSTEMPATH\BaseModel.php on line 729.
 1 SYSTEMPATH\BaseModel.php(729): CodeIgniter\Database\Exceptions\DataException::forEmptyDataset('insert')
 2 SYSTEMPATH\Model.php(667): CodeIgniter\BaseModel->insert([], false)
 3 SYSTEMPATH\BaseModel.php(659): CodeIgniter\Model->insert([...], false)
 4 APPPATH\Models\AdminModel.php(140): CodeIgniter\BaseModel->save([...])
 5 APPPATH\Controllers\AdminController\Admin.php(485): App\Models\AdminModel->updateCategory([...])
 6 SYSTEMPATH\CodeIgniter.php(927): App\Controllers\AdminController\Admin->updateData_category()
 7 SYSTEMPATH\CodeIgniter.php(482): CodeIgniter\CodeIgniter->runController(Object(App\Controllers\AdminController\Admin))
 8 SYSTEMPATH\CodeIgniter.php(351): CodeIgniter\CodeIgniter->handleRequest(null, Object(Config\Cache), false)
 9 FCPATH\index.php(67): CodeIgniter\CodeIgniter->run()
10 SYSTEMPATH\Commands\Server\rewrite.php(46): require_once('FCPATH\\index.php')
CRITICAL - 2023-01-02 08:55:30 --> Too few arguments to function App\Controllers\AdminController\Admin::updateData_category(), 0 passed in J:\Source Code\Doublewinspizza\vendor\codeigniter4\framework\system\CodeIgniter.php on line 927 and exactly 1 expected
in APPPATH\Controllers\AdminController\Admin.php on line 472.
 1 SYSTEMPATH\CodeIgniter.php(927): App\Controllers\AdminController\Admin->updateData_category()
 2 SYSTEMPATH\CodeIgniter.php(482): CodeIgniter\CodeIgniter->runController(Object(App\Controllers\AdminController\Admin))
 3 SYSTEMPATH\CodeIgniter.php(351): CodeIgniter\CodeIgniter->handleRequest(null, Object(Config\Cache), false)
 4 FCPATH\index.php(67): CodeIgniter\CodeIgniter->run()
 5 SYSTEMPATH\Commands\Server\rewrite.php(46): require_once('FCPATH\\index.php')
CRITICAL - 2023-01-02 08:56:14 --> Call to undefined function App\Models\getPost()
in APPPATH\Models\AdminModel.php on line 138.
 1 APPPATH\Controllers\AdminController\Admin.php(485): App\Models\AdminModel->updateCategory([...])
 2 SYSTEMPATH\CodeIgniter.php(927): App\Controllers\AdminController\Admin->updateData_category()
 3 SYSTEMPATH\CodeIgniter.php(482): CodeIgniter\CodeIgniter->runController(Object(App\Controllers\AdminController\Admin))
 4 SYSTEMPATH\CodeIgniter.php(351): CodeIgniter\CodeIgniter->handleRequest(null, Object(Config\Cache), false)
 5 FCPATH\index.php(67): CodeIgniter\CodeIgniter->run()
 6 SYSTEMPATH\Commands\Server\rewrite.php(46): require_once('FCPATH\\index.php')
CRITICAL - 2023-01-02 08:56:22 --> Call to a member function getPost() on null
in APPPATH\Models\AdminModel.php on line 138.
 1 APPPATH\Controllers\AdminController\Admin.php(485): App\Models\AdminModel->updateCategory([...])
 2 SYSTEMPATH\CodeIgniter.php(927): App\Controllers\AdminController\Admin->updateData_category()
 3 SYSTEMPATH\CodeIgniter.php(482): CodeIgniter\CodeIgniter->runController(Object(App\Controllers\AdminController\Admin))
 4 SYSTEMPATH\CodeIgniter.php(351): CodeIgniter\CodeIgniter->handleRequest(null, Object(Config\Cache), false)
 5 FCPATH\index.php(67): CodeIgniter\CodeIgniter->run()
 6 SYSTEMPATH\Commands\Server\rewrite.php(46): require_once('FCPATH\\index.php')
CRITICAL - 2023-01-02 08:56:23 --> Call to a member function getPost() on null
in APPPATH\Models\AdminModel.php on line 138.
 1 APPPATH\Controllers\AdminController\Admin.php(485): App\Models\AdminModel->updateCategory([...])
 2 SYSTEMPATH\CodeIgniter.php(927): App\Controllers\AdminController\Admin->updateData_category()
 3 SYSTEMPATH\CodeIgniter.php(482): CodeIgniter\CodeIgniter->runController(Object(App\Controllers\AdminController\Admin))
 4 SYSTEMPATH\CodeIgniter.php(351): CodeIgniter\CodeIgniter->handleRequest(null, Object(Config\Cache), false)
 5 FCPATH\index.php(67): CodeIgniter\CodeIgniter->run()
 6 SYSTEMPATH\Commands\Server\rewrite.php(46): require_once('FCPATH\\index.php')
CRITICAL - 2023-01-02 08:56:24 --> Call to a member function getPost() on null
in APPPATH\Models\AdminModel.php on line 138.
 1 APPPATH\Controllers\AdminController\Admin.php(485): App\Models\AdminModel->updateCategory([...])
 2 SYSTEMPATH\CodeIgniter.php(927): App\Controllers\AdminController\Admin->updateData_category()
 3 SYSTEMPATH\CodeIgniter.php(482): CodeIgniter\CodeIgniter->runController(Object(App\Controllers\AdminController\Admin))
 4 SYSTEMPATH\CodeIgniter.php(351): CodeIgniter\CodeIgniter->handleRequest(null, Object(Config\Cache), false)
 5 FCPATH\index.php(67): CodeIgniter\CodeIgniter->run()
 6 SYSTEMPATH\Commands\Server\rewrite.php(46): require_once('FCPATH\\index.php')
CRITICAL - 2023-01-02 08:56:31 --> There is no data to insert.
in SYSTEMPATH\BaseModel.php on line 729.
 1 SYSTEMPATH\BaseModel.php(729): CodeIgniter\Database\Exceptions\DataException::forEmptyDataset('insert')
 2 SYSTEMPATH\Model.php(667): CodeIgniter\BaseModel->insert([], false)
 3 SYSTEMPATH\BaseModel.php(659): CodeIgniter\Model->insert([...], false)
 4 APPPATH\Models\AdminModel.php(140): CodeIgniter\BaseModel->save([...])
 5 APPPATH\Controllers\AdminController\Admin.php(485): App\Models\AdminModel->updateCategory([...])
 6 SYSTEMPATH\CodeIgniter.php(927): App\Controllers\AdminController\Admin->updateData_category()
 7 SYSTEMPATH\CodeIgniter.php(482): CodeIgniter\CodeIgniter->runController(Object(App\Controllers\AdminController\Admin))
 8 SYSTEMPATH\CodeIgniter.php(351): CodeIgniter\CodeIgniter->handleRequest(null, Object(Config\Cache), false)
 9 FCPATH\index.php(67): CodeIgniter\CodeIgniter->run()
10 SYSTEMPATH\Commands\Server\rewrite.php(46): require_once('FCPATH\\index.php')
CRITICAL - 2023-01-02 08:57:59 --> There is no data to insert.
in SYSTEMPATH\BaseModel.php on line 729.
 1 SYSTEMPATH\BaseModel.php(729): CodeIgniter\Database\Exceptions\DataException::forEmptyDataset('insert')
 2 SYSTEMPATH\Model.php(667): CodeIgniter\BaseModel->insert([], false)
 3 SYSTEMPATH\BaseModel.php(659): CodeIgniter\Model->insert([...], false)
 4 APPPATH\Models\AdminModel.php(138): CodeIgniter\BaseModel->save([...])
 5 APPPATH\Controllers\AdminController\Admin.php(485): App\Models\AdminModel->updateCategory([...])
 6 SYSTEMPATH\CodeIgniter.php(927): App\Controllers\AdminController\Admin->updateData_category()
 7 SYSTEMPATH\CodeIgniter.php(482): CodeIgniter\CodeIgniter->runController(Object(App\Controllers\AdminController\Admin))
 8 SYSTEMPATH\CodeIgniter.php(351): CodeIgniter\CodeIgniter->handleRequest(null, Object(Config\Cache), false)
 9 FCPATH\index.php(67): CodeIgniter\CodeIgniter->run()
10 SYSTEMPATH\Commands\Server\rewrite.php(46): require_once('FCPATH\\index.php')
CRITICAL - 2023-01-02 08:58:00 --> There is no data to insert.
in SYSTEMPATH\BaseModel.php on line 729.
 1 SYSTEMPATH\BaseModel.php(729): CodeIgniter\Database\Exceptions\DataException::forEmptyDataset('insert')
 2 SYSTEMPATH\Model.php(667): CodeIgniter\BaseModel->insert([], false)
 3 SYSTEMPATH\BaseModel.php(659): CodeIgniter\Model->insert([...], false)
 4 APPPATH\Models\AdminModel.php(138): CodeIgniter\BaseModel->save([...])
 5 APPPATH\Controllers\AdminController\Admin.php(485): App\Models\AdminModel->updateCategory([...])
 6 SYSTEMPATH\CodeIgniter.php(927): App\Controllers\AdminController\Admin->updateData_category()
 7 SYSTEMPATH\CodeIgniter.php(482): CodeIgniter\CodeIgniter->runController(Object(App\Controllers\AdminController\Admin))
 8 SYSTEMPATH\CodeIgniter.php(351): CodeIgniter\CodeIgniter->handleRequest(null, Object(Config\Cache), false)
 9 FCPATH\index.php(67): CodeIgniter\CodeIgniter->run()
10 SYSTEMPATH\Commands\Server\rewrite.php(46): require_once('FCPATH\\index.php')
CRITICAL - 2023-01-02 08:58:10 --> There is no data to insert.
in SYSTEMPATH\BaseModel.php on line 729.
 1 SYSTEMPATH\BaseModel.php(729): CodeIgniter\Database\Exceptions\DataException::forEmptyDataset('insert')
 2 SYSTEMPATH\Model.php(667): CodeIgniter\BaseModel->insert([], false)
 3 SYSTEMPATH\BaseModel.php(659): CodeIgniter\Model->insert([...], false)
 4 APPPATH\Models\AdminModel.php(138): CodeIgniter\BaseModel->save([...])
 5 APPPATH\Controllers\AdminController\Admin.php(485): App\Models\AdminModel->updateCategory([...])
 6 SYSTEMPATH\CodeIgniter.php(927): App\Controllers\AdminController\Admin->updateData_category()
 7 SYSTEMPATH\CodeIgniter.php(482): CodeIgniter\CodeIgniter->runController(Object(App\Controllers\AdminController\Admin))
 8 SYSTEMPATH\CodeIgniter.php(351): CodeIgniter\CodeIgniter->handleRequest(null, Object(Config\Cache), false)
 9 FCPATH\index.php(67): CodeIgniter\CodeIgniter->run()
10 SYSTEMPATH\Commands\Server\rewrite.php(46): require_once('FCPATH\\index.php')
CRITICAL - 2023-01-02 08:58:19 --> There is no data to insert.
in SYSTEMPATH\BaseModel.php on line 729.
 1 SYSTEMPATH\BaseModel.php(729): CodeIgniter\Database\Exceptions\DataException::forEmptyDataset('insert')
 2 SYSTEMPATH\Model.php(667): CodeIgniter\BaseModel->insert([], false)
 3 SYSTEMPATH\BaseModel.php(659): CodeIgniter\Model->insert([...], false)
 4 APPPATH\Models\AdminModel.php(138): CodeIgniter\BaseModel->save([...])
 5 APPPATH\Controllers\AdminController\Admin.php(485): App\Models\AdminModel->updateCategory([...])
 6 SYSTEMPATH\CodeIgniter.php(927): App\Controllers\AdminController\Admin->updateData_category()
 7 SYSTEMPATH\CodeIgniter.php(482): CodeIgniter\CodeIgniter->runController(Object(App\Controllers\AdminController\Admin))
 8 SYSTEMPATH\CodeIgniter.php(351): CodeIgniter\CodeIgniter->handleRequest(null, Object(Config\Cache), false)
 9 FCPATH\index.php(67): CodeIgniter\CodeIgniter->run()
10 SYSTEMPATH\Commands\Server\rewrite.php(46): require_once('FCPATH\\index.php')
CRITICAL - 2023-01-02 08:58:20 --> There is no data to insert.
in SYSTEMPATH\BaseModel.php on line 729.
 1 SYSTEMPATH\BaseModel.php(729): CodeIgniter\Database\Exceptions\DataException::forEmptyDataset('insert')
 2 SYSTEMPATH\Model.php(667): CodeIgniter\BaseModel->insert([], false)
 3 SYSTEMPATH\BaseModel.php(659): CodeIgniter\Model->insert([...], false)
 4 APPPATH\Models\AdminModel.php(138): CodeIgniter\BaseModel->save([...])
 5 APPPATH\Controllers\AdminController\Admin.php(485): App\Models\AdminModel->updateCategory([...])
 6 SYSTEMPATH\CodeIgniter.php(927): App\Controllers\AdminController\Admin->updateData_category()
 7 SYSTEMPATH\CodeIgniter.php(482): CodeIgniter\CodeIgniter->runController(Object(App\Controllers\AdminController\Admin))
 8 SYSTEMPATH\CodeIgniter.php(351): CodeIgniter\CodeIgniter->handleRequest(null, Object(Config\Cache), false)
 9 FCPATH\index.php(67): CodeIgniter\CodeIgniter->run()
10 SYSTEMPATH\Commands\Server\rewrite.php(46): require_once('FCPATH\\index.php')
CRITICAL - 2023-01-02 08:58:32 --> There is no data to update.
in SYSTEMPATH\BaseModel.php on line 1598.
 1 SYSTEMPATH\BaseModel.php(1598): CodeIgniter\Database\Exceptions\DataException::forEmptyDataset('update')
 2 SYSTEMPATH\BaseModel.php(853): CodeIgniter\BaseModel->transformDataToArray(null, 'update')
 3 SYSTEMPATH\Model.php(693): CodeIgniter\BaseModel->update([...], null)
 4 APPPATH\Models\AdminModel.php(138): CodeIgniter\Model->update([...])
 5 APPPATH\Controllers\AdminController\Admin.php(485): App\Models\AdminModel->updateCategory([...])
 6 SYSTEMPATH\CodeIgniter.php(927): App\Controllers\AdminController\Admin->updateData_category()
 7 SYSTEMPATH\CodeIgniter.php(482): CodeIgniter\CodeIgniter->runController(Object(App\Controllers\AdminController\Admin))
 8 SYSTEMPATH\CodeIgniter.php(351): CodeIgniter\CodeIgniter->handleRequest(null, Object(Config\Cache), false)
 9 FCPATH\index.php(67): CodeIgniter\CodeIgniter->run()
10 SYSTEMPATH\Commands\Server\rewrite.php(46): require_once('FCPATH\\index.php')
CRITICAL - 2023-01-02 08:59:07 --> syntax error, unexpected token ",", expecting "]"
in APPPATH\Models\AdminModel.php on line 138.
 1 SYSTEMPATH\Autoloader\Autoloader.php(259): CodeIgniter\Autoloader\Autoloader->includeFile('APPPATH\\Models\\AdminModel.php')
 2 SYSTEMPATH\Autoloader\Autoloader.php(237): CodeIgniter\Autoloader\Autoloader->loadInNamespace('App\\Models\\AdminModel')
 3 APPPATH\Controllers\AdminController\Admin.php(12): CodeIgniter\Autoloader\Autoloader->loadClass('App\\Models\\AdminModel')
 4 SYSTEMPATH\CodeIgniter.php(889): App\Controllers\AdminController\Admin->__construct()
 5 SYSTEMPATH\CodeIgniter.php(473): CodeIgniter\CodeIgniter->createController()
 6 SYSTEMPATH\CodeIgniter.php(351): CodeIgniter\CodeIgniter->handleRequest(null, Object(Config\Cache), false)
 7 FCPATH\index.php(67): CodeIgniter\CodeIgniter->run()
 8 SYSTEMPATH\Commands\Server\rewrite.php(46): require_once('FCPATH\\index.php')
CRITICAL - 2023-01-02 08:59:18 --> There is no data to update.
in SYSTEMPATH\BaseModel.php on line 1598.
 1 SYSTEMPATH\BaseModel.php(1598): CodeIgniter\Database\Exceptions\DataException::forEmptyDataset('update')
 2 SYSTEMPATH\BaseModel.php(853): CodeIgniter\BaseModel->transformDataToArray(null, 'update')
 3 SYSTEMPATH\Model.php(693): CodeIgniter\BaseModel->update([...], null)
 4 APPPATH\Models\AdminModel.php(138): CodeIgniter\Model->update([...])
 5 APPPATH\Controllers\AdminController\Admin.php(485): App\Models\AdminModel->updateCategory([...])
 6 SYSTEMPATH\CodeIgniter.php(927): App\Controllers\AdminController\Admin->updateData_category()
 7 SYSTEMPATH\CodeIgniter.php(482): CodeIgniter\CodeIgniter->runController(Object(App\Controllers\AdminController\Admin))
 8 SYSTEMPATH\CodeIgniter.php(351): CodeIgniter\CodeIgniter->handleRequest(null, Object(Config\Cache), false)
 9 FCPATH\index.php(67): CodeIgniter\CodeIgniter->run()
10 SYSTEMPATH\Commands\Server\rewrite.php(46): require_once('FCPATH\\index.php')
CRITICAL - 2023-01-02 09:00:48 --> syntax error, unexpected token "}", expecting ";"
in APPPATH\Models\AdminModel.php on line 91.
 1 SYSTEMPATH\Autoloader\Autoloader.php(259): CodeIgniter\Autoloader\Autoloader->includeFile('APPPATH\\Models\\AdminModel.php')
 2 SYSTEMPATH\Autoloader\Autoloader.php(237): CodeIgniter\Autoloader\Autoloader->loadInNamespace('App\\Models\\AdminModel')
 3 APPPATH\Controllers\AdminController\Admin.php(12): CodeIgniter\Autoloader\Autoloader->loadClass('App\\Models\\AdminModel')
 4 SYSTEMPATH\CodeIgniter.php(889): App\Controllers\AdminController\Admin->__construct()
 5 SYSTEMPATH\CodeIgniter.php(473): CodeIgniter\CodeIgniter->createController()
 6 SYSTEMPATH\CodeIgniter.php(351): CodeIgniter\CodeIgniter->handleRequest(null, Object(Config\Cache), false)
 7 FCPATH\index.php(67): CodeIgniter\CodeIgniter->run()
 8 SYSTEMPATH\Commands\Server\rewrite.php(46): require_once('FCPATH\\index.php')
ERROR - 2023-01-02 09:00:53 --> mysqli_sql_exception: Duplicate entry '8' for key 'PRIMARY' in J:\Source Code\Doublewinspizza\vendor\codeigniter4\framework\system\Database\MySQLi\Connection.php:292
Stack trace:
#0 J:\Source Code\Doublewinspizza\vendor\codeigniter4\framework\system\Database\MySQLi\Connection.php(292): mysqli->query('UPDATE `categor...', 0)
#1 J:\Source Code\Doublewinspizza\vendor\codeigniter4\framework\system\Database\BaseConnection.php(666): CodeIgniter\Database\MySQLi\Connection->execute('UPDATE `categor...')
#2 J:\Source Code\Doublewinspizza\vendor\codeigniter4\framework\system\Database\BaseConnection.php(593): CodeIgniter\Database\BaseConnection->simpleQuery('UPDATE `categor...')
#3 J:\Source Code\Doublewinspizza\vendor\codeigniter4\framework\system\Database\BaseBuilder.php(2079): CodeIgniter\Database\BaseConnection->query('UPDATE `categor...', Array, false)
#4 J:\Source Code\Doublewinspizza\app\Models\AdminModel.php(89): CodeIgniter\Database\BaseBuilder->update(Array)
#5 J:\Source Code\Doublewinspizza\app\Controllers\AdminController\Admin.php(485): App\Models\AdminModel->updateCategory(Array)
#6 J:\Source Code\Doublewinspizza\vendor\codeigniter4\framework\system\CodeIgniter.php(927): App\Controllers\AdminController\Admin->updateData_category()
#7 J:\Source Code\Doublewinspizza\vendor\codeigniter4\framework\system\CodeIgniter.php(482): CodeIgniter\CodeIgniter->runController(Object(App\Controllers\AdminController\Admin))
#8 J:\Source Code\Doublewinspizza\vendor\codeigniter4\framework\system\CodeIgniter.php(351): CodeIgniter\CodeIgniter->handleRequest(NULL, Object(Config\Cache), false)
#9 J:\Source Code\Doublewinspizza\public\index.php(67): CodeIgniter\CodeIgniter->run()
#10 J:\Source Code\Doublewinspizza\vendor\codeigniter4\framework\system\Commands\Server\rewrite.php(46): require_once('J:\\Source Code\\...')
#11 {main}
CRITICAL - 2023-01-02 09:00:53 --> Duplicate entry '8' for key 'PRIMARY'
in SYSTEMPATH\Database\MySQLi\Connection.php on line 292.
 1 SYSTEMPATH\Database\MySQLi\Connection.php(292): mysqli->query('UPDATE `category` SET `CategoryName` = \'Cheft\', `IdCategory` = \'8\'', 0)
 2 SYSTEMPATH\Database\BaseConnection.php(666): CodeIgniter\Database\MySQLi\Connection->execute('UPDATE `category` SET `CategoryName` = \'Cheft\', `IdCategory` = \'8\'')
 3 SYSTEMPATH\Database\BaseConnection.php(593): CodeIgniter\Database\BaseConnection->simpleQuery('UPDATE `category` SET `CategoryName` = \'Cheft\', `IdCategory` = \'8\'')
 4 SYSTEMPATH\Database\BaseBuilder.php(2079): CodeIgniter\Database\BaseConnection->query('UPDATE `category` SET `CategoryName` = :CategoryName:, `IdCategory` = :IdCategory:', [...], false)
 5 APPPATH\Models\AdminModel.php(89): CodeIgniter\Database\BaseBuilder->update([...])
 6 APPPATH\Controllers\AdminController\Admin.php(485): App\Models\AdminModel->updateCategory([...])
 7 SYSTEMPATH\CodeIgniter.php(927): App\Controllers\AdminController\Admin->updateData_category()
 8 SYSTEMPATH\CodeIgniter.php(482): CodeIgniter\CodeIgniter->runController(Object(App\Controllers\AdminController\Admin))
 9 SYSTEMPATH\CodeIgniter.php(351): CodeIgniter\CodeIgniter->handleRequest(null, Object(Config\Cache), false)
10 FCPATH\index.php(67): CodeIgniter\CodeIgniter->run()
11 SYSTEMPATH\Commands\Server\rewrite.php(46): require_once('FCPATH\\index.php')
CRITICAL - 2023-01-02 09:01:03 --> Call to a member function where() on bool
in APPPATH\Models\AdminModel.php on line 90.
 1 APPPATH\Controllers\AdminController\Admin.php(485): App\Models\AdminModel->updateCategory([...])
 2 SYSTEMPATH\CodeIgniter.php(927): App\Controllers\AdminController\Admin->updateData_category()
 3 SYSTEMPATH\CodeIgniter.php(482): CodeIgniter\CodeIgniter->runController(Object(App\Controllers\AdminController\Admin))
 4 SYSTEMPATH\CodeIgniter.php(351): CodeIgniter\CodeIgniter->handleRequest(null, Object(Config\Cache), false)
 5 FCPATH\index.php(67): CodeIgniter\CodeIgniter->run()
 6 SYSTEMPATH\Commands\Server\rewrite.php(46): require_once('FCPATH\\index.php')
CRITICAL - 2023-01-02 09:01:31 --> syntax error, unexpected token "=", expecting "]"
in APPPATH\Models\AdminModel.php on line 90.
 1 SYSTEMPATH\Autoloader\Autoloader.php(259): CodeIgniter\Autoloader\Autoloader->includeFile('APPPATH\\Models\\AdminModel.php')
 2 SYSTEMPATH\Autoloader\Autoloader.php(237): CodeIgniter\Autoloader\Autoloader->loadInNamespace('App\\Models\\AdminModel')
 3 APPPATH\Controllers\AdminController\Admin.php(12): CodeIgniter\Autoloader\Autoloader->loadClass('App\\Models\\AdminModel')
 4 SYSTEMPATH\CodeIgniter.php(889): App\Controllers\AdminController\Admin->__construct()
 5 SYSTEMPATH\CodeIgniter.php(473): CodeIgniter\CodeIgniter->createController()
 6 SYSTEMPATH\CodeIgniter.php(351): CodeIgniter\CodeIgniter->handleRequest(null, Object(Config\Cache), false)
 7 FCPATH\index.php(67): CodeIgniter\CodeIgniter->run()
 8 SYSTEMPATH\Commands\Server\rewrite.php(46): require_once('FCPATH\\index.php')
CRITICAL - 2023-01-02 09:01:41 --> Call to a member function where() on bool
in APPPATH\Models\AdminModel.php on line 90.
 1 APPPATH\Controllers\AdminController\Admin.php(485): App\Models\AdminModel->updateCategory([...])
 2 SYSTEMPATH\CodeIgniter.php(927): App\Controllers\AdminController\Admin->updateData_category()
 3 SYSTEMPATH\CodeIgniter.php(482): CodeIgniter\CodeIgniter->runController(Object(App\Controllers\AdminController\Admin))
 4 SYSTEMPATH\CodeIgniter.php(351): CodeIgniter\CodeIgniter->handleRequest(null, Object(Config\Cache), false)
 5 FCPATH\index.php(67): CodeIgniter\CodeIgniter->run()
 6 SYSTEMPATH\Commands\Server\rewrite.php(46): require_once('FCPATH\\index.php')
CRITICAL - 2023-01-02 09:01:50 --> Call to a member function where() on bool
in APPPATH\Models\AdminModel.php on line 90.
 1 APPPATH\Controllers\AdminController\Admin.php(485): App\Models\AdminModel->updateCategory([...])
 2 SYSTEMPATH\CodeIgniter.php(927): App\Controllers\AdminController\Admin->updateData_category()
 3 SYSTEMPATH\CodeIgniter.php(482): CodeIgniter\CodeIgniter->runController(Object(App\Controllers\AdminController\Admin))
 4 SYSTEMPATH\CodeIgniter.php(351): CodeIgniter\CodeIgniter->handleRequest(null, Object(Config\Cache), false)
 5 FCPATH\index.php(67): CodeIgniter\CodeIgniter->run()
 6 SYSTEMPATH\Commands\Server\rewrite.php(46): require_once('FCPATH\\index.php')
CRITICAL - 2023-01-02 09:07:17 --> Too few arguments to function App\Controllers\AdminController\Admin::updateData_category(), 0 passed in J:\Source Code\Doublewinspizza\vendor\codeigniter4\framework\system\CodeIgniter.php on line 927 and exactly 1 expected
in APPPATH\Controllers\AdminController\Admin.php on line 472.
 1 SYSTEMPATH\CodeIgniter.php(927): App\Controllers\AdminController\Admin->updateData_category()
 2 SYSTEMPATH\CodeIgniter.php(482): CodeIgniter\CodeIgniter->runController(Object(App\Controllers\AdminController\Admin))
 3 SYSTEMPATH\CodeIgniter.php(351): CodeIgniter\CodeIgniter->handleRequest(null, Object(Config\Cache), false)
 4 FCPATH\index.php(67): CodeIgniter\CodeIgniter->run()
 5 SYSTEMPATH\Commands\Server\rewrite.php(46): require_once('FCPATH\\index.php')
CRITICAL - 2023-01-02 09:07:34 --> Too few arguments to function App\Controllers\AdminController\Admin::updateData_category(), 0 passed in J:\Source Code\Doublewinspizza\vendor\codeigniter4\framework\system\CodeIgniter.php on line 927 and exactly 1 expected
in APPPATH\Controllers\AdminController\Admin.php on line 472.
 1 SYSTEMPATH\CodeIgniter.php(927): App\Controllers\AdminController\Admin->updateData_category()
 2 SYSTEMPATH\CodeIgniter.php(482): CodeIgniter\CodeIgniter->runController(Object(App\Controllers\AdminController\Admin))
 3 SYSTEMPATH\CodeIgniter.php(351): CodeIgniter\CodeIgniter->handleRequest(null, Object(Config\Cache), false)
 4 FCPATH\index.php(67): CodeIgniter\CodeIgniter->run()
 5 SYSTEMPATH\Commands\Server\rewrite.php(46): require_once('FCPATH\\index.php')
CRITICAL - 2023-01-02 09:07:52 --> Too few arguments to function App\Controllers\AdminController\Admin::updateData_category(), 0 passed in J:\Source Code\Doublewinspizza\vendor\codeigniter4\framework\system\CodeIgniter.php on line 927 and exactly 1 expected
in APPPATH\Controllers\AdminController\Admin.php on line 472.
 1 SYSTEMPATH\CodeIgniter.php(927): App\Controllers\AdminController\Admin->updateData_category()
 2 SYSTEMPATH\CodeIgniter.php(482): CodeIgniter\CodeIgniter->runController(Object(App\Controllers\AdminController\Admin))
 3 SYSTEMPATH\CodeIgniter.php(351): CodeIgniter\CodeIgniter->handleRequest(null, Object(Config\Cache), false)
 4 FCPATH\index.php(67): CodeIgniter\CodeIgniter->run()
 5 SYSTEMPATH\Commands\Server\rewrite.php(46): require_once('FCPATH\\index.php')
CRITICAL - 2023-01-02 09:08:09 --> Too few arguments to function App\Controllers\AdminController\Admin::updateData_category(), 0 passed in J:\Source Code\Doublewinspizza\vendor\codeigniter4\framework\system\CodeIgniter.php on line 927 and exactly 1 expected
in APPPATH\Controllers\AdminController\Admin.php on line 472.
 1 SYSTEMPATH\CodeIgniter.php(927): App\Controllers\AdminController\Admin->updateData_category()
 2 SYSTEMPATH\CodeIgniter.php(482): CodeIgniter\CodeIgniter->runController(Object(App\Controllers\AdminController\Admin))
 3 SYSTEMPATH\CodeIgniter.php(351): CodeIgniter\CodeIgniter->handleRequest(null, Object(Config\Cache), false)
 4 FCPATH\index.php(67): CodeIgniter\CodeIgniter->run()
 5 SYSTEMPATH\Commands\Server\rewrite.php(46): require_once('FCPATH\\index.php')
CRITICAL - 2023-01-02 09:09:49 --> Call to a member function where() on bool
in APPPATH\Models\AdminModel.php on line 90.
 1 APPPATH\Controllers\AdminController\Admin.php(485): App\Models\AdminModel->updateCategory([...])
 2 SYSTEMPATH\CodeIgniter.php(927): App\Controllers\AdminController\Admin->updateData_category()
 3 SYSTEMPATH\CodeIgniter.php(482): CodeIgniter\CodeIgniter->runController(Object(App\Controllers\AdminController\Admin))
 4 SYSTEMPATH\CodeIgniter.php(351): CodeIgniter\CodeIgniter->handleRequest(null, Object(Config\Cache), false)
 5 FCPATH\index.php(67): CodeIgniter\CodeIgniter->run()
 6 SYSTEMPATH\Commands\Server\rewrite.php(46): require_once('FCPATH\\index.php')
CRITICAL - 2023-01-02 09:09:59 --> Call to a member function where() on bool
in APPPATH\Models\AdminModel.php on line 90.
 1 APPPATH\Controllers\AdminController\Admin.php(485): App\Models\AdminModel->updateCategory([...])
 2 SYSTEMPATH\CodeIgniter.php(927): App\Controllers\AdminController\Admin->updateData_category()
 3 SYSTEMPATH\CodeIgniter.php(482): CodeIgniter\CodeIgniter->runController(Object(App\Controllers\AdminController\Admin))
 4 SYSTEMPATH\CodeIgniter.php(351): CodeIgniter\CodeIgniter->handleRequest(null, Object(Config\Cache), false)
 5 FCPATH\index.php(67): CodeIgniter\CodeIgniter->run()
 6 SYSTEMPATH\Commands\Server\rewrite.php(46): require_once('FCPATH\\index.php')
ERROR - 2023-01-02 09:15:45 --> mysqli_sql_exception: Duplicate entry '1' for key 'PRIMARY' in J:\Source Code\Doublewinspizza\vendor\codeigniter4\framework\system\Database\MySQLi\Connection.php:292
Stack trace:
#0 J:\Source Code\Doublewinspizza\vendor\codeigniter4\framework\system\Database\MySQLi\Connection.php(292): mysqli->query('UPDATE `categor...', 0)
#1 J:\Source Code\Doublewinspizza\vendor\codeigniter4\framework\system\Database\BaseConnection.php(666): CodeIgniter\Database\MySQLi\Connection->execute('UPDATE `categor...')
#2 J:\Source Code\Doublewinspizza\vendor\codeigniter4\framework\system\Database\BaseConnection.php(593): CodeIgniter\Database\BaseConnection->simpleQuery('UPDATE `categor...')
#3 J:\Source Code\Doublewinspizza\vendor\codeigniter4\framework\system\Database\BaseBuilder.php(2079): CodeIgniter\Database\BaseConnection->query('UPDATE `categor...', Array, false)
#4 J:\Source Code\Doublewinspizza\app\Models\AdminModel.php(89): CodeIgniter\Database\BaseBuilder->update(Array)
#5 J:\Source Code\Doublewinspizza\app\Controllers\AdminController\Admin.php(486): App\Models\AdminModel->updateCategory(Array)
#6 J:\Source Code\Doublewinspizza\vendor\codeigniter4\framework\system\CodeIgniter.php(927): App\Controllers\AdminController\Admin->updateData_category()
#7 J:\Source Code\Doublewinspizza\vendor\codeigniter4\framework\system\CodeIgniter.php(482): CodeIgniter\CodeIgniter->runController(Object(App\Controllers\AdminController\Admin))
#8 J:\Source Code\Doublewinspizza\vendor\codeigniter4\framework\system\CodeIgniter.php(351): CodeIgniter\CodeIgniter->handleRequest(NULL, Object(Config\Cache), false)
#9 J:\Source Code\Doublewinspizza\public\index.php(67): CodeIgniter\CodeIgniter->run()
#10 J:\Source Code\Doublewinspizza\vendor\codeigniter4\framework\system\Commands\Server\rewrite.php(46): require_once('J:\\Source Code\\...')
#11 {main}
CRITICAL - 2023-01-02 09:15:45 --> Duplicate entry '1' for key 'PRIMARY'
in SYSTEMPATH\Database\MySQLi\Connection.php on line 292.
 1 SYSTEMPATH\Database\MySQLi\Connection.php(292): mysqli->query('UPDATE `category` SET `CategoryName` = \'test\', `IdCategory` = \'1\'', 0)
 2 SYSTEMPATH\Database\BaseConnection.php(666): CodeIgniter\Database\MySQLi\Connection->execute('UPDATE `category` SET `CategoryName` = \'test\', `IdCategory` = \'1\'')
 3 SYSTEMPATH\Database\BaseConnection.php(593): CodeIgniter\Database\BaseConnection->simpleQuery('UPDATE `category` SET `CategoryName` = \'test\', `IdCategory` = \'1\'')
 4 SYSTEMPATH\Database\BaseBuilder.php(2079): CodeIgniter\Database\BaseConnection->query('UPDATE `category` SET `CategoryName` = :CategoryName:, `IdCategory` = :IdCategory:', [...], false)
 5 APPPATH\Models\AdminModel.php(89): CodeIgniter\Database\BaseBuilder->update([...])
 6 APPPATH\Controllers\AdminController\Admin.php(486): App\Models\AdminModel->updateCategory([...])
 7 SYSTEMPATH\CodeIgniter.php(927): App\Controllers\AdminController\Admin->updateData_category()
 8 SYSTEMPATH\CodeIgniter.php(482): CodeIgniter\CodeIgniter->runController(Object(App\Controllers\AdminController\Admin))
 9 SYSTEMPATH\CodeIgniter.php(351): CodeIgniter\CodeIgniter->handleRequest(null, Object(Config\Cache), false)
10 FCPATH\index.php(67): CodeIgniter\CodeIgniter->run()
11 SYSTEMPATH\Commands\Server\rewrite.php(46): require_once('FCPATH\\index.php')
CRITICAL - 2023-01-02 09:17:50 --> syntax error, unexpected token "protected"
in APPPATH\Models\AdminModel.php on line 18.
 1 SYSTEMPATH\Autoloader\Autoloader.php(259): CodeIgniter\Autoloader\Autoloader->includeFile('APPPATH\\Models\\AdminModel.php')
 2 SYSTEMPATH\Autoloader\Autoloader.php(237): CodeIgniter\Autoloader\Autoloader->loadInNamespace('App\\Models\\AdminModel')
 3 APPPATH\Controllers\AdminController\Admin.php(12): CodeIgniter\Autoloader\Autoloader->loadClass('App\\Models\\AdminModel')
 4 SYSTEMPATH\CodeIgniter.php(889): App\Controllers\AdminController\Admin->__construct()
 5 SYSTEMPATH\CodeIgniter.php(473): CodeIgniter\CodeIgniter->createController()
 6 SYSTEMPATH\CodeIgniter.php(351): CodeIgniter\CodeIgniter->handleRequest(null, Object(Config\Cache), false)
 7 FCPATH\index.php(67): CodeIgniter\CodeIgniter->run()
 8 SYSTEMPATH\Commands\Server\rewrite.php(46): require_once('FCPATH\\index.php')
CRITICAL - 2023-01-02 09:18:13 --> syntax error, unexpected token "protected"
in APPPATH\Models\AdminModel.php on line 13.
 1 SYSTEMPATH\Autoloader\Autoloader.php(259): CodeIgniter\Autoloader\Autoloader->includeFile('APPPATH\\Models\\AdminModel.php')
 2 SYSTEMPATH\Autoloader\Autoloader.php(237): CodeIgniter\Autoloader\Autoloader->loadInNamespace('App\\Models\\AdminModel')
 3 APPPATH\Controllers\AdminController\Admin.php(12): CodeIgniter\Autoloader\Autoloader->loadClass('App\\Models\\AdminModel')
 4 SYSTEMPATH\CodeIgniter.php(889): App\Controllers\AdminController\Admin->__construct()
 5 SYSTEMPATH\CodeIgniter.php(473): CodeIgniter\CodeIgniter->createController()
 6 SYSTEMPATH\CodeIgniter.php(351): CodeIgniter\CodeIgniter->handleRequest(null, Object(Config\Cache), false)
 7 FCPATH\index.php(67): CodeIgniter\CodeIgniter->run()
 8 SYSTEMPATH\Commands\Server\rewrite.php(46): require_once('FCPATH\\index.php')
CRITICAL - 2023-01-02 09:26:20 --> Undefined variable $modelAdmin
in APPPATH\Controllers\AdminController\Admin.php on line 58.
 1 APPPATH\Controllers\AdminController\Admin.php(58): CodeIgniter\Debug\Exceptions->errorHandler(2, 'Undefined variable $modelAdmin', 'APPPATH\\Controllers\\AdminController\\Admin.php', 58)
 2 SYSTEMPATH\CodeIgniter.php(927): App\Controllers\AdminController\Admin->list_category()
 3 SYSTEMPATH\CodeIgniter.php(482): CodeIgniter\CodeIgniter->runController(Object(App\Controllers\AdminController\Admin))
 4 SYSTEMPATH\CodeIgniter.php(351): CodeIgniter\CodeIgniter->handleRequest(null, Object(Config\Cache), false)
 5 FCPATH\index.php(67): CodeIgniter\CodeIgniter->run()
 6 SYSTEMPATH\Commands\Server\rewrite.php(46): require_once('FCPATH\\index.php')
CRITICAL - 2023-01-02 09:31:56 --> Call to undefined method App\Models\AdminModel::updateDataCategory
in SYSTEMPATH\Model.php on line 774.
 1 APPPATH\Controllers\AdminController\Admin.php(488): CodeIgniter\Model->__call('updateDataCategory', [...])
 2 SYSTEMPATH\CodeIgniter.php(927): App\Controllers\AdminController\Admin->updateData_category()
 3 SYSTEMPATH\CodeIgniter.php(482): CodeIgniter\CodeIgniter->runController(Object(App\Controllers\AdminController\Admin))
 4 SYSTEMPATH\CodeIgniter.php(351): CodeIgniter\CodeIgniter->handleRequest(null, Object(Config\Cache), false)
 5 FCPATH\index.php(67): CodeIgniter\CodeIgniter->run()
 6 SYSTEMPATH\Commands\Server\rewrite.php(46): require_once('FCPATH\\index.php')
CRITICAL - 2023-01-02 09:32:21 --> Call to undefined method App\Models\AdminModel::updateDataCategory
in SYSTEMPATH\Model.php on line 774.
 1 APPPATH\Controllers\AdminController\Admin.php(488): CodeIgniter\Model->__call('updateDataCategory', [...])
 2 SYSTEMPATH\CodeIgniter.php(927): App\Controllers\AdminController\Admin->updateData_category()
 3 SYSTEMPATH\CodeIgniter.php(482): CodeIgniter\CodeIgniter->runController(Object(App\Controllers\AdminController\Admin))
 4 SYSTEMPATH\CodeIgniter.php(351): CodeIgniter\CodeIgniter->handleRequest(null, Object(Config\Cache), false)
 5 FCPATH\index.php(67): CodeIgniter\CodeIgniter->run()
 6 SYSTEMPATH\Commands\Server\rewrite.php(46): require_once('FCPATH\\index.php')
CRITICAL - 2023-01-02 09:32:29 --> Call to undefined method App\Models\AdminModel::updateDataCategory
in SYSTEMPATH\Model.php on line 774.
 1 APPPATH\Controllers\AdminController\Admin.php(488): CodeIgniter\Model->__call('updateDataCategory', [...])
 2 SYSTEMPATH\CodeIgniter.php(927): App\Controllers\AdminController\Admin->updateData_category()
 3 SYSTEMPATH\CodeIgniter.php(482): CodeIgniter\CodeIgniter->runController(Object(App\Controllers\AdminController\Admin))
 4 SYSTEMPATH\CodeIgniter.php(351): CodeIgniter\CodeIgniter->handleRequest(null, Object(Config\Cache), false)
 5 FCPATH\index.php(67): CodeIgniter\CodeIgniter->run()
 6 SYSTEMPATH\Commands\Server\rewrite.php(46): require_once('FCPATH\\index.php')
CRITICAL - 2023-01-02 22:40:23 --> Call to undefined method App\Models\AdminModel::saverecords_category
in SYSTEMPATH\Model.php on line 774.
 1 APPPATH\Controllers\AdminController\Admin.php(371): CodeIgniter\Model->__call('saverecords_category', [...])
 2 SYSTEMPATH\CodeIgniter.php(927): App\Controllers\AdminController\Admin->savedata_category()
 3 SYSTEMPATH\CodeIgniter.php(482): CodeIgniter\CodeIgniter->runController(Object(App\Controllers\AdminController\Admin))
 4 SYSTEMPATH\CodeIgniter.php(351): CodeIgniter\CodeIgniter->handleRequest(null, Object(Config\Cache), false)
 5 FCPATH\index.php(67): CodeIgniter\CodeIgniter->run()
 6 SYSTEMPATH\Commands\Server\rewrite.php(46): require_once('FCPATH\\index.php')
CRITICAL - 2023-01-02 10:52:09 --> Call to undefined method App\Models\AdminModel::retrive_list_menu
in SYSTEMPATH\Model.php on line 774.
 1 APPPATH\Controllers\AdminController\Admin.php(57): CodeIgniter\Model->__call('retrive_list_menu', [])
 2 SYSTEMPATH\CodeIgniter.php(927): App\Controllers\AdminController\Admin->list_menu()
 3 SYSTEMPATH\CodeIgniter.php(482): CodeIgniter\CodeIgniter->runController(Object(App\Controllers\AdminController\Admin))
 4 SYSTEMPATH\CodeIgniter.php(351): CodeIgniter\CodeIgniter->handleRequest(null, Object(Config\Cache), false)
 5 FCPATH\index.php(67): CodeIgniter\CodeIgniter->run()
 6 SYSTEMPATH\Commands\Server\rewrite.php(46): require_once('FCPATH\\index.php')
CRITICAL - 2023-01-02 20:02:49 --> Class "App\Controllers\AdminController\AdminModelCategory" not found
in APPPATH\Controllers\AdminController\Admin.php on line 14.
 1 SYSTEMPATH\CodeIgniter.php(889): App\Controllers\AdminController\Admin->__construct()
 2 SYSTEMPATH\CodeIgniter.php(473): CodeIgniter\CodeIgniter->createController()
 3 SYSTEMPATH\CodeIgniter.php(351): CodeIgniter\CodeIgniter->handleRequest(null, Object(Config\Cache), false)
 4 FCPATH\index.php(67): CodeIgniter\CodeIgniter->run()
 5 SYSTEMPATH\Commands\Server\rewrite.php(46): require_once('FCPATH\\index.php')
CRITICAL - 2023-01-02 20:02:50 --> Class "App\Controllers\AdminController\AdminModelCategory" not found
in APPPATH\Controllers\AdminController\Admin.php on line 14.
 1 SYSTEMPATH\CodeIgniter.php(889): App\Controllers\AdminController\Admin->__construct()
 2 SYSTEMPATH\CodeIgniter.php(473): CodeIgniter\CodeIgniter->createController()
 3 SYSTEMPATH\CodeIgniter.php(351): CodeIgniter\CodeIgniter->handleRequest(null, Object(Config\Cache), false)
 4 FCPATH\index.php(67): CodeIgniter\CodeIgniter->run()
 5 SYSTEMPATH\Commands\Server\rewrite.php(46): require_once('FCPATH\\index.php')
