CRITICAL - 2022-12-18 08:01:12 --> Trying to access array offset on value of type null
in APPPATH\Controllers\AdminController\Admin.php on line 213.
 1 APPPATH\Controllers\AdminController\Admin.php(213): CodeIgniter\Debug\Exceptions->errorHandler(2, 'Trying to access array offset on value of type null', 'APPPATH\\Controllers\\AdminController\\Admin.php', 213)
 2 SYSTEMPATH\CodeIgniter.php(927): App\Controllers\AdminController\Admin->reset_password()
 3 SYSTEMPATH\CodeIgniter.php(482): CodeIgniter\CodeIgniter->runController(Object(App\Controllers\AdminController\Admin))
 4 SYSTEMPATH\CodeIgniter.php(351): CodeIgniter\CodeIgniter->handleRequest(null, Object(Config\Cache), false)
 5 FCPATH\index.php(67): CodeIgniter\CodeIgniter->run()
 6 SYSTEMPATH\Commands\Server\rewrite.php(46): require_once('FCPATH\\index.php')
CRITICAL - 2022-12-18 08:02:19 --> Trying to access array offset on value of type null
in APPPATH\Controllers\AdminController\Admin.php on line 213.
 1 APPPATH\Controllers\AdminController\Admin.php(213): CodeIgniter\Debug\Exceptions->errorHandler(2, 'Trying to access array offset on value of type null', 'APPPATH\\Controllers\\AdminController\\Admin.php', 213)
 2 SYSTEMPATH\CodeIgniter.php(927): App\Controllers\AdminController\Admin->reset_password()
 3 SYSTEMPATH\CodeIgniter.php(482): CodeIgniter\CodeIgniter->runController(Object(App\Controllers\AdminController\Admin))
 4 SYSTEMPATH\CodeIgniter.php(351): CodeIgniter\CodeIgniter->handleRequest(null, Object(Config\Cache), false)
 5 FCPATH\index.php(67): CodeIgniter\CodeIgniter->run()
 6 SYSTEMPATH\Commands\Server\rewrite.php(46): require_once('FCPATH\\index.php')
CRITICAL - 2022-12-18 08:05:32 --> Too few arguments to function App\Controllers\AdminController\Admin::reset_password(), 0 passed in J:\Source Code\CloneProject\vendor\codeigniter4\framework\system\CodeIgniter.php on line 927 and exactly 1 expected
in APPPATH\Controllers\AdminController\Admin.php on line 205.
 1 SYSTEMPATH\CodeIgniter.php(927): App\Controllers\AdminController\Admin->reset_password()
 2 SYSTEMPATH\CodeIgniter.php(482): CodeIgniter\CodeIgniter->runController(Object(App\Controllers\AdminController\Admin))
 3 SYSTEMPATH\CodeIgniter.php(351): CodeIgniter\CodeIgniter->handleRequest(null, Object(Config\Cache), false)
 4 FCPATH\index.php(67): CodeIgniter\CodeIgniter->run()
 5 SYSTEMPATH\Commands\Server\rewrite.php(46): require_once('FCPATH\\index.php')
CRITICAL - 2022-12-18 08:05:40 --> Trying to access array offset on value of type null
in APPPATH\Controllers\AdminController\Admin.php on line 213.
 1 APPPATH\Controllers\AdminController\Admin.php(213): CodeIgniter\Debug\Exceptions->errorHandler(2, 'Trying to access array offset on value of type null', 'APPPATH\\Controllers\\AdminController\\Admin.php', 213)
 2 SYSTEMPATH\CodeIgniter.php(927): App\Controllers\AdminController\Admin->reset_password()
 3 SYSTEMPATH\CodeIgniter.php(482): CodeIgniter\CodeIgniter->runController(Object(App\Controllers\AdminController\Admin))
 4 SYSTEMPATH\CodeIgniter.php(351): CodeIgniter\CodeIgniter->handleRequest(null, Object(Config\Cache), false)
 5 FCPATH\index.php(67): CodeIgniter\CodeIgniter->run()
 6 SYSTEMPATH\Commands\Server\rewrite.php(46): require_once('FCPATH\\index.php')
CRITICAL - 2022-12-18 08:14:02 --> syntax error, unexpected single-quoted string "matches", expecting "]"
in APPPATH\Controllers\AdminController\Admin.php on line 252.
 1 SYSTEMPATH\Autoloader\Autoloader.php(259): CodeIgniter\Autoloader\Autoloader->includeFile('APPPATH\\Controllers\\AdminController\\Admin.php')
 2 SYSTEMPATH\Autoloader\Autoloader.php(237): CodeIgniter\Autoloader\Autoloader->loadInNamespace('App\\Controllers\\AdminController\\Admin')
 3 [internal function]: CodeIgniter\Autoloader\Autoloader->loadClass('App\\Controllers\\AdminController\\Admin')
 4 SYSTEMPATH\CodeIgniter.php(877): class_exists('\\App\\Controllers\\AdminController\\Admin', true)
 5 SYSTEMPATH\CodeIgniter.php(469): CodeIgniter\CodeIgniter->startController()
 6 SYSTEMPATH\CodeIgniter.php(351): CodeIgniter\CodeIgniter->handleRequest(null, Object(Config\Cache), false)
 7 FCPATH\index.php(67): CodeIgniter\CodeIgniter->run()
 8 SYSTEMPATH\Commands\Server\rewrite.php(46): require_once('FCPATH\\index.php')
CRITICAL - 2022-12-18 08:14:24 --> Trying to access array offset on value of type null
in APPPATH\Controllers\AdminController\Admin.php on line 213.
 1 APPPATH\Controllers\AdminController\Admin.php(213): CodeIgniter\Debug\Exceptions->errorHandler(2, 'Trying to access array offset on value of type null', 'APPPATH\\Controllers\\AdminController\\Admin.php', 213)
 2 SYSTEMPATH\CodeIgniter.php(927): App\Controllers\AdminController\Admin->reset_password()
 3 SYSTEMPATH\CodeIgniter.php(482): CodeIgniter\CodeIgniter->runController(Object(App\Controllers\AdminController\Admin))
 4 SYSTEMPATH\CodeIgniter.php(351): CodeIgniter\CodeIgniter->handleRequest(null, Object(Config\Cache), false)
 5 FCPATH\index.php(67): CodeIgniter\CodeIgniter->run()
 6 SYSTEMPATH\Commands\Server\rewrite.php(46): require_once('FCPATH\\index.php')
CRITICAL - 2022-12-18 08:14:33 --> Trying to access array offset on value of type null
in APPPATH\Controllers\AdminController\Admin.php on line 213.
 1 APPPATH\Controllers\AdminController\Admin.php(213): CodeIgniter\Debug\Exceptions->errorHandler(2, 'Trying to access array offset on value of type null', 'APPPATH\\Controllers\\AdminController\\Admin.php', 213)
 2 SYSTEMPATH\CodeIgniter.php(927): App\Controllers\AdminController\Admin->reset_password()
 3 SYSTEMPATH\CodeIgniter.php(482): CodeIgniter\CodeIgniter->runController(Object(App\Controllers\AdminController\Admin))
 4 SYSTEMPATH\CodeIgniter.php(351): CodeIgniter\CodeIgniter->handleRequest(null, Object(Config\Cache), false)
 5 FCPATH\index.php(67): CodeIgniter\CodeIgniter->run()
 6 SYSTEMPATH\Commands\Server\rewrite.php(46): require_once('FCPATH\\index.php')
CRITICAL - 2022-12-18 08:45:00 --> syntax error, unexpected token "function", expecting ")"
in APPPATH\Config\Routes.php on line 43.
 1 SYSTEMPATH\CodeIgniter.php(430): CodeIgniter\CodeIgniter->tryToRouteIt(null)
 2 SYSTEMPATH\CodeIgniter.php(351): CodeIgniter\CodeIgniter->handleRequest(null, Object(Config\Cache), false)
 3 FCPATH\index.php(67): CodeIgniter\CodeIgniter->run()
 4 SYSTEMPATH\Commands\Server\rewrite.php(46): require_once('FCPATH\\index.php')
CRITICAL - 2022-12-18 08:47:08 --> Undefined constant "App\Filters\session"
in APPPATH\Filters\AuthFilter.php on line 13.
 1 SYSTEMPATH\Filters\Filters.php(173): App\Filters\AuthFilter->before(Object(CodeIgniter\HTTP\IncomingRequest), null)
 2 SYSTEMPATH\CodeIgniter.php(455): CodeIgniter\Filters\Filters->run('admin/success', 'before')
 3 SYSTEMPATH\CodeIgniter.php(351): CodeIgniter\CodeIgniter->handleRequest(null, Object(Config\Cache), false)
 4 FCPATH\index.php(67): CodeIgniter\CodeIgniter->run()
 5 SYSTEMPATH\Commands\Server\rewrite.php(46): require_once('FCPATH\\index.php')
CRITICAL - 2022-12-18 09:03:39 --> syntax error, unexpected token "}", expecting ";"
in APPPATH\Controllers\AdminController\Admin.php on line 285.
 1 SYSTEMPATH\Autoloader\Autoloader.php(259): CodeIgniter\Autoloader\Autoloader->includeFile('APPPATH\\Controllers\\AdminController\\Admin.php')
 2 SYSTEMPATH\Autoloader\Autoloader.php(237): CodeIgniter\Autoloader\Autoloader->loadInNamespace('App\\Controllers\\AdminController\\Admin')
 3 [internal function]: CodeIgniter\Autoloader\Autoloader->loadClass('App\\Controllers\\AdminController\\Admin')
 4 SYSTEMPATH\CodeIgniter.php(877): class_exists('\\App\\Controllers\\AdminController\\Admin', true)
 5 SYSTEMPATH\CodeIgniter.php(469): CodeIgniter\CodeIgniter->startController()
 6 SYSTEMPATH\CodeIgniter.php(351): CodeIgniter\CodeIgniter->handleRequest(null, Object(Config\Cache), false)
 7 FCPATH\index.php(67): CodeIgniter\CodeIgniter->run()
 8 SYSTEMPATH\Commands\Server\rewrite.php(46): require_once('FCPATH\\index.php')
CRITICAL - 2022-12-18 09:24:56 --> Undefined property: stdClass::$menu
in APPPATH\Views\v_admin\v_a_insert_menu.php on line 103.
 1 APPPATH\Views\v_admin\v_a_insert_menu.php(103): CodeIgniter\Debug\Exceptions->errorHandler(2, 'Undefined property: stdClass::$menu', 'APPPATH\\Views\\v_admin\\v_a_insert_menu.php', 103)
 2 SYSTEMPATH\View\View.php(213): include('APPPATH\\Views\\v_admin\\v_a_insert_menu.php')
 3 SYSTEMPATH\View\View.php(216): CodeIgniter\View\View->CodeIgniter\View\{closure}()
 4 SYSTEMPATH\Common.php(1134): CodeIgniter\View\View->render('v_admin/v_a_insert_menu', [], true)
 5 APPPATH\Controllers\AdminController\Admin.php(35): view('v_admin/v_a_insert_menu', [...])
 6 SYSTEMPATH\CodeIgniter.php(927): App\Controllers\AdminController\Admin->create_menu()
 7 SYSTEMPATH\CodeIgniter.php(482): CodeIgniter\CodeIgniter->runController(Object(App\Controllers\AdminController\Admin))
 8 SYSTEMPATH\CodeIgniter.php(351): CodeIgniter\CodeIgniter->handleRequest(null, Object(Config\Cache), false)
 9 FCPATH\index.php(67): CodeIgniter\CodeIgniter->run()
10 SYSTEMPATH\Commands\Server\rewrite.php(46): require_once('FCPATH\\index.php')
CRITICAL - 2022-12-18 09:25:13 --> Undefined constant "menu"
in APPPATH\Views\v_admin\v_a_insert_menu.php on line 103.
 1 SYSTEMPATH\View\View.php(213): include()
 2 SYSTEMPATH\View\View.php(216): CodeIgniter\View\View->CodeIgniter\View\{closure}()
 3 SYSTEMPATH\Common.php(1134): CodeIgniter\View\View->render('v_admin/v_a_insert_menu', [], true)
 4 APPPATH\Controllers\AdminController\Admin.php(35): view('v_admin/v_a_insert_menu', [...])
 5 SYSTEMPATH\CodeIgniter.php(927): App\Controllers\AdminController\Admin->create_menu()
 6 SYSTEMPATH\CodeIgniter.php(482): CodeIgniter\CodeIgniter->runController(Object(App\Controllers\AdminController\Admin))
 7 SYSTEMPATH\CodeIgniter.php(351): CodeIgniter\CodeIgniter->handleRequest(null, Object(Config\Cache), false)
 8 FCPATH\index.php(67): CodeIgniter\CodeIgniter->run()
 9 SYSTEMPATH\Commands\Server\rewrite.php(46): require_once('FCPATH\\index.php')
CRITICAL - 2022-12-18 09:25:13 --> Undefined constant "menu"
in APPPATH\Views\v_admin\v_a_insert_menu.php on line 103.
 1 SYSTEMPATH\View\View.php(213): include()
 2 SYSTEMPATH\View\View.php(216): CodeIgniter\View\View->CodeIgniter\View\{closure}()
 3 SYSTEMPATH\Common.php(1134): CodeIgniter\View\View->render('v_admin/v_a_insert_menu', [], true)
 4 APPPATH\Controllers\AdminController\Admin.php(35): view('v_admin/v_a_insert_menu', [...])
 5 SYSTEMPATH\CodeIgniter.php(927): App\Controllers\AdminController\Admin->create_menu()
 6 SYSTEMPATH\CodeIgniter.php(482): CodeIgniter\CodeIgniter->runController(Object(App\Controllers\AdminController\Admin))
 7 SYSTEMPATH\CodeIgniter.php(351): CodeIgniter\CodeIgniter->handleRequest(null, Object(Config\Cache), false)
 8 FCPATH\index.php(67): CodeIgniter\CodeIgniter->run()
 9 SYSTEMPATH\Commands\Server\rewrite.php(46): require_once('FCPATH\\index.php')
CRITICAL - 2022-12-18 09:25:20 --> Undefined property: stdClass::$menuCreatedBy
in APPPATH\Views\v_admin\v_a_insert_menu.php on line 103.
 1 APPPATH\Views\v_admin\v_a_insert_menu.php(103): CodeIgniter\Debug\Exceptions->errorHandler(2, 'Undefined property: stdClass::$menuCreatedBy', 'APPPATH\\Views\\v_admin\\v_a_insert_menu.php', 103)
 2 SYSTEMPATH\View\View.php(213): include('APPPATH\\Views\\v_admin\\v_a_insert_menu.php')
 3 SYSTEMPATH\View\View.php(216): CodeIgniter\View\View->CodeIgniter\View\{closure}()
 4 SYSTEMPATH\Common.php(1134): CodeIgniter\View\View->render('v_admin/v_a_insert_menu', [], true)
 5 APPPATH\Controllers\AdminController\Admin.php(35): view('v_admin/v_a_insert_menu', [...])
 6 SYSTEMPATH\CodeIgniter.php(927): App\Controllers\AdminController\Admin->create_menu()
 7 SYSTEMPATH\CodeIgniter.php(482): CodeIgniter\CodeIgniter->runController(Object(App\Controllers\AdminController\Admin))
 8 SYSTEMPATH\CodeIgniter.php(351): CodeIgniter\CodeIgniter->handleRequest(null, Object(Config\Cache), false)
 9 FCPATH\index.php(67): CodeIgniter\CodeIgniter->run()
10 SYSTEMPATH\Commands\Server\rewrite.php(46): require_once('FCPATH\\index.php')
CRITICAL - 2022-12-18 09:25:24 --> Undefined property: stdClass::$menu
in APPPATH\Views\v_admin\v_a_insert_menu.php on line 103.
 1 APPPATH\Views\v_admin\v_a_insert_menu.php(103): CodeIgniter\Debug\Exceptions->errorHandler(2, 'Undefined property: stdClass::$menu', 'APPPATH\\Views\\v_admin\\v_a_insert_menu.php', 103)
 2 SYSTEMPATH\View\View.php(213): include('APPPATH\\Views\\v_admin\\v_a_insert_menu.php')
 3 SYSTEMPATH\View\View.php(216): CodeIgniter\View\View->CodeIgniter\View\{closure}()
 4 SYSTEMPATH\Common.php(1134): CodeIgniter\View\View->render('v_admin/v_a_insert_menu', [], true)
 5 APPPATH\Controllers\AdminController\Admin.php(35): view('v_admin/v_a_insert_menu', [...])
 6 SYSTEMPATH\CodeIgniter.php(927): App\Controllers\AdminController\Admin->create_menu()
 7 SYSTEMPATH\CodeIgniter.php(482): CodeIgniter\CodeIgniter->runController(Object(App\Controllers\AdminController\Admin))
 8 SYSTEMPATH\CodeIgniter.php(351): CodeIgniter\CodeIgniter->handleRequest(null, Object(Config\Cache), false)
 9 FCPATH\index.php(67): CodeIgniter\CodeIgniter->run()
10 SYSTEMPATH\Commands\Server\rewrite.php(46): require_once('FCPATH\\index.php')
CRITICAL - 2022-12-18 09:27:18 --> Call to undefined method stdClass::CategoryName()
in APPPATH\Views\v_admin\v_a_insert_menu.php on line 97.
 1 SYSTEMPATH\View\View.php(213): include()
 2 SYSTEMPATH\View\View.php(216): CodeIgniter\View\View->CodeIgniter\View\{closure}()
 3 SYSTEMPATH\Common.php(1134): CodeIgniter\View\View->render('v_admin/v_a_insert_menu', [], true)
 4 APPPATH\Controllers\AdminController\Admin.php(35): view('v_admin/v_a_insert_menu', [...])
 5 SYSTEMPATH\CodeIgniter.php(927): App\Controllers\AdminController\Admin->create_menu()
 6 SYSTEMPATH\CodeIgniter.php(482): CodeIgniter\CodeIgniter->runController(Object(App\Controllers\AdminController\Admin))
 7 SYSTEMPATH\CodeIgniter.php(351): CodeIgniter\CodeIgniter->handleRequest(null, Object(Config\Cache), false)
 8 FCPATH\index.php(67): CodeIgniter\CodeIgniter->run()
 9 SYSTEMPATH\Commands\Server\rewrite.php(46): require_once('FCPATH\\index.php')
CRITICAL - 2022-12-18 09:27:28 --> Call to undefined method stdClass::CategoryName()
in APPPATH\Views\v_admin\v_a_insert_menu.php on line 97.
 1 SYSTEMPATH\View\View.php(213): include()
 2 SYSTEMPATH\View\View.php(216): CodeIgniter\View\View->CodeIgniter\View\{closure}()
 3 SYSTEMPATH\Common.php(1134): CodeIgniter\View\View->render('v_admin/v_a_insert_menu', [], true)
 4 APPPATH\Controllers\AdminController\Admin.php(35): view('v_admin/v_a_insert_menu', [...])
 5 SYSTEMPATH\CodeIgniter.php(927): App\Controllers\AdminController\Admin->create_menu()
 6 SYSTEMPATH\CodeIgniter.php(482): CodeIgniter\CodeIgniter->runController(Object(App\Controllers\AdminController\Admin))
 7 SYSTEMPATH\CodeIgniter.php(351): CodeIgniter\CodeIgniter->handleRequest(null, Object(Config\Cache), false)
 8 FCPATH\index.php(67): CodeIgniter\CodeIgniter->run()
 9 SYSTEMPATH\Commands\Server\rewrite.php(46): require_once('FCPATH\\index.php')
CRITICAL - 2022-12-18 09:27:43 --> Object of type stdClass is not callable
in APPPATH\Views\v_admin\v_a_insert_menu.php on line 97.
 1 SYSTEMPATH\View\View.php(213): include()
 2 SYSTEMPATH\View\View.php(216): CodeIgniter\View\View->CodeIgniter\View\{closure}()
 3 SYSTEMPATH\Common.php(1134): CodeIgniter\View\View->render('v_admin/v_a_insert_menu', [], true)
 4 APPPATH\Controllers\AdminController\Admin.php(35): view('v_admin/v_a_insert_menu', [...])
 5 SYSTEMPATH\CodeIgniter.php(927): App\Controllers\AdminController\Admin->create_menu()
 6 SYSTEMPATH\CodeIgniter.php(482): CodeIgniter\CodeIgniter->runController(Object(App\Controllers\AdminController\Admin))
 7 SYSTEMPATH\CodeIgniter.php(351): CodeIgniter\CodeIgniter->handleRequest(null, Object(Config\Cache), false)
 8 FCPATH\index.php(67): CodeIgniter\CodeIgniter->run()
 9 SYSTEMPATH\Commands\Server\rewrite.php(46): require_once('FCPATH\\index.php')
CRITICAL - 2022-12-18 09:27:50 --> Object of type stdClass is not callable
in APPPATH\Views\v_admin\v_a_insert_menu.php on line 97.
 1 SYSTEMPATH\View\View.php(213): include()
 2 SYSTEMPATH\View\View.php(216): CodeIgniter\View\View->CodeIgniter\View\{closure}()
 3 SYSTEMPATH\Common.php(1134): CodeIgniter\View\View->render('v_admin/v_a_insert_menu', [], true)
 4 APPPATH\Controllers\AdminController\Admin.php(35): view('v_admin/v_a_insert_menu', [...])
 5 SYSTEMPATH\CodeIgniter.php(927): App\Controllers\AdminController\Admin->create_menu()
 6 SYSTEMPATH\CodeIgniter.php(482): CodeIgniter\CodeIgniter->runController(Object(App\Controllers\AdminController\Admin))
 7 SYSTEMPATH\CodeIgniter.php(351): CodeIgniter\CodeIgniter->handleRequest(null, Object(Config\Cache), false)
 8 FCPATH\index.php(67): CodeIgniter\CodeIgniter->run()
 9 SYSTEMPATH\Commands\Server\rewrite.php(46): require_once('FCPATH\\index.php')
CRITICAL - 2022-12-18 09:28:13 --> Object of type stdClass is not callable
in APPPATH\Views\v_admin\v_a_insert_menu.php on line 97.
 1 SYSTEMPATH\View\View.php(213): include()
 2 SYSTEMPATH\View\View.php(216): CodeIgniter\View\View->CodeIgniter\View\{closure}()
 3 SYSTEMPATH\Common.php(1134): CodeIgniter\View\View->render('v_admin/v_a_insert_menu', [], true)
 4 APPPATH\Controllers\AdminController\Admin.php(35): view('v_admin/v_a_insert_menu', [...])
 5 SYSTEMPATH\CodeIgniter.php(927): App\Controllers\AdminController\Admin->create_menu()
 6 SYSTEMPATH\CodeIgniter.php(482): CodeIgniter\CodeIgniter->runController(Object(App\Controllers\AdminController\Admin))
 7 SYSTEMPATH\CodeIgniter.php(351): CodeIgniter\CodeIgniter->handleRequest(null, Object(Config\Cache), false)
 8 FCPATH\index.php(67): CodeIgniter\CodeIgniter->run()
 9 SYSTEMPATH\Commands\Server\rewrite.php(46): require_once('FCPATH\\index.php')
CRITICAL - 2022-12-18 09:28:17 --> Object of type stdClass is not callable
in APPPATH\Views\v_admin\v_a_insert_menu.php on line 97.
 1 SYSTEMPATH\View\View.php(213): include()
 2 SYSTEMPATH\View\View.php(216): CodeIgniter\View\View->CodeIgniter\View\{closure}()
 3 SYSTEMPATH\Common.php(1134): CodeIgniter\View\View->render('v_admin/v_a_insert_menu', [], true)
 4 APPPATH\Controllers\AdminController\Admin.php(35): view('v_admin/v_a_insert_menu', [...])
 5 SYSTEMPATH\CodeIgniter.php(927): App\Controllers\AdminController\Admin->create_menu()
 6 SYSTEMPATH\CodeIgniter.php(482): CodeIgniter\CodeIgniter->runController(Object(App\Controllers\AdminController\Admin))
 7 SYSTEMPATH\CodeIgniter.php(351): CodeIgniter\CodeIgniter->handleRequest(null, Object(Config\Cache), false)
 8 FCPATH\index.php(67): CodeIgniter\CodeIgniter->run()
 9 SYSTEMPATH\Commands\Server\rewrite.php(46): require_once('FCPATH\\index.php')
CRITICAL - 2022-12-18 09:28:31 --> Object of type stdClass is not callable
in APPPATH\Views\v_admin\v_a_insert_menu.php on line 103.
 1 SYSTEMPATH\View\View.php(213): include()
 2 SYSTEMPATH\View\View.php(216): CodeIgniter\View\View->CodeIgniter\View\{closure}()
 3 SYSTEMPATH\Common.php(1134): CodeIgniter\View\View->render('v_admin/v_a_insert_menu', [], true)
 4 APPPATH\Controllers\AdminController\Admin.php(35): view('v_admin/v_a_insert_menu', [...])
 5 SYSTEMPATH\CodeIgniter.php(927): App\Controllers\AdminController\Admin->create_menu()
 6 SYSTEMPATH\CodeIgniter.php(482): CodeIgniter\CodeIgniter->runController(Object(App\Controllers\AdminController\Admin))
 7 SYSTEMPATH\CodeIgniter.php(351): CodeIgniter\CodeIgniter->handleRequest(null, Object(Config\Cache), false)
 8 FCPATH\index.php(67): CodeIgniter\CodeIgniter->run()
 9 SYSTEMPATH\Commands\Server\rewrite.php(46): require_once('FCPATH\\index.php')
CRITICAL - 2022-12-18 09:28:45 --> syntax error, unexpected identifier "where", expecting "->" or "?->" or "{" or "["
in APPPATH\Views\v_admin\v_a_insert_menu.php on line 89.
 1 SYSTEMPATH\View\View.php(216): CodeIgniter\View\View->CodeIgniter\View\{closure}()
 2 SYSTEMPATH\Common.php(1134): CodeIgniter\View\View->render('v_admin/v_a_insert_menu', [], true)
 3 APPPATH\Controllers\AdminController\Admin.php(35): view('v_admin/v_a_insert_menu', [...])
 4 SYSTEMPATH\CodeIgniter.php(927): App\Controllers\AdminController\Admin->create_menu()
 5 SYSTEMPATH\CodeIgniter.php(482): CodeIgniter\CodeIgniter->runController(Object(App\Controllers\AdminController\Admin))
 6 SYSTEMPATH\CodeIgniter.php(351): CodeIgniter\CodeIgniter->handleRequest(null, Object(Config\Cache), false)
 7 FCPATH\index.php(67): CodeIgniter\CodeIgniter->run()
 8 SYSTEMPATH\Commands\Server\rewrite.php(46): require_once('FCPATH\\index.php')
CRITICAL - 2022-12-18 09:29:13 --> Undefined property: stdClass::$menu
in APPPATH\Views\v_admin\v_a_insert_menu.php on line 101.
 1 APPPATH\Views\v_admin\v_a_insert_menu.php(101): CodeIgniter\Debug\Exceptions->errorHandler(2, 'Undefined property: stdClass::$menu', 'APPPATH\\Views\\v_admin\\v_a_insert_menu.php', 101)
 2 SYSTEMPATH\View\View.php(213): include('APPPATH\\Views\\v_admin\\v_a_insert_menu.php')
 3 SYSTEMPATH\View\View.php(216): CodeIgniter\View\View->CodeIgniter\View\{closure}()
 4 SYSTEMPATH\Common.php(1134): CodeIgniter\View\View->render('v_admin/v_a_insert_menu', [], true)
 5 APPPATH\Controllers\AdminController\Admin.php(35): view('v_admin/v_a_insert_menu', [...])
 6 SYSTEMPATH\CodeIgniter.php(927): App\Controllers\AdminController\Admin->create_menu()
 7 SYSTEMPATH\CodeIgniter.php(482): CodeIgniter\CodeIgniter->runController(Object(App\Controllers\AdminController\Admin))
 8 SYSTEMPATH\CodeIgniter.php(351): CodeIgniter\CodeIgniter->handleRequest(null, Object(Config\Cache), false)
 9 FCPATH\index.php(67): CodeIgniter\CodeIgniter->run()
10 SYSTEMPATH\Commands\Server\rewrite.php(46): require_once('FCPATH\\index.php')
CRITICAL - 2022-12-18 09:30:14 --> Call to undefined method stdClass::menu()
in APPPATH\Views\v_admin\v_a_insert_menu.php on line 103.
 1 SYSTEMPATH\View\View.php(213): include()
 2 SYSTEMPATH\View\View.php(216): CodeIgniter\View\View->CodeIgniter\View\{closure}()
 3 SYSTEMPATH\Common.php(1134): CodeIgniter\View\View->render('v_admin/v_a_insert_menu', [], true)
 4 APPPATH\Controllers\AdminController\Admin.php(35): view('v_admin/v_a_insert_menu', [...])
 5 SYSTEMPATH\CodeIgniter.php(927): App\Controllers\AdminController\Admin->create_menu()
 6 SYSTEMPATH\CodeIgniter.php(482): CodeIgniter\CodeIgniter->runController(Object(App\Controllers\AdminController\Admin))
 7 SYSTEMPATH\CodeIgniter.php(351): CodeIgniter\CodeIgniter->handleRequest(null, Object(Config\Cache), false)
 8 FCPATH\index.php(67): CodeIgniter\CodeIgniter->run()
 9 SYSTEMPATH\Commands\Server\rewrite.php(46): require_once('FCPATH\\index.php')
CRITICAL - 2022-12-18 09:30:26 --> Undefined property: stdClass::$menu
in APPPATH\Views\v_admin\v_a_insert_menu.php on line 103.
 1 APPPATH\Views\v_admin\v_a_insert_menu.php(103): CodeIgniter\Debug\Exceptions->errorHandler(2, 'Undefined property: stdClass::$menu', 'APPPATH\\Views\\v_admin\\v_a_insert_menu.php', 103)
 2 SYSTEMPATH\View\View.php(213): include('APPPATH\\Views\\v_admin\\v_a_insert_menu.php')
 3 SYSTEMPATH\View\View.php(216): CodeIgniter\View\View->CodeIgniter\View\{closure}()
 4 SYSTEMPATH\Common.php(1134): CodeIgniter\View\View->render('v_admin/v_a_insert_menu', [], true)
 5 APPPATH\Controllers\AdminController\Admin.php(35): view('v_admin/v_a_insert_menu', [...])
 6 SYSTEMPATH\CodeIgniter.php(927): App\Controllers\AdminController\Admin->create_menu()
 7 SYSTEMPATH\CodeIgniter.php(482): CodeIgniter\CodeIgniter->runController(Object(App\Controllers\AdminController\Admin))
 8 SYSTEMPATH\CodeIgniter.php(351): CodeIgniter\CodeIgniter->handleRequest(null, Object(Config\Cache), false)
 9 FCPATH\index.php(67): CodeIgniter\CodeIgniter->run()
10 SYSTEMPATH\Commands\Server\rewrite.php(46): require_once('FCPATH\\index.php')
CRITICAL - 2022-12-18 09:30:35 --> Undefined constant "menu"
in APPPATH\Views\v_admin\v_a_insert_menu.php on line 103.
 1 SYSTEMPATH\View\View.php(213): include()
 2 SYSTEMPATH\View\View.php(216): CodeIgniter\View\View->CodeIgniter\View\{closure}()
 3 SYSTEMPATH\Common.php(1134): CodeIgniter\View\View->render('v_admin/v_a_insert_menu', [], true)
 4 APPPATH\Controllers\AdminController\Admin.php(35): view('v_admin/v_a_insert_menu', [...])
 5 SYSTEMPATH\CodeIgniter.php(927): App\Controllers\AdminController\Admin->create_menu()
 6 SYSTEMPATH\CodeIgniter.php(482): CodeIgniter\CodeIgniter->runController(Object(App\Controllers\AdminController\Admin))
 7 SYSTEMPATH\CodeIgniter.php(351): CodeIgniter\CodeIgniter->handleRequest(null, Object(Config\Cache), false)
 8 FCPATH\index.php(67): CodeIgniter\CodeIgniter->run()
 9 SYSTEMPATH\Commands\Server\rewrite.php(46): require_once('FCPATH\\index.php')
CRITICAL - 2022-12-18 09:34:46 --> syntax error, unexpected identifier "where", expecting "->" or "?->" or "{" or "["
in APPPATH\Views\v_admin\v_a_insert_menu.php on line 89.
 1 SYSTEMPATH\View\View.php(216): CodeIgniter\View\View->CodeIgniter\View\{closure}()
 2 SYSTEMPATH\Common.php(1134): CodeIgniter\View\View->render('v_admin/v_a_insert_menu', [], true)
 3 APPPATH\Controllers\AdminController\Admin.php(35): view('v_admin/v_a_insert_menu', [...])
 4 SYSTEMPATH\CodeIgniter.php(927): App\Controllers\AdminController\Admin->create_menu()
 5 SYSTEMPATH\CodeIgniter.php(482): CodeIgniter\CodeIgniter->runController(Object(App\Controllers\AdminController\Admin))
 6 SYSTEMPATH\CodeIgniter.php(351): CodeIgniter\CodeIgniter->handleRequest(null, Object(Config\Cache), false)
 7 FCPATH\index.php(67): CodeIgniter\CodeIgniter->run()
 8 SYSTEMPATH\Commands\Server\rewrite.php(46): require_once('FCPATH\\index.php')
ERROR - 2022-12-18 09:37:46 --> mysqli_sql_exception: You have an error in your SQL syntax; check the manual that corresponds to your MariaDB server version for the right syntax to use near 'OUTER JOIN `category` ON `menu`.`IdCategory` = `category`.`IdCategory`
ORDER ...' at line 3 in J:\Source Code\CloneProject\vendor\codeigniter4\framework\system\Database\MySQLi\Connection.php:292
Stack trace:
#0 J:\Source Code\CloneProject\vendor\codeigniter4\framework\system\Database\MySQLi\Connection.php(292): mysqli->query('SELECT *\nFROM `...', 0)
#1 J:\Source Code\CloneProject\vendor\codeigniter4\framework\system\Database\BaseConnection.php(666): CodeIgniter\Database\MySQLi\Connection->execute('SELECT *\nFROM `...')
#2 J:\Source Code\CloneProject\vendor\codeigniter4\framework\system\Database\BaseConnection.php(593): CodeIgniter\Database\BaseConnection->simpleQuery('SELECT *\nFROM `...')
#3 J:\Source Code\CloneProject\vendor\codeigniter4\framework\system\Database\BaseBuilder.php(1585): CodeIgniter\Database\BaseConnection->query('SELECT *\nFROM `...', Array, false)
#4 J:\Source Code\CloneProject\app\Models\AdminModel.php(73): CodeIgniter\Database\BaseBuilder->get()
#5 J:\Source Code\CloneProject\app\Controllers\AdminController\Admin.php(34): App\Models\AdminModel->retrive_list_menu()
#6 J:\Source Code\CloneProject\vendor\codeigniter4\framework\system\CodeIgniter.php(927): App\Controllers\AdminController\Admin->create_menu()
#7 J:\Source Code\CloneProject\vendor\codeigniter4\framework\system\CodeIgniter.php(482): CodeIgniter\CodeIgniter->runController(Object(App\Controllers\AdminController\Admin))
#8 J:\Source Code\CloneProject\vendor\codeigniter4\framework\system\CodeIgniter.php(351): CodeIgniter\CodeIgniter->handleRequest(NULL, Object(Config\Cache), false)
#9 J:\Source Code\CloneProject\public\index.php(67): CodeIgniter\CodeIgniter->run()
#10 J:\Source Code\CloneProject\vendor\codeigniter4\framework\system\Commands\Server\rewrite.php(46): require_once('J:\\Source Code\\...')
#11 {main}
CRITICAL - 2022-12-18 09:37:46 --> You have an error in your SQL syntax; check the manual that corresponds to your MariaDB server version for the right syntax to use near 'OUTER JOIN `category` ON `menu`.`IdCategory` = `category`.`IdCategory`
ORDER ...' at line 3
in SYSTEMPATH\Database\MySQLi\Connection.php on line 292.
 1 SYSTEMPATH\Database\MySQLi\Connection.php(292): mysqli->query('SELECT *
FROM `menu`
OUTER JOIN `category` ON `menu`.`IdCategory` = `category`.`IdCategory`
ORDER BY `menu`.`CreatedDate` ASC', 0)
 2 SYSTEMPATH\Database\BaseConnection.php(666): CodeIgniter\Database\MySQLi\Connection->execute('SELECT *
FROM `menu`
OUTER JOIN `category` ON `menu`.`IdCategory` = `category`.`IdCategory`
ORDER BY `menu`.`CreatedDate` ASC')
 3 SYSTEMPATH\Database\BaseConnection.php(593): CodeIgniter\Database\BaseConnection->simpleQuery('SELECT *
FROM `menu`
OUTER JOIN `category` ON `menu`.`IdCategory` = `category`.`IdCategory`
ORDER BY `menu`.`CreatedDate` ASC')
 4 SYSTEMPATH\Database\BaseBuilder.php(1585): CodeIgniter\Database\BaseConnection->query('SELECT *
FROM `menu`
OUTER JOIN `category` ON `menu`.`IdCategory` = `category`.`IdCategory`
ORDER BY `menu`.`CreatedDate` ASC', [], false)
 5 APPPATH\Models\AdminModel.php(73): CodeIgniter\Database\BaseBuilder->get()
 6 APPPATH\Controllers\AdminController\Admin.php(34): App\Models\AdminModel->retrive_list_menu()
 7 SYSTEMPATH\CodeIgniter.php(927): App\Controllers\AdminController\Admin->create_menu()
 8 SYSTEMPATH\CodeIgniter.php(482): CodeIgniter\CodeIgniter->runController(Object(App\Controllers\AdminController\Admin))
 9 SYSTEMPATH\CodeIgniter.php(351): CodeIgniter\CodeIgniter->handleRequest(null, Object(Config\Cache), false)
10 FCPATH\index.php(67): CodeIgniter\CodeIgniter->run()
11 SYSTEMPATH\Commands\Server\rewrite.php(46): require_once('FCPATH\\index.php')
ERROR - 2022-12-18 09:38:20 --> mysqli_sql_exception: You have an error in your SQL syntax; check the manual that corresponds to your MariaDB server version for the right syntax to use near 'OUTER JOIN `category` ON `menu`.`IdCategory` = `category`.`IdCategory`
ORDER ...' at line 3 in J:\Source Code\CloneProject\vendor\codeigniter4\framework\system\Database\MySQLi\Connection.php:292
Stack trace:
#0 J:\Source Code\CloneProject\vendor\codeigniter4\framework\system\Database\MySQLi\Connection.php(292): mysqli->query('SELECT *\nFROM `...', 0)
#1 J:\Source Code\CloneProject\vendor\codeigniter4\framework\system\Database\BaseConnection.php(666): CodeIgniter\Database\MySQLi\Connection->execute('SELECT *\nFROM `...')
#2 J:\Source Code\CloneProject\vendor\codeigniter4\framework\system\Database\BaseConnection.php(593): CodeIgniter\Database\BaseConnection->simpleQuery('SELECT *\nFROM `...')
#3 J:\Source Code\CloneProject\vendor\codeigniter4\framework\system\Database\BaseBuilder.php(1585): CodeIgniter\Database\BaseConnection->query('SELECT *\nFROM `...', Array, false)
#4 J:\Source Code\CloneProject\app\Models\AdminModel.php(73): CodeIgniter\Database\BaseBuilder->get()
#5 J:\Source Code\CloneProject\app\Controllers\AdminController\Admin.php(34): App\Models\AdminModel->retrive_list_menu()
#6 J:\Source Code\CloneProject\vendor\codeigniter4\framework\system\CodeIgniter.php(927): App\Controllers\AdminController\Admin->create_menu()
#7 J:\Source Code\CloneProject\vendor\codeigniter4\framework\system\CodeIgniter.php(482): CodeIgniter\CodeIgniter->runController(Object(App\Controllers\AdminController\Admin))
#8 J:\Source Code\CloneProject\vendor\codeigniter4\framework\system\CodeIgniter.php(351): CodeIgniter\CodeIgniter->handleRequest(NULL, Object(Config\Cache), false)
#9 J:\Source Code\CloneProject\public\index.php(67): CodeIgniter\CodeIgniter->run()
#10 J:\Source Code\CloneProject\vendor\codeigniter4\framework\system\Commands\Server\rewrite.php(46): require_once('J:\\Source Code\\...')
#11 {main}
CRITICAL - 2022-12-18 09:38:20 --> You have an error in your SQL syntax; check the manual that corresponds to your MariaDB server version for the right syntax to use near 'OUTER JOIN `category` ON `menu`.`IdCategory` = `category`.`IdCategory`
ORDER ...' at line 3
in SYSTEMPATH\Database\MySQLi\Connection.php on line 292.
 1 SYSTEMPATH\Database\MySQLi\Connection.php(292): mysqli->query('SELECT *
FROM `menu`
OUTER JOIN `category` ON `menu`.`IdCategory` = `category`.`IdCategory`
ORDER BY `menu`.`CreatedDate` ASC', 0)
 2 SYSTEMPATH\Database\BaseConnection.php(666): CodeIgniter\Database\MySQLi\Connection->execute('SELECT *
FROM `menu`
OUTER JOIN `category` ON `menu`.`IdCategory` = `category`.`IdCategory`
ORDER BY `menu`.`CreatedDate` ASC')
 3 SYSTEMPATH\Database\BaseConnection.php(593): CodeIgniter\Database\BaseConnection->simpleQuery('SELECT *
FROM `menu`
OUTER JOIN `category` ON `menu`.`IdCategory` = `category`.`IdCategory`
ORDER BY `menu`.`CreatedDate` ASC')
 4 SYSTEMPATH\Database\BaseBuilder.php(1585): CodeIgniter\Database\BaseConnection->query('SELECT *
FROM `menu`
OUTER JOIN `category` ON `menu`.`IdCategory` = `category`.`IdCategory`
ORDER BY `menu`.`CreatedDate` ASC', [], false)
 5 APPPATH\Models\AdminModel.php(73): CodeIgniter\Database\BaseBuilder->get()
 6 APPPATH\Controllers\AdminController\Admin.php(34): App\Models\AdminModel->retrive_list_menu()
 7 SYSTEMPATH\CodeIgniter.php(927): App\Controllers\AdminController\Admin->create_menu()
 8 SYSTEMPATH\CodeIgniter.php(482): CodeIgniter\CodeIgniter->runController(Object(App\Controllers\AdminController\Admin))
 9 SYSTEMPATH\CodeIgniter.php(351): CodeIgniter\CodeIgniter->handleRequest(null, Object(Config\Cache), false)
10 FCPATH\index.php(67): CodeIgniter\CodeIgniter->run()
11 SYSTEMPATH\Commands\Server\rewrite.php(46): require_once('FCPATH\\index.php')
CRITICAL - 2022-12-18 09:44:39 --> Attempt to read property "CreatedBy" on array
in APPPATH\Views\v_admin\v_a_insert_menu.php on line 104.
 1 APPPATH\Views\v_admin\v_a_insert_menu.php(104): CodeIgniter\Debug\Exceptions->errorHandler(2, 'Attempt to read property "CreatedBy" on array', 'APPPATH\\Views\\v_admin\\v_a_insert_menu.php', 104)
 2 SYSTEMPATH\View\View.php(213): include('APPPATH\\Views\\v_admin\\v_a_insert_menu.php')
 3 SYSTEMPATH\View\View.php(216): CodeIgniter\View\View->CodeIgniter\View\{closure}()
 4 SYSTEMPATH\Common.php(1134): CodeIgniter\View\View->render('v_admin/v_a_insert_menu', [], true)
 5 APPPATH\Controllers\AdminController\Admin.php(36): view('v_admin/v_a_insert_menu', [...])
 6 SYSTEMPATH\CodeIgniter.php(927): App\Controllers\AdminController\Admin->create_menu()
 7 SYSTEMPATH\CodeIgniter.php(482): CodeIgniter\CodeIgniter->runController(Object(App\Controllers\AdminController\Admin))
 8 SYSTEMPATH\CodeIgniter.php(351): CodeIgniter\CodeIgniter->handleRequest(null, Object(Config\Cache), false)
 9 FCPATH\index.php(67): CodeIgniter\CodeIgniter->run()
10 SYSTEMPATH\Commands\Server\rewrite.php(46): require_once('FCPATH\\index.php')
CRITICAL - 2022-12-18 09:45:16 --> syntax error, unexpected token "as"
in APPPATH\Views\v_admin\v_a_insert_menu.php on line 92.
 1 SYSTEMPATH\View\View.php(216): CodeIgniter\View\View->CodeIgniter\View\{closure}()
 2 SYSTEMPATH\Common.php(1134): CodeIgniter\View\View->render('v_admin/v_a_insert_menu', [], true)
 3 APPPATH\Controllers\AdminController\Admin.php(36): view('v_admin/v_a_insert_menu', [...])
 4 SYSTEMPATH\CodeIgniter.php(927): App\Controllers\AdminController\Admin->create_menu()
 5 SYSTEMPATH\CodeIgniter.php(482): CodeIgniter\CodeIgniter->runController(Object(App\Controllers\AdminController\Admin))
 6 SYSTEMPATH\CodeIgniter.php(351): CodeIgniter\CodeIgniter->handleRequest(null, Object(Config\Cache), false)
 7 FCPATH\index.php(67): CodeIgniter\CodeIgniter->run()
 8 SYSTEMPATH\Commands\Server\rewrite.php(46): require_once('FCPATH\\index.php')
CRITICAL - 2022-12-18 09:46:10 --> foreach() argument must be of type array|object, bool given
in APPPATH\Views\v_admin\v_a_insert_menu.php on line 89.
 1 APPPATH\Views\v_admin\v_a_insert_menu.php(89): CodeIgniter\Debug\Exceptions->errorHandler(2, 'foreach() argument must be of type array|object, bool given', 'APPPATH\\Views\\v_admin\\v_a_insert_menu.php', 89)
 2 SYSTEMPATH\View\View.php(213): include('APPPATH\\Views\\v_admin\\v_a_insert_menu.php')
 3 SYSTEMPATH\View\View.php(216): CodeIgniter\View\View->CodeIgniter\View\{closure}()
 4 SYSTEMPATH\Common.php(1134): CodeIgniter\View\View->render('v_admin/v_a_insert_menu', [], true)
 5 APPPATH\Controllers\AdminController\Admin.php(36): view('v_admin/v_a_insert_menu', [...])
 6 SYSTEMPATH\CodeIgniter.php(927): App\Controllers\AdminController\Admin->create_menu()
 7 SYSTEMPATH\CodeIgniter.php(482): CodeIgniter\CodeIgniter->runController(Object(App\Controllers\AdminController\Admin))
 8 SYSTEMPATH\CodeIgniter.php(351): CodeIgniter\CodeIgniter->handleRequest(null, Object(Config\Cache), false)
 9 FCPATH\index.php(67): CodeIgniter\CodeIgniter->run()
10 SYSTEMPATH\Commands\Server\rewrite.php(46): require_once('FCPATH\\index.php')
CRITICAL - 2022-12-18 09:46:15 --> Undefined variable $row_user
in APPPATH\Views\v_admin\v_a_insert_menu.php on line 105.
 1 APPPATH\Views\v_admin\v_a_insert_menu.php(105): CodeIgniter\Debug\Exceptions->errorHandler(2, 'Undefined variable $row_user', 'APPPATH\\Views\\v_admin\\v_a_insert_menu.php', 105)
 2 SYSTEMPATH\View\View.php(213): include('APPPATH\\Views\\v_admin\\v_a_insert_menu.php')
 3 SYSTEMPATH\View\View.php(216): CodeIgniter\View\View->CodeIgniter\View\{closure}()
 4 SYSTEMPATH\Common.php(1134): CodeIgniter\View\View->render('v_admin/v_a_insert_menu', [], true)
 5 APPPATH\Controllers\AdminController\Admin.php(36): view('v_admin/v_a_insert_menu', [...])
 6 SYSTEMPATH\CodeIgniter.php(927): App\Controllers\AdminController\Admin->create_menu()
 7 SYSTEMPATH\CodeIgniter.php(482): CodeIgniter\CodeIgniter->runController(Object(App\Controllers\AdminController\Admin))
 8 SYSTEMPATH\CodeIgniter.php(351): CodeIgniter\CodeIgniter->handleRequest(null, Object(Config\Cache), false)
 9 FCPATH\index.php(67): CodeIgniter\CodeIgniter->run()
10 SYSTEMPATH\Commands\Server\rewrite.php(46): require_once('FCPATH\\index.php')
CRITICAL - 2022-12-18 09:46:42 --> syntax error, unexpected single-quoted string "CreatedDate", expecting "," or ";"
in APPPATH\Views\v_admin\v_a_insert_menu.php on line 103.
 1 SYSTEMPATH\View\View.php(216): CodeIgniter\View\View->CodeIgniter\View\{closure}()
 2 SYSTEMPATH\Common.php(1134): CodeIgniter\View\View->render('v_admin/v_a_insert_menu', [], true)
 3 APPPATH\Controllers\AdminController\Admin.php(36): view('v_admin/v_a_insert_menu', [...])
 4 SYSTEMPATH\CodeIgniter.php(927): App\Controllers\AdminController\Admin->create_menu()
 5 SYSTEMPATH\CodeIgniter.php(482): CodeIgniter\CodeIgniter->runController(Object(App\Controllers\AdminController\Admin))
 6 SYSTEMPATH\CodeIgniter.php(351): CodeIgniter\CodeIgniter->handleRequest(null, Object(Config\Cache), false)
 7 FCPATH\index.php(67): CodeIgniter\CodeIgniter->run()
 8 SYSTEMPATH\Commands\Server\rewrite.php(46): require_once('FCPATH\\index.php')
CRITICAL - 2022-12-18 09:46:51 --> Undefined property: stdClass::$menu
in APPPATH\Views\v_admin\v_a_insert_menu.php on line 103.
 1 APPPATH\Views\v_admin\v_a_insert_menu.php(103): CodeIgniter\Debug\Exceptions->errorHandler(2, 'Undefined property: stdClass::$menu', 'APPPATH\\Views\\v_admin\\v_a_insert_menu.php', 103)
 2 SYSTEMPATH\View\View.php(213): include('APPPATH\\Views\\v_admin\\v_a_insert_menu.php')
 3 SYSTEMPATH\View\View.php(216): CodeIgniter\View\View->CodeIgniter\View\{closure}()
 4 SYSTEMPATH\Common.php(1134): CodeIgniter\View\View->render('v_admin/v_a_insert_menu', [], true)
 5 APPPATH\Controllers\AdminController\Admin.php(36): view('v_admin/v_a_insert_menu', [...])
 6 SYSTEMPATH\CodeIgniter.php(927): App\Controllers\AdminController\Admin->create_menu()
 7 SYSTEMPATH\CodeIgniter.php(482): CodeIgniter\CodeIgniter->runController(Object(App\Controllers\AdminController\Admin))
 8 SYSTEMPATH\CodeIgniter.php(351): CodeIgniter\CodeIgniter->handleRequest(null, Object(Config\Cache), false)
 9 FCPATH\index.php(67): CodeIgniter\CodeIgniter->run()
10 SYSTEMPATH\Commands\Server\rewrite.php(46): require_once('FCPATH\\index.php')
CRITICAL - 2022-12-18 09:46:54 --> syntax error, unexpected single-quoted string "CreatedDate", expecting "," or ";"
in APPPATH\Views\v_admin\v_a_insert_menu.php on line 103.
 1 SYSTEMPATH\View\View.php(216): CodeIgniter\View\View->CodeIgniter\View\{closure}()
 2 SYSTEMPATH\Common.php(1134): CodeIgniter\View\View->render('v_admin/v_a_insert_menu', [], true)
 3 APPPATH\Controllers\AdminController\Admin.php(36): view('v_admin/v_a_insert_menu', [...])
 4 SYSTEMPATH\CodeIgniter.php(927): App\Controllers\AdminController\Admin->create_menu()
 5 SYSTEMPATH\CodeIgniter.php(482): CodeIgniter\CodeIgniter->runController(Object(App\Controllers\AdminController\Admin))
 6 SYSTEMPATH\CodeIgniter.php(351): CodeIgniter\CodeIgniter->handleRequest(null, Object(Config\Cache), false)
 7 FCPATH\index.php(67): CodeIgniter\CodeIgniter->run()
 8 SYSTEMPATH\Commands\Server\rewrite.php(46): require_once('FCPATH\\index.php')
CRITICAL - 2022-12-18 09:47:16 --> syntax error, unexpected single-quoted string "CreatedDate", expecting "," or ";"
in APPPATH\Views\v_admin\v_a_insert_menu.php on line 103.
 1 SYSTEMPATH\View\View.php(216): CodeIgniter\View\View->CodeIgniter\View\{closure}()
 2 SYSTEMPATH\Common.php(1134): CodeIgniter\View\View->render('v_admin/v_a_insert_menu', [], true)
 3 APPPATH\Controllers\AdminController\Admin.php(36): view('v_admin/v_a_insert_menu', [...])
 4 SYSTEMPATH\CodeIgniter.php(927): App\Controllers\AdminController\Admin->create_menu()
 5 SYSTEMPATH\CodeIgniter.php(482): CodeIgniter\CodeIgniter->runController(Object(App\Controllers\AdminController\Admin))
 6 SYSTEMPATH\CodeIgniter.php(351): CodeIgniter\CodeIgniter->handleRequest(null, Object(Config\Cache), false)
 7 FCPATH\index.php(67): CodeIgniter\CodeIgniter->run()
 8 SYSTEMPATH\Commands\Server\rewrite.php(46): require_once('FCPATH\\index.php')
CRITICAL - 2022-12-18 09:47:19 --> syntax error, unexpected single-quoted string "CreatedDate", expecting "," or ";"
in APPPATH\Views\v_admin\v_a_insert_menu.php on line 103.
 1 SYSTEMPATH\View\View.php(216): CodeIgniter\View\View->CodeIgniter\View\{closure}()
 2 SYSTEMPATH\Common.php(1134): CodeIgniter\View\View->render('v_admin/v_a_insert_menu', [], true)
 3 APPPATH\Controllers\AdminController\Admin.php(36): view('v_admin/v_a_insert_menu', [...])
 4 SYSTEMPATH\CodeIgniter.php(927): App\Controllers\AdminController\Admin->create_menu()
 5 SYSTEMPATH\CodeIgniter.php(482): CodeIgniter\CodeIgniter->runController(Object(App\Controllers\AdminController\Admin))
 6 SYSTEMPATH\CodeIgniter.php(351): CodeIgniter\CodeIgniter->handleRequest(null, Object(Config\Cache), false)
 7 FCPATH\index.php(67): CodeIgniter\CodeIgniter->run()
 8 SYSTEMPATH\Commands\Server\rewrite.php(46): require_once('FCPATH\\index.php')
CRITICAL - 2022-12-18 09:47:27 --> Undefined property: stdClass::$menu
in APPPATH\Views\v_admin\v_a_insert_menu.php on line 103.
 1 APPPATH\Views\v_admin\v_a_insert_menu.php(103): CodeIgniter\Debug\Exceptions->errorHandler(2, 'Undefined property: stdClass::$menu', 'APPPATH\\Views\\v_admin\\v_a_insert_menu.php', 103)
 2 SYSTEMPATH\View\View.php(213): include('APPPATH\\Views\\v_admin\\v_a_insert_menu.php')
 3 SYSTEMPATH\View\View.php(216): CodeIgniter\View\View->CodeIgniter\View\{closure}()
 4 SYSTEMPATH\Common.php(1134): CodeIgniter\View\View->render('v_admin/v_a_insert_menu', [], true)
 5 APPPATH\Controllers\AdminController\Admin.php(36): view('v_admin/v_a_insert_menu', [...])
 6 SYSTEMPATH\CodeIgniter.php(927): App\Controllers\AdminController\Admin->create_menu()
 7 SYSTEMPATH\CodeIgniter.php(482): CodeIgniter\CodeIgniter->runController(Object(App\Controllers\AdminController\Admin))
 8 SYSTEMPATH\CodeIgniter.php(351): CodeIgniter\CodeIgniter->handleRequest(null, Object(Config\Cache), false)
 9 FCPATH\index.php(67): CodeIgniter\CodeIgniter->run()
10 SYSTEMPATH\Commands\Server\rewrite.php(46): require_once('FCPATH\\index.php')
CRITICAL - 2022-12-18 09:47:43 --> Undefined property: stdClass::$menuCreatedDate
in APPPATH\Views\v_admin\v_a_insert_menu.php on line 103.
 1 APPPATH\Views\v_admin\v_a_insert_menu.php(103): CodeIgniter\Debug\Exceptions->errorHandler(2, 'Undefined property: stdClass::$menuCreatedDate', 'APPPATH\\Views\\v_admin\\v_a_insert_menu.php', 103)
 2 SYSTEMPATH\View\View.php(213): include('APPPATH\\Views\\v_admin\\v_a_insert_menu.php')
 3 SYSTEMPATH\View\View.php(216): CodeIgniter\View\View->CodeIgniter\View\{closure}()
 4 SYSTEMPATH\Common.php(1134): CodeIgniter\View\View->render('v_admin/v_a_insert_menu', [], true)
 5 APPPATH\Controllers\AdminController\Admin.php(36): view('v_admin/v_a_insert_menu', [...])
 6 SYSTEMPATH\CodeIgniter.php(927): App\Controllers\AdminController\Admin->create_menu()
 7 SYSTEMPATH\CodeIgniter.php(482): CodeIgniter\CodeIgniter->runController(Object(App\Controllers\AdminController\Admin))
 8 SYSTEMPATH\CodeIgniter.php(351): CodeIgniter\CodeIgniter->handleRequest(null, Object(Config\Cache), false)
 9 FCPATH\index.php(67): CodeIgniter\CodeIgniter->run()
10 SYSTEMPATH\Commands\Server\rewrite.php(46): require_once('FCPATH\\index.php')
CRITICAL - 2022-12-18 09:47:52 --> syntax error, unexpected double-quoted string "CreatedDate", expecting "," or ";"
in APPPATH\Views\v_admin\v_a_insert_menu.php on line 103.
 1 SYSTEMPATH\View\View.php(216): CodeIgniter\View\View->CodeIgniter\View\{closure}()
 2 SYSTEMPATH\Common.php(1134): CodeIgniter\View\View->render('v_admin/v_a_insert_menu', [], true)
 3 APPPATH\Controllers\AdminController\Admin.php(36): view('v_admin/v_a_insert_menu', [...])
 4 SYSTEMPATH\CodeIgniter.php(927): App\Controllers\AdminController\Admin->create_menu()
 5 SYSTEMPATH\CodeIgniter.php(482): CodeIgniter\CodeIgniter->runController(Object(App\Controllers\AdminController\Admin))
 6 SYSTEMPATH\CodeIgniter.php(351): CodeIgniter\CodeIgniter->handleRequest(null, Object(Config\Cache), false)
 7 FCPATH\index.php(67): CodeIgniter\CodeIgniter->run()
 8 SYSTEMPATH\Commands\Server\rewrite.php(46): require_once('FCPATH\\index.php')
CRITICAL - 2022-12-18 09:48:01 --> Undefined property: stdClass::$menu
in APPPATH\Views\v_admin\v_a_insert_menu.php on line 103.
 1 APPPATH\Views\v_admin\v_a_insert_menu.php(103): CodeIgniter\Debug\Exceptions->errorHandler(2, 'Undefined property: stdClass::$menu', 'APPPATH\\Views\\v_admin\\v_a_insert_menu.php', 103)
 2 SYSTEMPATH\View\View.php(213): include('APPPATH\\Views\\v_admin\\v_a_insert_menu.php')
 3 SYSTEMPATH\View\View.php(216): CodeIgniter\View\View->CodeIgniter\View\{closure}()
 4 SYSTEMPATH\Common.php(1134): CodeIgniter\View\View->render('v_admin/v_a_insert_menu', [], true)
 5 APPPATH\Controllers\AdminController\Admin.php(36): view('v_admin/v_a_insert_menu', [...])
 6 SYSTEMPATH\CodeIgniter.php(927): App\Controllers\AdminController\Admin->create_menu()
 7 SYSTEMPATH\CodeIgniter.php(482): CodeIgniter\CodeIgniter->runController(Object(App\Controllers\AdminController\Admin))
 8 SYSTEMPATH\CodeIgniter.php(351): CodeIgniter\CodeIgniter->handleRequest(null, Object(Config\Cache), false)
 9 FCPATH\index.php(67): CodeIgniter\CodeIgniter->run()
10 SYSTEMPATH\Commands\Server\rewrite.php(46): require_once('FCPATH\\index.php')
CRITICAL - 2022-12-18 09:48:13 --> Cannot access offset of type string on string
in APPPATH\Views\v_admin\v_a_insert_menu.php on line 103.
 1 SYSTEMPATH\View\View.php(213): include()
 2 SYSTEMPATH\View\View.php(216): CodeIgniter\View\View->CodeIgniter\View\{closure}()
 3 SYSTEMPATH\Common.php(1134): CodeIgniter\View\View->render('v_admin/v_a_insert_menu', [], true)
 4 APPPATH\Controllers\AdminController\Admin.php(36): view('v_admin/v_a_insert_menu', [...])
 5 SYSTEMPATH\CodeIgniter.php(927): App\Controllers\AdminController\Admin->create_menu()
 6 SYSTEMPATH\CodeIgniter.php(482): CodeIgniter\CodeIgniter->runController(Object(App\Controllers\AdminController\Admin))
 7 SYSTEMPATH\CodeIgniter.php(351): CodeIgniter\CodeIgniter->handleRequest(null, Object(Config\Cache), false)
 8 FCPATH\index.php(67): CodeIgniter\CodeIgniter->run()
 9 SYSTEMPATH\Commands\Server\rewrite.php(46): require_once('FCPATH\\index.php')
CRITICAL - 2022-12-18 09:48:24 --> Undefined constant "menu"
in APPPATH\Views\v_admin\v_a_insert_menu.php on line 103.
 1 SYSTEMPATH\View\View.php(213): include()
 2 SYSTEMPATH\View\View.php(216): CodeIgniter\View\View->CodeIgniter\View\{closure}()
 3 SYSTEMPATH\Common.php(1134): CodeIgniter\View\View->render('v_admin/v_a_insert_menu', [], true)
 4 APPPATH\Controllers\AdminController\Admin.php(36): view('v_admin/v_a_insert_menu', [...])
 5 SYSTEMPATH\CodeIgniter.php(927): App\Controllers\AdminController\Admin->create_menu()
 6 SYSTEMPATH\CodeIgniter.php(482): CodeIgniter\CodeIgniter->runController(Object(App\Controllers\AdminController\Admin))
 7 SYSTEMPATH\CodeIgniter.php(351): CodeIgniter\CodeIgniter->handleRequest(null, Object(Config\Cache), false)
 8 FCPATH\index.php(67): CodeIgniter\CodeIgniter->run()
 9 SYSTEMPATH\Commands\Server\rewrite.php(46): require_once('FCPATH\\index.php')
CRITICAL - 2022-12-18 09:48:30 --> Call to undefined method stdClass::CreatedDate()
in APPPATH\Views\v_admin\v_a_insert_menu.php on line 103.
 1 SYSTEMPATH\View\View.php(213): include()
 2 SYSTEMPATH\View\View.php(216): CodeIgniter\View\View->CodeIgniter\View\{closure}()
 3 SYSTEMPATH\Common.php(1134): CodeIgniter\View\View->render('v_admin/v_a_insert_menu', [], true)
 4 APPPATH\Controllers\AdminController\Admin.php(36): view('v_admin/v_a_insert_menu', [...])
 5 SYSTEMPATH\CodeIgniter.php(927): App\Controllers\AdminController\Admin->create_menu()
 6 SYSTEMPATH\CodeIgniter.php(482): CodeIgniter\CodeIgniter->runController(Object(App\Controllers\AdminController\Admin))
 7 SYSTEMPATH\CodeIgniter.php(351): CodeIgniter\CodeIgniter->handleRequest(null, Object(Config\Cache), false)
 8 FCPATH\index.php(67): CodeIgniter\CodeIgniter->run()
 9 SYSTEMPATH\Commands\Server\rewrite.php(46): require_once('FCPATH\\index.php')
CRITICAL - 2022-12-18 09:48:38 --> Cannot use [] for reading
in APPPATH\Views\v_admin\v_a_insert_menu.php on line 103.
 1 [internal function]: CodeIgniter\Debug\Exceptions->shutdownHandler()
CRITICAL - 2022-12-18 09:48:45 --> Cannot access offset of type string on string
in APPPATH\Views\v_admin\v_a_insert_menu.php on line 103.
 1 SYSTEMPATH\View\View.php(213): include()
 2 SYSTEMPATH\View\View.php(216): CodeIgniter\View\View->CodeIgniter\View\{closure}()
 3 SYSTEMPATH\Common.php(1134): CodeIgniter\View\View->render('v_admin/v_a_insert_menu', [], true)
 4 APPPATH\Controllers\AdminController\Admin.php(36): view('v_admin/v_a_insert_menu', [...])
 5 SYSTEMPATH\CodeIgniter.php(927): App\Controllers\AdminController\Admin->create_menu()
 6 SYSTEMPATH\CodeIgniter.php(482): CodeIgniter\CodeIgniter->runController(Object(App\Controllers\AdminController\Admin))
 7 SYSTEMPATH\CodeIgniter.php(351): CodeIgniter\CodeIgniter->handleRequest(null, Object(Config\Cache), false)
 8 FCPATH\index.php(67): CodeIgniter\CodeIgniter->run()
 9 SYSTEMPATH\Commands\Server\rewrite.php(46): require_once('FCPATH\\index.php')
CRITICAL - 2022-12-18 09:48:49 --> Cannot access offset of type string on string
in APPPATH\Views\v_admin\v_a_insert_menu.php on line 103.
 1 SYSTEMPATH\View\View.php(213): include()
 2 SYSTEMPATH\View\View.php(216): CodeIgniter\View\View->CodeIgniter\View\{closure}()
 3 SYSTEMPATH\Common.php(1134): CodeIgniter\View\View->render('v_admin/v_a_insert_menu', [], true)
 4 APPPATH\Controllers\AdminController\Admin.php(36): view('v_admin/v_a_insert_menu', [...])
 5 SYSTEMPATH\CodeIgniter.php(927): App\Controllers\AdminController\Admin->create_menu()
 6 SYSTEMPATH\CodeIgniter.php(482): CodeIgniter\CodeIgniter->runController(Object(App\Controllers\AdminController\Admin))
 7 SYSTEMPATH\CodeIgniter.php(351): CodeIgniter\CodeIgniter->handleRequest(null, Object(Config\Cache), false)
 8 FCPATH\index.php(67): CodeIgniter\CodeIgniter->run()
 9 SYSTEMPATH\Commands\Server\rewrite.php(46): require_once('FCPATH\\index.php')
CRITICAL - 2022-12-18 09:50:55 --> Undefined variable $row_user
in APPPATH\Views\v_admin\v_a_insert_menu.php on line 105.
 1 APPPATH\Views\v_admin\v_a_insert_menu.php(105): CodeIgniter\Debug\Exceptions->errorHandler(2, 'Undefined variable $row_user', 'APPPATH\\Views\\v_admin\\v_a_insert_menu.php', 105)
 2 SYSTEMPATH\View\View.php(213): include('APPPATH\\Views\\v_admin\\v_a_insert_menu.php')
 3 SYSTEMPATH\View\View.php(216): CodeIgniter\View\View->CodeIgniter\View\{closure}()
 4 SYSTEMPATH\Common.php(1134): CodeIgniter\View\View->render('v_admin/v_a_insert_menu', [], true)
 5 APPPATH\Controllers\AdminController\Admin.php(36): view('v_admin/v_a_insert_menu', [...])
 6 SYSTEMPATH\CodeIgniter.php(927): App\Controllers\AdminController\Admin->create_menu()
 7 SYSTEMPATH\CodeIgniter.php(482): CodeIgniter\CodeIgniter->runController(Object(App\Controllers\AdminController\Admin))
 8 SYSTEMPATH\CodeIgniter.php(351): CodeIgniter\CodeIgniter->handleRequest(null, Object(Config\Cache), false)
 9 FCPATH\index.php(67): CodeIgniter\CodeIgniter->run()
10 SYSTEMPATH\Commands\Server\rewrite.php(46): require_once('FCPATH\\index.php')
CRITICAL - 2022-12-18 10:01:00 --> Undefined property: CodeIgniter\View\View::$db
in APPPATH\Views\v_admin\v_a_insert_menu.php on line 105.
 1 APPPATH\Views\v_admin\v_a_insert_menu.php(105): CodeIgniter\Debug\Exceptions->errorHandler(2, 'Undefined property: CodeIgniter\\View\\View::$db', 'APPPATH\\Views\\v_admin\\v_a_insert_menu.php', 105)
 2 SYSTEMPATH\View\View.php(213): include('APPPATH\\Views\\v_admin\\v_a_insert_menu.php')
 3 SYSTEMPATH\View\View.php(216): CodeIgniter\View\View->CodeIgniter\View\{closure}()
 4 SYSTEMPATH\Common.php(1134): CodeIgniter\View\View->render('v_admin/v_a_insert_menu', [], true)
 5 APPPATH\Controllers\AdminController\Admin.php(36): view('v_admin/v_a_insert_menu', [...])
 6 SYSTEMPATH\CodeIgniter.php(927): App\Controllers\AdminController\Admin->create_menu()
 7 SYSTEMPATH\CodeIgniter.php(482): CodeIgniter\CodeIgniter->runController(Object(App\Controllers\AdminController\Admin))
 8 SYSTEMPATH\CodeIgniter.php(351): CodeIgniter\CodeIgniter->handleRequest(null, Object(Config\Cache), false)
 9 FCPATH\index.php(67): CodeIgniter\CodeIgniter->run()
10 SYSTEMPATH\Commands\Server\rewrite.php(46): require_once('FCPATH\\index.php')
CRITICAL - 2022-12-18 10:28:45 --> Cannot use object of type stdClass as array
in APPPATH\Views\v_admin\v_a_insert_menu.php on line 103.
 1 SYSTEMPATH\View\View.php(213): include()
 2 SYSTEMPATH\View\View.php(216): CodeIgniter\View\View->CodeIgniter\View\{closure}()
 3 SYSTEMPATH\Common.php(1134): CodeIgniter\View\View->render('v_admin/v_a_insert_menu', [], true)
 4 APPPATH\Controllers\AdminController\Admin.php(36): view('v_admin/v_a_insert_menu', [...])
 5 SYSTEMPATH\CodeIgniter.php(927): App\Controllers\AdminController\Admin->create_menu()
 6 SYSTEMPATH\CodeIgniter.php(482): CodeIgniter\CodeIgniter->runController(Object(App\Controllers\AdminController\Admin))
 7 SYSTEMPATH\CodeIgniter.php(351): CodeIgniter\CodeIgniter->handleRequest(null, Object(Config\Cache), false)
 8 FCPATH\index.php(67): CodeIgniter\CodeIgniter->run()
 9 SYSTEMPATH\Commands\Server\rewrite.php(46): require_once('FCPATH\\index.php')
CRITICAL - 2022-12-18 10:28:58 --> Cannot use object of type stdClass as array
in APPPATH\Views\v_admin\v_a_insert_menu.php on line 103.
 1 SYSTEMPATH\View\View.php(213): include()
 2 SYSTEMPATH\View\View.php(216): CodeIgniter\View\View->CodeIgniter\View\{closure}()
 3 SYSTEMPATH\Common.php(1134): CodeIgniter\View\View->render('v_admin/v_a_insert_menu', [], true)
 4 APPPATH\Controllers\AdminController\Admin.php(36): view('v_admin/v_a_insert_menu', [...])
 5 SYSTEMPATH\CodeIgniter.php(927): App\Controllers\AdminController\Admin->create_menu()
 6 SYSTEMPATH\CodeIgniter.php(482): CodeIgniter\CodeIgniter->runController(Object(App\Controllers\AdminController\Admin))
 7 SYSTEMPATH\CodeIgniter.php(351): CodeIgniter\CodeIgniter->handleRequest(null, Object(Config\Cache), false)
 8 FCPATH\index.php(67): CodeIgniter\CodeIgniter->run()
 9 SYSTEMPATH\Commands\Server\rewrite.php(46): require_once('FCPATH\\index.php')
CRITICAL - 2022-12-18 10:31:59 --> Attempt to read property "MenuName" on array
in APPPATH\Views\v_admin\v_a_insert_menu.php on line 97.
 1 APPPATH\Views\v_admin\v_a_insert_menu.php(97): CodeIgniter\Debug\Exceptions->errorHandler(2, 'Attempt to read property "MenuName" on array', 'APPPATH\\Views\\v_admin\\v_a_insert_menu.php', 97)
 2 SYSTEMPATH\View\View.php(213): include('APPPATH\\Views\\v_admin\\v_a_insert_menu.php')
 3 SYSTEMPATH\View\View.php(216): CodeIgniter\View\View->CodeIgniter\View\{closure}()
 4 SYSTEMPATH\Common.php(1134): CodeIgniter\View\View->render('v_admin/v_a_insert_menu', [], true)
 5 APPPATH\Controllers\AdminController\Admin.php(36): view('v_admin/v_a_insert_menu', [...])
 6 SYSTEMPATH\CodeIgniter.php(927): App\Controllers\AdminController\Admin->create_menu()
 7 SYSTEMPATH\CodeIgniter.php(482): CodeIgniter\CodeIgniter->runController(Object(App\Controllers\AdminController\Admin))
 8 SYSTEMPATH\CodeIgniter.php(351): CodeIgniter\CodeIgniter->handleRequest(null, Object(Config\Cache), false)
 9 FCPATH\index.php(67): CodeIgniter\CodeIgniter->run()
10 SYSTEMPATH\Commands\Server\rewrite.php(46): require_once('FCPATH\\index.php')
CRITICAL - 2022-12-18 10:32:29 --> Attempt to read property "MenuName" on array
in APPPATH\Views\v_admin\v_a_insert_menu.php on line 98.
 1 APPPATH\Views\v_admin\v_a_insert_menu.php(98): CodeIgniter\Debug\Exceptions->errorHandler(2, 'Attempt to read property "MenuName" on array', 'APPPATH\\Views\\v_admin\\v_a_insert_menu.php', 98)
 2 SYSTEMPATH\View\View.php(213): include('APPPATH\\Views\\v_admin\\v_a_insert_menu.php')
 3 SYSTEMPATH\View\View.php(216): CodeIgniter\View\View->CodeIgniter\View\{closure}()
 4 SYSTEMPATH\Common.php(1134): CodeIgniter\View\View->render('v_admin/v_a_insert_menu', [], true)
 5 APPPATH\Controllers\AdminController\Admin.php(36): view('v_admin/v_a_insert_menu', [...])
 6 SYSTEMPATH\CodeIgniter.php(927): App\Controllers\AdminController\Admin->create_menu()
 7 SYSTEMPATH\CodeIgniter.php(482): CodeIgniter\CodeIgniter->runController(Object(App\Controllers\AdminController\Admin))
 8 SYSTEMPATH\CodeIgniter.php(351): CodeIgniter\CodeIgniter->handleRequest(null, Object(Config\Cache), false)
 9 FCPATH\index.php(67): CodeIgniter\CodeIgniter->run()
10 SYSTEMPATH\Commands\Server\rewrite.php(46): require_once('FCPATH\\index.php')
CRITICAL - 2022-12-18 10:32:50 --> Attempt to read property "CategoryName" on array
in APPPATH\Views\v_admin\v_a_insert_menu.php on line 99.
 1 APPPATH\Views\v_admin\v_a_insert_menu.php(99): CodeIgniter\Debug\Exceptions->errorHandler(2, 'Attempt to read property "CategoryName" on array', 'APPPATH\\Views\\v_admin\\v_a_insert_menu.php', 99)
 2 SYSTEMPATH\View\View.php(213): include('APPPATH\\Views\\v_admin\\v_a_insert_menu.php')
 3 SYSTEMPATH\View\View.php(216): CodeIgniter\View\View->CodeIgniter\View\{closure}()
 4 SYSTEMPATH\Common.php(1134): CodeIgniter\View\View->render('v_admin/v_a_insert_menu', [], true)
 5 APPPATH\Controllers\AdminController\Admin.php(36): view('v_admin/v_a_insert_menu', [...])
 6 SYSTEMPATH\CodeIgniter.php(927): App\Controllers\AdminController\Admin->create_menu()
 7 SYSTEMPATH\CodeIgniter.php(482): CodeIgniter\CodeIgniter->runController(Object(App\Controllers\AdminController\Admin))
 8 SYSTEMPATH\CodeIgniter.php(351): CodeIgniter\CodeIgniter->handleRequest(null, Object(Config\Cache), false)
 9 FCPATH\index.php(67): CodeIgniter\CodeIgniter->run()
10 SYSTEMPATH\Commands\Server\rewrite.php(46): require_once('FCPATH\\index.php')
CRITICAL - 2022-12-18 10:32:59 --> Attempt to read property "MenuImage" on array
in APPPATH\Views\v_admin\v_a_insert_menu.php on line 101.
 1 APPPATH\Views\v_admin\v_a_insert_menu.php(101): CodeIgniter\Debug\Exceptions->errorHandler(2, 'Attempt to read property "MenuImage" on array', 'APPPATH\\Views\\v_admin\\v_a_insert_menu.php', 101)
 2 SYSTEMPATH\View\View.php(213): include('APPPATH\\Views\\v_admin\\v_a_insert_menu.php')
 3 SYSTEMPATH\View\View.php(216): CodeIgniter\View\View->CodeIgniter\View\{closure}()
 4 SYSTEMPATH\Common.php(1134): CodeIgniter\View\View->render('v_admin/v_a_insert_menu', [], true)
 5 APPPATH\Controllers\AdminController\Admin.php(36): view('v_admin/v_a_insert_menu', [...])
 6 SYSTEMPATH\CodeIgniter.php(927): App\Controllers\AdminController\Admin->create_menu()
 7 SYSTEMPATH\CodeIgniter.php(482): CodeIgniter\CodeIgniter->runController(Object(App\Controllers\AdminController\Admin))
 8 SYSTEMPATH\CodeIgniter.php(351): CodeIgniter\CodeIgniter->handleRequest(null, Object(Config\Cache), false)
 9 FCPATH\index.php(67): CodeIgniter\CodeIgniter->run()
10 SYSTEMPATH\Commands\Server\rewrite.php(46): require_once('FCPATH\\index.php')
CRITICAL - 2022-12-18 10:33:22 --> syntax error, unexpected string content "", expecting "-" or identifier or variable or number
in APPPATH\Views\v_admin\v_a_insert_menu.php on line 101.
 1 SYSTEMPATH\View\View.php(216): CodeIgniter\View\View->CodeIgniter\View\{closure}()
 2 SYSTEMPATH\Common.php(1134): CodeIgniter\View\View->render('v_admin/v_a_insert_menu', [], true)
 3 APPPATH\Controllers\AdminController\Admin.php(36): view('v_admin/v_a_insert_menu', [...])
 4 SYSTEMPATH\CodeIgniter.php(927): App\Controllers\AdminController\Admin->create_menu()
 5 SYSTEMPATH\CodeIgniter.php(482): CodeIgniter\CodeIgniter->runController(Object(App\Controllers\AdminController\Admin))
 6 SYSTEMPATH\CodeIgniter.php(351): CodeIgniter\CodeIgniter->handleRequest(null, Object(Config\Cache), false)
 7 FCPATH\index.php(67): CodeIgniter\CodeIgniter->run()
 8 SYSTEMPATH\Commands\Server\rewrite.php(46): require_once('FCPATH\\index.php')
CRITICAL - 2022-12-18 10:34:36 --> syntax error, unexpected double-quote mark, expecting "-" or identifier or variable or number
in APPPATH\Views\v_admin\v_a_insert_menu.php on line 101.
 1 SYSTEMPATH\View\View.php(216): CodeIgniter\View\View->CodeIgniter\View\{closure}()
 2 SYSTEMPATH\Common.php(1134): CodeIgniter\View\View->render('v_admin/v_a_insert_menu', [], true)
 3 APPPATH\Controllers\AdminController\Admin.php(36): view('v_admin/v_a_insert_menu', [...])
 4 SYSTEMPATH\CodeIgniter.php(927): App\Controllers\AdminController\Admin->create_menu()
 5 SYSTEMPATH\CodeIgniter.php(482): CodeIgniter\CodeIgniter->runController(Object(App\Controllers\AdminController\Admin))
 6 SYSTEMPATH\CodeIgniter.php(351): CodeIgniter\CodeIgniter->handleRequest(null, Object(Config\Cache), false)
 7 FCPATH\index.php(67): CodeIgniter\CodeIgniter->run()
 8 SYSTEMPATH\Commands\Server\rewrite.php(46): require_once('FCPATH\\index.php')
CRITICAL - 2022-12-18 10:34:50 --> Undefined array key "menu.CreatedDate"
in APPPATH\Views\v_admin\v_a_insert_menu.php on line 103.
 1 APPPATH\Views\v_admin\v_a_insert_menu.php(103): CodeIgniter\Debug\Exceptions->errorHandler(2, 'Undefined array key "menu.CreatedDate"', 'APPPATH\\Views\\v_admin\\v_a_insert_menu.php', 103)
 2 SYSTEMPATH\View\View.php(213): include('APPPATH\\Views\\v_admin\\v_a_insert_menu.php')
 3 SYSTEMPATH\View\View.php(216): CodeIgniter\View\View->CodeIgniter\View\{closure}()
 4 SYSTEMPATH\Common.php(1134): CodeIgniter\View\View->render('v_admin/v_a_insert_menu', [], true)
 5 APPPATH\Controllers\AdminController\Admin.php(36): view('v_admin/v_a_insert_menu', [...])
 6 SYSTEMPATH\CodeIgniter.php(927): App\Controllers\AdminController\Admin->create_menu()
 7 SYSTEMPATH\CodeIgniter.php(482): CodeIgniter\CodeIgniter->runController(Object(App\Controllers\AdminController\Admin))
 8 SYSTEMPATH\CodeIgniter.php(351): CodeIgniter\CodeIgniter->handleRequest(null, Object(Config\Cache), false)
 9 FCPATH\index.php(67): CodeIgniter\CodeIgniter->run()
10 SYSTEMPATH\Commands\Server\rewrite.php(46): require_once('FCPATH\\index.php')
CRITICAL - 2022-12-18 10:35:08 --> Attempt to read property "CreatedBy" on array
in APPPATH\Views\v_admin\v_a_insert_menu.php on line 105.
 1 APPPATH\Views\v_admin\v_a_insert_menu.php(105): CodeIgniter\Debug\Exceptions->errorHandler(2, 'Attempt to read property "CreatedBy" on array', 'APPPATH\\Views\\v_admin\\v_a_insert_menu.php', 105)
 2 SYSTEMPATH\View\View.php(213): include('APPPATH\\Views\\v_admin\\v_a_insert_menu.php')
 3 SYSTEMPATH\View\View.php(216): CodeIgniter\View\View->CodeIgniter\View\{closure}()
 4 SYSTEMPATH\Common.php(1134): CodeIgniter\View\View->render('v_admin/v_a_insert_menu', [], true)
 5 APPPATH\Controllers\AdminController\Admin.php(36): view('v_admin/v_a_insert_menu', [...])
 6 SYSTEMPATH\CodeIgniter.php(927): App\Controllers\AdminController\Admin->create_menu()
 7 SYSTEMPATH\CodeIgniter.php(482): CodeIgniter\CodeIgniter->runController(Object(App\Controllers\AdminController\Admin))
 8 SYSTEMPATH\CodeIgniter.php(351): CodeIgniter\CodeIgniter->handleRequest(null, Object(Config\Cache), false)
 9 FCPATH\index.php(67): CodeIgniter\CodeIgniter->run()
10 SYSTEMPATH\Commands\Server\rewrite.php(46): require_once('FCPATH\\index.php')
CRITICAL - 2022-12-18 10:35:32 --> Undefined constant "menu"
in APPPATH\Views\v_admin\v_a_insert_menu.php on line 105.
 1 SYSTEMPATH\View\View.php(213): include()
 2 SYSTEMPATH\View\View.php(216): CodeIgniter\View\View->CodeIgniter\View\{closure}()
 3 SYSTEMPATH\Common.php(1134): CodeIgniter\View\View->render('v_admin/v_a_insert_menu', [], true)
 4 APPPATH\Controllers\AdminController\Admin.php(36): view('v_admin/v_a_insert_menu', [...])
 5 SYSTEMPATH\CodeIgniter.php(927): App\Controllers\AdminController\Admin->create_menu()
 6 SYSTEMPATH\CodeIgniter.php(482): CodeIgniter\CodeIgniter->runController(Object(App\Controllers\AdminController\Admin))
 7 SYSTEMPATH\CodeIgniter.php(351): CodeIgniter\CodeIgniter->handleRequest(null, Object(Config\Cache), false)
 8 FCPATH\index.php(67): CodeIgniter\CodeIgniter->run()
 9 SYSTEMPATH\Commands\Server\rewrite.php(46): require_once('FCPATH\\index.php')
CRITICAL - 2022-12-18 10:35:41 --> syntax error, unexpected token ",", expecting "]"
in APPPATH\Views\v_admin\v_a_insert_menu.php on line 105.
 1 SYSTEMPATH\View\View.php(216): CodeIgniter\View\View->CodeIgniter\View\{closure}()
 2 SYSTEMPATH\Common.php(1134): CodeIgniter\View\View->render('v_admin/v_a_insert_menu', [], true)
 3 APPPATH\Controllers\AdminController\Admin.php(36): view('v_admin/v_a_insert_menu', [...])
 4 SYSTEMPATH\CodeIgniter.php(927): App\Controllers\AdminController\Admin->create_menu()
 5 SYSTEMPATH\CodeIgniter.php(482): CodeIgniter\CodeIgniter->runController(Object(App\Controllers\AdminController\Admin))
 6 SYSTEMPATH\CodeIgniter.php(351): CodeIgniter\CodeIgniter->handleRequest(null, Object(Config\Cache), false)
 7 FCPATH\index.php(67): CodeIgniter\CodeIgniter->run()
 8 SYSTEMPATH\Commands\Server\rewrite.php(46): require_once('FCPATH\\index.php')
CRITICAL - 2022-12-18 10:35:53 --> Undefined constant "CreatedBy"
in APPPATH\Views\v_admin\v_a_insert_menu.php on line 105.
 1 SYSTEMPATH\View\View.php(213): include()
 2 SYSTEMPATH\View\View.php(216): CodeIgniter\View\View->CodeIgniter\View\{closure}()
 3 SYSTEMPATH\Common.php(1134): CodeIgniter\View\View->render('v_admin/v_a_insert_menu', [], true)
 4 APPPATH\Controllers\AdminController\Admin.php(36): view('v_admin/v_a_insert_menu', [...])
 5 SYSTEMPATH\CodeIgniter.php(927): App\Controllers\AdminController\Admin->create_menu()
 6 SYSTEMPATH\CodeIgniter.php(482): CodeIgniter\CodeIgniter->runController(Object(App\Controllers\AdminController\Admin))
 7 SYSTEMPATH\CodeIgniter.php(351): CodeIgniter\CodeIgniter->handleRequest(null, Object(Config\Cache), false)
 8 FCPATH\index.php(67): CodeIgniter\CodeIgniter->run()
 9 SYSTEMPATH\Commands\Server\rewrite.php(46): require_once('FCPATH\\index.php')
CRITICAL - 2022-12-18 10:36:04 --> Call to undefined function menu()
in APPPATH\Views\v_admin\v_a_insert_menu.php on line 105.
 1 SYSTEMPATH\View\View.php(213): include()
 2 SYSTEMPATH\View\View.php(216): CodeIgniter\View\View->CodeIgniter\View\{closure}()
 3 SYSTEMPATH\Common.php(1134): CodeIgniter\View\View->render('v_admin/v_a_insert_menu', [], true)
 4 APPPATH\Controllers\AdminController\Admin.php(36): view('v_admin/v_a_insert_menu', [...])
 5 SYSTEMPATH\CodeIgniter.php(927): App\Controllers\AdminController\Admin->create_menu()
 6 SYSTEMPATH\CodeIgniter.php(482): CodeIgniter\CodeIgniter->runController(Object(App\Controllers\AdminController\Admin))
 7 SYSTEMPATH\CodeIgniter.php(351): CodeIgniter\CodeIgniter->handleRequest(null, Object(Config\Cache), false)
 8 FCPATH\index.php(67): CodeIgniter\CodeIgniter->run()
 9 SYSTEMPATH\Commands\Server\rewrite.php(46): require_once('FCPATH\\index.php')
CRITICAL - 2022-12-18 10:36:17 --> Undefined array key "menuCreatedBy"
in APPPATH\Views\v_admin\v_a_insert_menu.php on line 105.
 1 APPPATH\Views\v_admin\v_a_insert_menu.php(105): CodeIgniter\Debug\Exceptions->errorHandler(2, 'Undefined array key "menuCreatedBy"', 'APPPATH\\Views\\v_admin\\v_a_insert_menu.php', 105)
 2 SYSTEMPATH\View\View.php(213): include('APPPATH\\Views\\v_admin\\v_a_insert_menu.php')
 3 SYSTEMPATH\View\View.php(216): CodeIgniter\View\View->CodeIgniter\View\{closure}()
 4 SYSTEMPATH\Common.php(1134): CodeIgniter\View\View->render('v_admin/v_a_insert_menu', [], true)
 5 APPPATH\Controllers\AdminController\Admin.php(36): view('v_admin/v_a_insert_menu', [...])
 6 SYSTEMPATH\CodeIgniter.php(927): App\Controllers\AdminController\Admin->create_menu()
 7 SYSTEMPATH\CodeIgniter.php(482): CodeIgniter\CodeIgniter->runController(Object(App\Controllers\AdminController\Admin))
 8 SYSTEMPATH\CodeIgniter.php(351): CodeIgniter\CodeIgniter->handleRequest(null, Object(Config\Cache), false)
 9 FCPATH\index.php(67): CodeIgniter\CodeIgniter->run()
10 SYSTEMPATH\Commands\Server\rewrite.php(46): require_once('FCPATH\\index.php')
CRITICAL - 2022-12-18 10:36:57 --> Undefined array key "menu.CreatedBy"
in APPPATH\Views\v_admin\v_a_insert_menu.php on line 105.
 1 APPPATH\Views\v_admin\v_a_insert_menu.php(105): CodeIgniter\Debug\Exceptions->errorHandler(2, 'Undefined array key "menu.CreatedBy"', 'APPPATH\\Views\\v_admin\\v_a_insert_menu.php', 105)
 2 SYSTEMPATH\View\View.php(213): include('APPPATH\\Views\\v_admin\\v_a_insert_menu.php')
 3 SYSTEMPATH\View\View.php(216): CodeIgniter\View\View->CodeIgniter\View\{closure}()
 4 SYSTEMPATH\Common.php(1134): CodeIgniter\View\View->render('v_admin/v_a_insert_menu', [], true)
 5 APPPATH\Controllers\AdminController\Admin.php(36): view('v_admin/v_a_insert_menu', [...])
 6 SYSTEMPATH\CodeIgniter.php(927): App\Controllers\AdminController\Admin->create_menu()
 7 SYSTEMPATH\CodeIgniter.php(482): CodeIgniter\CodeIgniter->runController(Object(App\Controllers\AdminController\Admin))
 8 SYSTEMPATH\CodeIgniter.php(351): CodeIgniter\CodeIgniter->handleRequest(null, Object(Config\Cache), false)
 9 FCPATH\index.php(67): CodeIgniter\CodeIgniter->run()
10 SYSTEMPATH\Commands\Server\rewrite.php(46): require_once('FCPATH\\index.php')
CRITICAL - 2022-12-18 10:47:34 --> Call to undefined method CodeIgniter\Database\MySQLi\Connection::select()
in APPPATH\Models\AdminModel.php on line 70.
 1 APPPATH\Controllers\AdminController\Admin.php(34): App\Models\AdminModel->retrive_list_menu()
 2 SYSTEMPATH\CodeIgniter.php(927): App\Controllers\AdminController\Admin->create_menu()
 3 SYSTEMPATH\CodeIgniter.php(482): CodeIgniter\CodeIgniter->runController(Object(App\Controllers\AdminController\Admin))
 4 SYSTEMPATH\CodeIgniter.php(351): CodeIgniter\CodeIgniter->handleRequest(null, Object(Config\Cache), false)
 5 FCPATH\index.php(67): CodeIgniter\CodeIgniter->run()
 6 SYSTEMPATH\Commands\Server\rewrite.php(46): require_once('FCPATH\\index.php')
CRITICAL - 2022-12-18 10:48:59 --> Call to undefined method CodeIgniter\Database\MySQLi\Connection::select()
in APPPATH\Models\AdminModel.php on line 70.
 1 APPPATH\Controllers\AdminController\Admin.php(34): App\Models\AdminModel->retrive_list_menu()
 2 SYSTEMPATH\CodeIgniter.php(927): App\Controllers\AdminController\Admin->create_menu()
 3 SYSTEMPATH\CodeIgniter.php(482): CodeIgniter\CodeIgniter->runController(Object(App\Controllers\AdminController\Admin))
 4 SYSTEMPATH\CodeIgniter.php(351): CodeIgniter\CodeIgniter->handleRequest(null, Object(Config\Cache), false)
 5 FCPATH\index.php(67): CodeIgniter\CodeIgniter->run()
 6 SYSTEMPATH\Commands\Server\rewrite.php(46): require_once('FCPATH\\index.php')
CRITICAL - 2022-12-18 10:49:01 --> Call to undefined method CodeIgniter\Database\MySQLi\Connection::select()
in APPPATH\Models\AdminModel.php on line 70.
 1 APPPATH\Controllers\AdminController\Admin.php(34): App\Models\AdminModel->retrive_list_menu()
 2 SYSTEMPATH\CodeIgniter.php(927): App\Controllers\AdminController\Admin->create_menu()
 3 SYSTEMPATH\CodeIgniter.php(482): CodeIgniter\CodeIgniter->runController(Object(App\Controllers\AdminController\Admin))
 4 SYSTEMPATH\CodeIgniter.php(351): CodeIgniter\CodeIgniter->handleRequest(null, Object(Config\Cache), false)
 5 FCPATH\index.php(67): CodeIgniter\CodeIgniter->run()
 6 SYSTEMPATH\Commands\Server\rewrite.php(46): require_once('FCPATH\\index.php')
CRITICAL - 2022-12-18 10:49:45 --> Undefined array key "menu.CreatedBy"
in APPPATH\Views\v_admin\v_a_insert_menu.php on line 105.
 1 APPPATH\Views\v_admin\v_a_insert_menu.php(105): CodeIgniter\Debug\Exceptions->errorHandler(2, 'Undefined array key "menu.CreatedBy"', 'APPPATH\\Views\\v_admin\\v_a_insert_menu.php', 105)
 2 SYSTEMPATH\View\View.php(213): include('APPPATH\\Views\\v_admin\\v_a_insert_menu.php')
 3 SYSTEMPATH\View\View.php(216): CodeIgniter\View\View->CodeIgniter\View\{closure}()
 4 SYSTEMPATH\Common.php(1134): CodeIgniter\View\View->render('v_admin/v_a_insert_menu', [], true)
 5 APPPATH\Controllers\AdminController\Admin.php(36): view('v_admin/v_a_insert_menu', [...])
 6 SYSTEMPATH\CodeIgniter.php(927): App\Controllers\AdminController\Admin->create_menu()
 7 SYSTEMPATH\CodeIgniter.php(482): CodeIgniter\CodeIgniter->runController(Object(App\Controllers\AdminController\Admin))
 8 SYSTEMPATH\CodeIgniter.php(351): CodeIgniter\CodeIgniter->handleRequest(null, Object(Config\Cache), false)
 9 FCPATH\index.php(67): CodeIgniter\CodeIgniter->run()
10 SYSTEMPATH\Commands\Server\rewrite.php(46): require_once('FCPATH\\index.php')
CRITICAL - 2022-12-18 12:48:06 --> syntax error, unexpected double-quote mark, expecting "," or ";"
in APPPATH\Controllers\AdminController\Admin.php on line 147.
 1 SYSTEMPATH\Autoloader\Autoloader.php(259): CodeIgniter\Autoloader\Autoloader->includeFile('APPPATH\\Controllers\\AdminController\\Admin.php')
 2 SYSTEMPATH\Autoloader\Autoloader.php(237): CodeIgniter\Autoloader\Autoloader->loadInNamespace('App\\Controllers\\AdminController\\Admin')
 3 [internal function]: CodeIgniter\Autoloader\Autoloader->loadClass('App\\Controllers\\AdminController\\Admin')
 4 SYSTEMPATH\CodeIgniter.php(877): class_exists('\\App\\Controllers\\AdminController\\Admin', true)
 5 SYSTEMPATH\CodeIgniter.php(469): CodeIgniter\CodeIgniter->startController()
 6 SYSTEMPATH\CodeIgniter.php(351): CodeIgniter\CodeIgniter->handleRequest(null, Object(Config\Cache), false)
 7 FCPATH\index.php(67): CodeIgniter\CodeIgniter->run()
 8 SYSTEMPATH\Commands\Server\rewrite.php(46): require_once('FCPATH\\index.php')
