CRITICAL - 2022-12-21 21:30:10 --> include(../app/views/v_a_dashboard.php): Failed to open stream: No such file or directory
in APPPATH\Views\v_admin\v_a_index.php on line 20.
 1 APPPATH\Views\v_admin\v_a_index.php(20): CodeIgniter\Debug\Exceptions->errorHandler(2, 'include(../app/views/v_a_dashboard.php): Failed to open stream: No such file or directory', 'APPPATH\\Views\\v_admin\\v_a_index.php', 20)
 2 APPPATH\Views\v_admin\v_a_index.php(20): include()
 3 SYSTEMPATH\View\View.php(213): include('APPPATH\\Views\\v_admin\\v_a_index.php')
 4 SYSTEMPATH\View\View.php(216): CodeIgniter\View\View->CodeIgniter\View\{closure}()
 5 SYSTEMPATH\Common.php(1134): CodeIgniter\View\View->render('v_admin/v_a_index', [], true)
 6 APPPATH\Controllers\AdminController\Admin.php(22): view('v_admin/v_a_index')
 7 SYSTEMPATH\CodeIgniter.php(927): App\Controllers\AdminController\Admin->index()
 8 SYSTEMPATH\CodeIgniter.php(482): CodeIgniter\CodeIgniter->runController(Object(App\Controllers\AdminController\Admin))
 9 SYSTEMPATH\CodeIgniter.php(351): CodeIgniter\CodeIgniter->handleRequest(null, Object(Config\Cache), false)
10 FCPATH\index.php(67): CodeIgniter\CodeIgniter->run()
11 SYSTEMPATH\Commands\Server\rewrite.php(46): require_once('FCPATH\\index.php')
CRITICAL - 2022-12-21 21:50:27 --> syntax error, unexpected token "as"
in APPPATH\Views\v_admin\v_a_dashboard.php on line 24.
 1 SYSTEMPATH\View\View.php(213): include()
 2 SYSTEMPATH\View\View.php(216): CodeIgniter\View\View->CodeIgniter\View\{closure}()
 3 SYSTEMPATH\Common.php(1134): CodeIgniter\View\View->render('v_admin/v_a_index', [], true)
 4 APPPATH\Controllers\AdminController\Admin.php(25): view('v_admin/v_a_index', [...])
 5 SYSTEMPATH\CodeIgniter.php(927): App\Controllers\AdminController\Admin->index()
 6 SYSTEMPATH\CodeIgniter.php(482): CodeIgniter\CodeIgniter->runController(Object(App\Controllers\AdminController\Admin))
 7 SYSTEMPATH\CodeIgniter.php(351): CodeIgniter\CodeIgniter->handleRequest(null, Object(Config\Cache), false)
 8 FCPATH\index.php(67): CodeIgniter\CodeIgniter->run()
 9 SYSTEMPATH\Commands\Server\rewrite.php(46): require_once('FCPATH\\index.php')
CRITICAL - 2022-12-21 21:50:38 --> Call to undefined function mysli_num_rows()
in APPPATH\Views\v_admin\v_a_dashboard.php on line 25.
 1 APPPATH\Views\v_admin\v_a_index.php(19): include()
 2 SYSTEMPATH\View\View.php(213): include('APPPATH\\Views\\v_admin\\v_a_index.php')
 3 SYSTEMPATH\View\View.php(216): CodeIgniter\View\View->CodeIgniter\View\{closure}()
 4 SYSTEMPATH\Common.php(1134): CodeIgniter\View\View->render('v_admin/v_a_index', [], true)
 5 APPPATH\Controllers\AdminController\Admin.php(25): view('v_admin/v_a_index', [...])
 6 SYSTEMPATH\CodeIgniter.php(927): App\Controllers\AdminController\Admin->index()
 7 SYSTEMPATH\CodeIgniter.php(482): CodeIgniter\CodeIgniter->runController(Object(App\Controllers\AdminController\Admin))
 8 SYSTEMPATH\CodeIgniter.php(351): CodeIgniter\CodeIgniter->handleRequest(null, Object(Config\Cache), false)
 9 FCPATH\index.php(67): CodeIgniter\CodeIgniter->run()
10 SYSTEMPATH\Commands\Server\rewrite.php(46): require_once('FCPATH\\index.php')
CRITICAL - 2022-12-21 21:50:47 --> mysqli_num_rows(): Argument #1 ($result) must be of type mysqli_result, array given
in APPPATH\Views\v_admin\v_a_dashboard.php on line 25.
 1 APPPATH\Views\v_admin\v_a_dashboard.php(25): mysqli_num_rows([...])
 2 APPPATH\Views\v_admin\v_a_index.php(19): include('APPPATH\\Views\\v_admin\\v_a_dashboard.php')
 3 SYSTEMPATH\View\View.php(213): include('APPPATH\\Views\\v_admin\\v_a_index.php')
 4 SYSTEMPATH\View\View.php(216): CodeIgniter\View\View->CodeIgniter\View\{closure}()
 5 SYSTEMPATH\Common.php(1134): CodeIgniter\View\View->render('v_admin/v_a_index', [], true)
 6 APPPATH\Controllers\AdminController\Admin.php(25): view('v_admin/v_a_index', [...])
 7 SYSTEMPATH\CodeIgniter.php(927): App\Controllers\AdminController\Admin->index()
 8 SYSTEMPATH\CodeIgniter.php(482): CodeIgniter\CodeIgniter->runController(Object(App\Controllers\AdminController\Admin))
 9 SYSTEMPATH\CodeIgniter.php(351): CodeIgniter\CodeIgniter->handleRequest(null, Object(Config\Cache), false)
10 FCPATH\index.php(67): CodeIgniter\CodeIgniter->run()
11 SYSTEMPATH\Commands\Server\rewrite.php(46): require_once('FCPATH\\index.php')
CRITICAL - 2022-12-21 22:31:47 --> mysqli_num_rows(): Argument #1 ($result) must be of type mysqli_result, array given
in APPPATH\Views\v_admin\v_a_dashboard.php on line 25.
 1 APPPATH\Views\v_admin\v_a_dashboard.php(25): mysqli_num_rows([...])
 2 APPPATH\Views\v_admin\v_a_index.php(19): include('APPPATH\\Views\\v_admin\\v_a_dashboard.php')
 3 SYSTEMPATH\View\View.php(213): include('APPPATH\\Views\\v_admin\\v_a_index.php')
 4 SYSTEMPATH\View\View.php(216): CodeIgniter\View\View->CodeIgniter\View\{closure}()
 5 SYSTEMPATH\Common.php(1134): CodeIgniter\View\View->render('v_admin/v_a_index', [], true)
 6 APPPATH\Controllers\AdminController\Admin.php(25): view('v_admin/v_a_index', [...])
 7 SYSTEMPATH\CodeIgniter.php(927): App\Controllers\AdminController\Admin->index()
 8 SYSTEMPATH\CodeIgniter.php(482): CodeIgniter\CodeIgniter->runController(Object(App\Controllers\AdminController\Admin))
 9 SYSTEMPATH\CodeIgniter.php(351): CodeIgniter\CodeIgniter->handleRequest(null, Object(Config\Cache), false)
10 FCPATH\index.php(67): CodeIgniter\CodeIgniter->run()
11 SYSTEMPATH\Commands\Server\rewrite.php(46): require_once('FCPATH\\index.php')
CRITICAL - 2022-12-21 22:32:01 --> Array to string conversion
in APPPATH\Views\v_admin\v_a_dashboard.php on line 25.
 1 APPPATH\Views\v_admin\v_a_dashboard.php(25): CodeIgniter\Debug\Exceptions->errorHandler(2, 'Array to string conversion', 'APPPATH\\Views\\v_admin\\v_a_dashboard.php', 25)
 2 APPPATH\Views\v_admin\v_a_index.php(19): include('APPPATH\\Views\\v_admin\\v_a_dashboard.php')
 3 SYSTEMPATH\View\View.php(213): include('APPPATH\\Views\\v_admin\\v_a_index.php')
 4 SYSTEMPATH\View\View.php(216): CodeIgniter\View\View->CodeIgniter\View\{closure}()
 5 SYSTEMPATH\Common.php(1134): CodeIgniter\View\View->render('v_admin/v_a_index', [], true)
 6 APPPATH\Controllers\AdminController\Admin.php(25): view('v_admin/v_a_index', [...])
 7 SYSTEMPATH\CodeIgniter.php(927): App\Controllers\AdminController\Admin->index()
 8 SYSTEMPATH\CodeIgniter.php(482): CodeIgniter\CodeIgniter->runController(Object(App\Controllers\AdminController\Admin))
 9 SYSTEMPATH\CodeIgniter.php(351): CodeIgniter\CodeIgniter->handleRequest(null, Object(Config\Cache), false)
10 FCPATH\index.php(67): CodeIgniter\CodeIgniter->run()
11 SYSTEMPATH\Commands\Server\rewrite.php(46): require_once('FCPATH\\index.php')
CRITICAL - 2022-12-21 22:34:25 --> Call to a member function get() on int
in APPPATH\Models\AdminModel.php on line 91.
 1 APPPATH\Controllers\AdminController\Admin.php(23): App\Models\AdminModel->retrive_list_category_chart()
 2 SYSTEMPATH\CodeIgniter.php(927): App\Controllers\AdminController\Admin->index()
 3 SYSTEMPATH\CodeIgniter.php(482): CodeIgniter\CodeIgniter->runController(Object(App\Controllers\AdminController\Admin))
 4 SYSTEMPATH\CodeIgniter.php(351): CodeIgniter\CodeIgniter->handleRequest(null, Object(Config\Cache), false)
 5 FCPATH\index.php(67): CodeIgniter\CodeIgniter->run()
 6 SYSTEMPATH\Commands\Server\rewrite.php(46): require_once('FCPATH\\index.php')
CRITICAL - 2022-12-21 22:34:44 --> Call to a member function getResult() on int
in APPPATH\Models\AdminModel.php on line 91.
 1 APPPATH\Controllers\AdminController\Admin.php(23): App\Models\AdminModel->retrive_list_category_chart()
 2 SYSTEMPATH\CodeIgniter.php(927): App\Controllers\AdminController\Admin->index()
 3 SYSTEMPATH\CodeIgniter.php(482): CodeIgniter\CodeIgniter->runController(Object(App\Controllers\AdminController\Admin))
 4 SYSTEMPATH\CodeIgniter.php(351): CodeIgniter\CodeIgniter->handleRequest(null, Object(Config\Cache), false)
 5 FCPATH\index.php(67): CodeIgniter\CodeIgniter->run()
 6 SYSTEMPATH\Commands\Server\rewrite.php(46): require_once('FCPATH\\index.php')
