CRITICAL - 2022-12-30 05:15:40 --> syntax error, unexpected end of file
in APPPATH\Views\v_admin\v_a_dashboard.php on line 252.
 1 SYSTEMPATH\View\View.php(213): include()
 2 SYSTEMPATH\View\View.php(216): CodeIgniter\View\View->CodeIgniter\View\{closure}()
 3 SYSTEMPATH\Common.php(1134): CodeIgniter\View\View->render('v_admin/v_a_index', [], true)
 4 APPPATH\Controllers\AdminController\Admin.php(28): view('v_admin/v_a_index', [...])
 5 SYSTEMPATH\CodeIgniter.php(927): App\Controllers\AdminController\Admin->index()
 6 SYSTEMPATH\CodeIgniter.php(482): CodeIgniter\CodeIgniter->runController(Object(App\Controllers\AdminController\Admin))
 7 SYSTEMPATH\CodeIgniter.php(351): CodeIgniter\CodeIgniter->handleRequest(null, Object(Config\Cache), false)
 8 FCPATH\index.php(67): CodeIgniter\CodeIgniter->run()
 9 SYSTEMPATH\Commands\Server\rewrite.php(46): require_once('FCPATH\\index.php')
ERROR - 2022-12-30 05:18:10 --> mysqli_sql_exception: Table 'sistem-penggajian.category' doesn't exist in J:\Source Code\Doublewinspizza\vendor\codeigniter4\framework\system\Database\MySQLi\Connection.php:292
Stack trace:
#0 J:\Source Code\Doublewinspizza\vendor\codeigniter4\framework\system\Database\MySQLi\Connection.php(292): mysqli->query('SELECT *\nFROM `...', 0)
#1 J:\Source Code\Doublewinspizza\vendor\codeigniter4\framework\system\Database\BaseConnection.php(666): CodeIgniter\Database\MySQLi\Connection->execute('SELECT *\nFROM `...')
#2 J:\Source Code\Doublewinspizza\vendor\codeigniter4\framework\system\Database\BaseConnection.php(593): CodeIgniter\Database\BaseConnection->simpleQuery('SELECT *\nFROM `...')
#3 J:\Source Code\Doublewinspizza\vendor\codeigniter4\framework\system\Database\BaseBuilder.php(1585): CodeIgniter\Database\BaseConnection->query('SELECT *\nFROM `...', Array, false)
#4 J:\Source Code\Doublewinspizza\app\Models\AdminModel.php(71): CodeIgniter\Database\BaseBuilder->get()
#5 J:\Source Code\Doublewinspizza\app\Controllers\AdminController\Admin.php(39): App\Models\AdminModel->retrive_list_category()
#6 J:\Source Code\Doublewinspizza\vendor\codeigniter4\framework\system\CodeIgniter.php(927): App\Controllers\AdminController\Admin->create_menu()
#7 J:\Source Code\Doublewinspizza\vendor\codeigniter4\framework\system\CodeIgniter.php(482): CodeIgniter\CodeIgniter->runController(Object(App\Controllers\AdminController\Admin))
#8 J:\Source Code\Doublewinspizza\vendor\codeigniter4\framework\system\CodeIgniter.php(351): CodeIgniter\CodeIgniter->handleRequest(NULL, Object(Config\Cache), false)
#9 J:\Source Code\Doublewinspizza\public\index.php(67): CodeIgniter\CodeIgniter->run()
#10 J:\Source Code\Doublewinspizza\vendor\codeigniter4\framework\system\Commands\Server\rewrite.php(46): require_once('J:\\Source Code\\...')
#11 {main}
CRITICAL - 2022-12-30 05:18:10 --> Table 'sistem-penggajian.category' doesn't exist
in SYSTEMPATH\Database\MySQLi\Connection.php on line 292.
 1 SYSTEMPATH\Database\MySQLi\Connection.php(292): mysqli->query('SELECT *
FROM `category`', 0)
 2 SYSTEMPATH\Database\BaseConnection.php(666): CodeIgniter\Database\MySQLi\Connection->execute('SELECT *
FROM `category`')
 3 SYSTEMPATH\Database\BaseConnection.php(593): CodeIgniter\Database\BaseConnection->simpleQuery('SELECT *
FROM `category`')
 4 SYSTEMPATH\Database\BaseBuilder.php(1585): CodeIgniter\Database\BaseConnection->query('SELECT *
FROM `category`', [], false)
 5 APPPATH\Models\AdminModel.php(71): CodeIgniter\Database\BaseBuilder->get()
 6 APPPATH\Controllers\AdminController\Admin.php(39): App\Models\AdminModel->retrive_list_category()
 7 SYSTEMPATH\CodeIgniter.php(927): App\Controllers\AdminController\Admin->create_menu()
 8 SYSTEMPATH\CodeIgniter.php(482): CodeIgniter\CodeIgniter->runController(Object(App\Controllers\AdminController\Admin))
 9 SYSTEMPATH\CodeIgniter.php(351): CodeIgniter\CodeIgniter->handleRequest(null, Object(Config\Cache), false)
10 FCPATH\index.php(67): CodeIgniter\CodeIgniter->run()
11 SYSTEMPATH\Commands\Server\rewrite.php(46): require_once('FCPATH\\index.php')
CRITICAL - 2022-12-30 05:22:11 --> Attempt to read property "MenuImage" on array
in APPPATH\Views\v_admin\v_a_dashboard.php on line 137.
 1 APPPATH\Views\v_admin\v_a_dashboard.php(137): CodeIgniter\Debug\Exceptions->errorHandler(2, 'Attempt to read property "MenuImage" on array', 'APPPATH\\Views\\v_admin\\v_a_dashboard.php', 137)
 2 APPPATH\Views\v_admin\v_a_index.php(19): include('APPPATH\\Views\\v_admin\\v_a_dashboard.php')
 3 SYSTEMPATH\View\View.php(213): include('APPPATH\\Views\\v_admin\\v_a_index.php')
 4 SYSTEMPATH\View\View.php(216): CodeIgniter\View\View->CodeIgniter\View\{closure}()
 5 SYSTEMPATH\Common.php(1134): CodeIgniter\View\View->render('v_admin/v_a_index', [], true)
 6 APPPATH\Controllers\AdminController\Admin.php(28): view('v_admin/v_a_index', [...])
 7 SYSTEMPATH\CodeIgniter.php(927): App\Controllers\AdminController\Admin->index()
 8 SYSTEMPATH\CodeIgniter.php(482): CodeIgniter\CodeIgniter->runController(Object(App\Controllers\AdminController\Admin))
 9 SYSTEMPATH\CodeIgniter.php(351): CodeIgniter\CodeIgniter->handleRequest(null, Object(Config\Cache), false)
10 FCPATH\index.php(67): CodeIgniter\CodeIgniter->run()
11 SYSTEMPATH\Commands\Server\rewrite.php(46): require_once('FCPATH\\index.php')
CRITICAL - 2022-12-30 05:22:25 --> syntax error, unexpected token "echo"
in APPPATH\Views\v_admin\v_a_dashboard.php on line 137.
 1 SYSTEMPATH\View\View.php(213): include()
 2 SYSTEMPATH\View\View.php(216): CodeIgniter\View\View->CodeIgniter\View\{closure}()
 3 SYSTEMPATH\Common.php(1134): CodeIgniter\View\View->render('v_admin/v_a_index', [], true)
 4 APPPATH\Controllers\AdminController\Admin.php(28): view('v_admin/v_a_index', [...])
 5 SYSTEMPATH\CodeIgniter.php(927): App\Controllers\AdminController\Admin->index()
 6 SYSTEMPATH\CodeIgniter.php(482): CodeIgniter\CodeIgniter->runController(Object(App\Controllers\AdminController\Admin))
 7 SYSTEMPATH\CodeIgniter.php(351): CodeIgniter\CodeIgniter->handleRequest(null, Object(Config\Cache), false)
 8 FCPATH\index.php(67): CodeIgniter\CodeIgniter->run()
 9 SYSTEMPATH\Commands\Server\rewrite.php(46): require_once('FCPATH\\index.php')
CRITICAL - 2022-12-30 05:22:35 --> Attempt to read property "MenuImage" on array
in APPPATH\Views\v_admin\v_a_dashboard.php on line 137.
 1 APPPATH\Views\v_admin\v_a_dashboard.php(137): CodeIgniter\Debug\Exceptions->errorHandler(2, 'Attempt to read property "MenuImage" on array', 'APPPATH\\Views\\v_admin\\v_a_dashboard.php', 137)
 2 APPPATH\Views\v_admin\v_a_index.php(19): include('APPPATH\\Views\\v_admin\\v_a_dashboard.php')
 3 SYSTEMPATH\View\View.php(213): include('APPPATH\\Views\\v_admin\\v_a_index.php')
 4 SYSTEMPATH\View\View.php(216): CodeIgniter\View\View->CodeIgniter\View\{closure}()
 5 SYSTEMPATH\Common.php(1134): CodeIgniter\View\View->render('v_admin/v_a_index', [], true)
 6 APPPATH\Controllers\AdminController\Admin.php(28): view('v_admin/v_a_index', [...])
 7 SYSTEMPATH\CodeIgniter.php(927): App\Controllers\AdminController\Admin->index()
 8 SYSTEMPATH\CodeIgniter.php(482): CodeIgniter\CodeIgniter->runController(Object(App\Controllers\AdminController\Admin))
 9 SYSTEMPATH\CodeIgniter.php(351): CodeIgniter\CodeIgniter->handleRequest(null, Object(Config\Cache), false)
10 FCPATH\index.php(67): CodeIgniter\CodeIgniter->run()
11 SYSTEMPATH\Commands\Server\rewrite.php(46): require_once('FCPATH\\index.php')
CRITICAL - 2022-12-30 05:23:13 --> Attempt to read property "MenuName" on array
in APPPATH\Views\v_admin\v_a_dashboard.php on line 137.
 1 APPPATH\Views\v_admin\v_a_dashboard.php(137): CodeIgniter\Debug\Exceptions->errorHandler(2, 'Attempt to read property "MenuName" on array', 'APPPATH\\Views\\v_admin\\v_a_dashboard.php', 137)
 2 APPPATH\Views\v_admin\v_a_index.php(19): include('APPPATH\\Views\\v_admin\\v_a_dashboard.php')
 3 SYSTEMPATH\View\View.php(213): include('APPPATH\\Views\\v_admin\\v_a_index.php')
 4 SYSTEMPATH\View\View.php(216): CodeIgniter\View\View->CodeIgniter\View\{closure}()
 5 SYSTEMPATH\Common.php(1134): CodeIgniter\View\View->render('v_admin/v_a_index', [], true)
 6 APPPATH\Controllers\AdminController\Admin.php(28): view('v_admin/v_a_index', [...])
 7 SYSTEMPATH\CodeIgniter.php(927): App\Controllers\AdminController\Admin->index()
 8 SYSTEMPATH\CodeIgniter.php(482): CodeIgniter\CodeIgniter->runController(Object(App\Controllers\AdminController\Admin))
 9 SYSTEMPATH\CodeIgniter.php(351): CodeIgniter\CodeIgniter->handleRequest(null, Object(Config\Cache), false)
10 FCPATH\index.php(67): CodeIgniter\CodeIgniter->run()
11 SYSTEMPATH\Commands\Server\rewrite.php(46): require_once('FCPATH\\index.php')
CRITICAL - 2022-12-30 05:34:49 --> syntax error, unexpected token "foreach"
in APPPATH\Views\v_admin\v_a_insert_menu.php on line 91.
 1 SYSTEMPATH\View\View.php(216): CodeIgniter\View\View->CodeIgniter\View\{closure}()
 2 SYSTEMPATH\Common.php(1134): CodeIgniter\View\View->render('v_admin/v_a_insert_menu', [], true)
 3 APPPATH\Controllers\AdminController\Admin.php(41): view('v_admin/v_a_insert_menu', [...])
 4 SYSTEMPATH\CodeIgniter.php(927): App\Controllers\AdminController\Admin->create_menu()
 5 SYSTEMPATH\CodeIgniter.php(482): CodeIgniter\CodeIgniter->runController(Object(App\Controllers\AdminController\Admin))
 6 SYSTEMPATH\CodeIgniter.php(351): CodeIgniter\CodeIgniter->handleRequest(null, Object(Config\Cache), false)
 7 FCPATH\index.php(67): CodeIgniter\CodeIgniter->run()
 8 SYSTEMPATH\Commands\Server\rewrite.php(46): require_once('FCPATH\\index.php')
CRITICAL - 2022-12-30 05:35:03 --> syntax error, unexpected token "}"
in APPPATH\Views\v_admin\v_a_insert_menu.php on line 108.
 1 SYSTEMPATH\View\View.php(216): CodeIgniter\View\View->CodeIgniter\View\{closure}()
 2 SYSTEMPATH\Common.php(1134): CodeIgniter\View\View->render('v_admin/v_a_insert_menu', [], true)
 3 APPPATH\Controllers\AdminController\Admin.php(41): view('v_admin/v_a_insert_menu', [...])
 4 SYSTEMPATH\CodeIgniter.php(927): App\Controllers\AdminController\Admin->create_menu()
 5 SYSTEMPATH\CodeIgniter.php(482): CodeIgniter\CodeIgniter->runController(Object(App\Controllers\AdminController\Admin))
 6 SYSTEMPATH\CodeIgniter.php(351): CodeIgniter\CodeIgniter->handleRequest(null, Object(Config\Cache), false)
 7 FCPATH\index.php(67): CodeIgniter\CodeIgniter->run()
 8 SYSTEMPATH\Commands\Server\rewrite.php(46): require_once('FCPATH\\index.php')
CRITICAL - 2022-12-30 05:45:35 --> Undefined variable $result_user
in APPPATH\Views\v_admin\v_a_list_menu.php on line 49.
 1 APPPATH\Views\v_admin\v_a_list_menu.php(49): CodeIgniter\Debug\Exceptions->errorHandler(2, 'Undefined variable $result_user', 'APPPATH\\Views\\v_admin\\v_a_list_menu.php', 49)
 2 SYSTEMPATH\View\View.php(213): include('APPPATH\\Views\\v_admin\\v_a_list_menu.php')
 3 SYSTEMPATH\View\View.php(216): CodeIgniter\View\View->CodeIgniter\View\{closure}()
 4 SYSTEMPATH\Common.php(1134): CodeIgniter\View\View->render('v_admin/v_a_list_menu', [], true)
 5 APPPATH\Controllers\AdminController\Admin.php(53): view('v_admin/v_a_list_menu', [...])
 6 SYSTEMPATH\CodeIgniter.php(927): App\Controllers\AdminController\Admin->list_menu()
 7 SYSTEMPATH\CodeIgniter.php(482): CodeIgniter\CodeIgniter->runController(Object(App\Controllers\AdminController\Admin))
 8 SYSTEMPATH\CodeIgniter.php(351): CodeIgniter\CodeIgniter->handleRequest(null, Object(Config\Cache), false)
 9 FCPATH\index.php(67): CodeIgniter\CodeIgniter->run()
10 SYSTEMPATH\Commands\Server\rewrite.php(46): require_once('FCPATH\\index.php')
CRITICAL - 2022-12-30 05:53:35 --> Undefined array key "UserImage"
in APPPATH\Controllers\AdminController\Admin.php on line 171.
 1 APPPATH\Controllers\AdminController\Admin.php(171): CodeIgniter\Debug\Exceptions->errorHandler(2, 'Undefined array key "UserImage"', 'APPPATH\\Controllers\\AdminController\\Admin.php', 171)
 2 SYSTEMPATH\CodeIgniter.php(927): App\Controllers\AdminController\Admin->login()
 3 SYSTEMPATH\CodeIgniter.php(482): CodeIgniter\CodeIgniter->runController(Object(App\Controllers\AdminController\Admin))
 4 SYSTEMPATH\CodeIgniter.php(351): CodeIgniter\CodeIgniter->handleRequest(null, Object(Config\Cache), false)
 5 FCPATH\index.php(67): CodeIgniter\CodeIgniter->run()
 6 SYSTEMPATH\Commands\Server\rewrite.php(46): require_once('FCPATH\\index.php')
CRITICAL - 2022-12-30 06:28:37 --> Too few arguments to function App\Controllers\AdminController\Admin::edit_category(), 0 passed in J:\Source Code\Doublewinspizza\vendor\codeigniter4\framework\system\CodeIgniter.php on line 927 and exactly 1 expected
in APPPATH\Controllers\AdminController\Admin.php on line 454.
 1 SYSTEMPATH\CodeIgniter.php(927): App\Controllers\AdminController\Admin->edit_category()
 2 SYSTEMPATH\CodeIgniter.php(482): CodeIgniter\CodeIgniter->runController(Object(App\Controllers\AdminController\Admin))
 3 SYSTEMPATH\CodeIgniter.php(351): CodeIgniter\CodeIgniter->handleRequest(null, Object(Config\Cache), false)
 4 FCPATH\index.php(67): CodeIgniter\CodeIgniter->run()
 5 SYSTEMPATH\Commands\Server\rewrite.php(46): require_once('FCPATH\\index.php')
CRITICAL - 2022-12-30 06:28:39 --> Too few arguments to function App\Controllers\AdminController\Admin::edit_category(), 0 passed in J:\Source Code\Doublewinspizza\vendor\codeigniter4\framework\system\CodeIgniter.php on line 927 and exactly 1 expected
in APPPATH\Controllers\AdminController\Admin.php on line 454.
 1 SYSTEMPATH\CodeIgniter.php(927): App\Controllers\AdminController\Admin->edit_category()
 2 SYSTEMPATH\CodeIgniter.php(482): CodeIgniter\CodeIgniter->runController(Object(App\Controllers\AdminController\Admin))
 3 SYSTEMPATH\CodeIgniter.php(351): CodeIgniter\CodeIgniter->handleRequest(null, Object(Config\Cache), false)
 4 FCPATH\index.php(67): CodeIgniter\CodeIgniter->run()
 5 SYSTEMPATH\Commands\Server\rewrite.php(46): require_once('FCPATH\\index.php')
CRITICAL - 2022-12-30 06:33:56 --> Too few arguments to function App\Controllers\AdminController\Admin::edit_category(), 0 passed in J:\Source Code\Doublewinspizza\vendor\codeigniter4\framework\system\CodeIgniter.php on line 927 and exactly 1 expected
in APPPATH\Controllers\AdminController\Admin.php on line 454.
 1 SYSTEMPATH\CodeIgniter.php(927): App\Controllers\AdminController\Admin->edit_category()
 2 SYSTEMPATH\CodeIgniter.php(482): CodeIgniter\CodeIgniter->runController(Object(App\Controllers\AdminController\Admin))
 3 SYSTEMPATH\CodeIgniter.php(351): CodeIgniter\CodeIgniter->handleRequest(null, Object(Config\Cache), false)
 4 FCPATH\index.php(67): CodeIgniter\CodeIgniter->run()
 5 SYSTEMPATH\Commands\Server\rewrite.php(46): require_once('FCPATH\\index.php')
CRITICAL - 2022-12-30 06:33:58 --> Too few arguments to function App\Controllers\AdminController\Admin::edit_category(), 0 passed in J:\Source Code\Doublewinspizza\vendor\codeigniter4\framework\system\CodeIgniter.php on line 927 and exactly 1 expected
in APPPATH\Controllers\AdminController\Admin.php on line 454.
 1 SYSTEMPATH\CodeIgniter.php(927): App\Controllers\AdminController\Admin->edit_category()
 2 SYSTEMPATH\CodeIgniter.php(482): CodeIgniter\CodeIgniter->runController(Object(App\Controllers\AdminController\Admin))
 3 SYSTEMPATH\CodeIgniter.php(351): CodeIgniter\CodeIgniter->handleRequest(null, Object(Config\Cache), false)
 4 FCPATH\index.php(67): CodeIgniter\CodeIgniter->run()
 5 SYSTEMPATH\Commands\Server\rewrite.php(46): require_once('FCPATH\\index.php')
CRITICAL - 2022-12-30 09:13:52 --> Too few arguments to function App\Controllers\AdminController\Admin::index(), 0 passed in J:\Source Code\Doublewinspizza\vendor\codeigniter4\framework\system\CodeIgniter.php on line 927 and exactly 1 expected
in APPPATH\Controllers\AdminController\Admin.php on line 20.
 1 SYSTEMPATH\CodeIgniter.php(927): App\Controllers\AdminController\Admin->index()
 2 SYSTEMPATH\CodeIgniter.php(482): CodeIgniter\CodeIgniter->runController(Object(App\Controllers\AdminController\Admin))
 3 SYSTEMPATH\CodeIgniter.php(351): CodeIgniter\CodeIgniter->handleRequest(null, Object(Config\Cache), false)
 4 FCPATH\index.php(67): CodeIgniter\CodeIgniter->run()
 5 SYSTEMPATH\Commands\Server\rewrite.php(46): require_once('FCPATH\\index.php')
CRITICAL - 2022-12-30 09:14:03 --> Too few arguments to function App\Controllers\AdminController\Admin::index(), 0 passed in J:\Source Code\Doublewinspizza\vendor\codeigniter4\framework\system\CodeIgniter.php on line 927 and exactly 1 expected
in APPPATH\Controllers\AdminController\Admin.php on line 20.
 1 SYSTEMPATH\CodeIgniter.php(927): App\Controllers\AdminController\Admin->index()
 2 SYSTEMPATH\CodeIgniter.php(482): CodeIgniter\CodeIgniter->runController(Object(App\Controllers\AdminController\Admin))
 3 SYSTEMPATH\CodeIgniter.php(351): CodeIgniter\CodeIgniter->handleRequest(null, Object(Config\Cache), false)
 4 FCPATH\index.php(67): CodeIgniter\CodeIgniter->run()
 5 SYSTEMPATH\Commands\Server\rewrite.php(46): require_once('FCPATH\\index.php')
CRITICAL - 2022-12-30 09:14:04 --> Too few arguments to function App\Controllers\AdminController\Admin::index(), 0 passed in J:\Source Code\Doublewinspizza\vendor\codeigniter4\framework\system\CodeIgniter.php on line 927 and exactly 1 expected
in APPPATH\Controllers\AdminController\Admin.php on line 20.
 1 SYSTEMPATH\CodeIgniter.php(927): App\Controllers\AdminController\Admin->index()
 2 SYSTEMPATH\CodeIgniter.php(482): CodeIgniter\CodeIgniter->runController(Object(App\Controllers\AdminController\Admin))
 3 SYSTEMPATH\CodeIgniter.php(351): CodeIgniter\CodeIgniter->handleRequest(null, Object(Config\Cache), false)
 4 FCPATH\index.php(67): CodeIgniter\CodeIgniter->run()
 5 SYSTEMPATH\Commands\Server\rewrite.php(46): require_once('FCPATH\\index.php')
CRITICAL - 2022-12-30 09:25:52 --> Undefined variable $CategoryId
in APPPATH\Config\Routes.php on line 63.
 1 APPPATH\Config\Routes.php(63): CodeIgniter\Debug\Exceptions->errorHandler(2, 'Undefined variable $CategoryId', 'APPPATH\\Config\\Routes.php', 63)
 2 SYSTEMPATH\Router\RouteCollection.php(645): CodeIgniter\CodeIgniter->Config\{closure}(Object(CodeIgniter\Router\RouteCollection))
 3 APPPATH\Config\Routes.php(64): CodeIgniter\Router\RouteCollection->group('FCPATH\\Admin', [...], Object(Closure))
 4 SYSTEMPATH\CodeIgniter.php(789): require('APPPATH\\Config\\Routes.php')
 5 SYSTEMPATH\CodeIgniter.php(430): CodeIgniter\CodeIgniter->tryToRouteIt(Object(CodeIgniter\Router\RouteCollection))
 6 SYSTEMPATH\CodeIgniter.php(351): CodeIgniter\CodeIgniter->handleRequest(null, Object(Config\Cache), false)
 7 FCPATH\index.php(67): CodeIgniter\CodeIgniter->run()
 8 SYSTEMPATH\Commands\Server\rewrite.php(46): require_once('FCPATH\\index.php')
CRITICAL - 2022-12-30 09:27:05 --> Too few arguments to function App\Controllers\AdminController\Admin::editdata_category(), 0 passed in J:\Source Code\Doublewinspizza\vendor\codeigniter4\framework\system\CodeIgniter.php on line 927 and exactly 1 expected
in APPPATH\Controllers\AdminController\Admin.php on line 80.
 1 SYSTEMPATH\CodeIgniter.php(927): App\Controllers\AdminController\Admin->editdata_category()
 2 SYSTEMPATH\CodeIgniter.php(482): CodeIgniter\CodeIgniter->runController(Object(App\Controllers\AdminController\Admin))
 3 SYSTEMPATH\CodeIgniter.php(351): CodeIgniter\CodeIgniter->handleRequest(null, Object(Config\Cache), false)
 4 FCPATH\index.php(67): CodeIgniter\CodeIgniter->run()
 5 SYSTEMPATH\Commands\Server\rewrite.php(46): require_once('FCPATH\\index.php')
CRITICAL - 2022-12-30 09:27:53 --> Too few arguments to function App\Controllers\AdminController\Admin::editdata_category(), 0 passed in J:\Source Code\Doublewinspizza\vendor\codeigniter4\framework\system\CodeIgniter.php on line 927 and exactly 1 expected
in APPPATH\Controllers\AdminController\Admin.php on line 80.
 1 SYSTEMPATH\CodeIgniter.php(927): App\Controllers\AdminController\Admin->editdata_category()
 2 SYSTEMPATH\CodeIgniter.php(482): CodeIgniter\CodeIgniter->runController(Object(App\Controllers\AdminController\Admin))
 3 SYSTEMPATH\CodeIgniter.php(351): CodeIgniter\CodeIgniter->handleRequest(null, Object(Config\Cache), false)
 4 FCPATH\index.php(67): CodeIgniter\CodeIgniter->run()
 5 SYSTEMPATH\Commands\Server\rewrite.php(46): require_once('FCPATH\\index.php')
CRITICAL - 2022-12-30 09:43:29 --> Too few arguments to function App\Controllers\AdminController\Admin::editdata_category(), 0 passed in J:\Source Code\Doublewinspizza\vendor\codeigniter4\framework\system\CodeIgniter.php on line 927 and exactly 1 expected
in APPPATH\Controllers\AdminController\Admin.php on line 80.
 1 SYSTEMPATH\CodeIgniter.php(927): App\Controllers\AdminController\Admin->editdata_category()
 2 SYSTEMPATH\CodeIgniter.php(482): CodeIgniter\CodeIgniter->runController(Object(App\Controllers\AdminController\Admin))
 3 SYSTEMPATH\CodeIgniter.php(351): CodeIgniter\CodeIgniter->handleRequest(null, Object(Config\Cache), false)
 4 FCPATH\index.php(67): CodeIgniter\CodeIgniter->run()
 5 SYSTEMPATH\Commands\Server\rewrite.php(46): require_once('FCPATH\\index.php')
CRITICAL - 2022-12-30 09:44:57 --> Too few arguments to function App\Controllers\AdminController\Admin::editdata_category(), 0 passed in J:\Source Code\Doublewinspizza\vendor\codeigniter4\framework\system\CodeIgniter.php on line 927 and exactly 1 expected
in APPPATH\Controllers\AdminController\Admin.php on line 80.
 1 SYSTEMPATH\CodeIgniter.php(927): App\Controllers\AdminController\Admin->editdata_category()
 2 SYSTEMPATH\CodeIgniter.php(482): CodeIgniter\CodeIgniter->runController(Object(App\Controllers\AdminController\Admin))
 3 SYSTEMPATH\CodeIgniter.php(351): CodeIgniter\CodeIgniter->handleRequest(null, Object(Config\Cache), false)
 4 FCPATH\index.php(67): CodeIgniter\CodeIgniter->run()
 5 SYSTEMPATH\Commands\Server\rewrite.php(46): require_once('FCPATH\\index.php')
CRITICAL - 2022-12-30 09:48:59 --> Call to undefined method CodeIgniter\Database\MySQLi\Builder::first()
in APPPATH\Models\AdminModel.php on line 130.
 1 APPPATH\Controllers\AdminController\Admin.php(83): App\Models\AdminModel->getCategory('1')
 2 SYSTEMPATH\CodeIgniter.php(927): App\Controllers\AdminController\Admin->editdata_category('1')
 3 SYSTEMPATH\CodeIgniter.php(482): CodeIgniter\CodeIgniter->runController(Object(App\Controllers\AdminController\Admin))
 4 SYSTEMPATH\CodeIgniter.php(351): CodeIgniter\CodeIgniter->handleRequest(null, Object(Config\Cache), false)
 5 FCPATH\index.php(67): CodeIgniter\CodeIgniter->run()
 6 SYSTEMPATH\Commands\Server\rewrite.php(46): require_once('FCPATH\\index.php')
CRITICAL - 2022-12-30 09:49:23 --> Call to undefined method CodeIgniter\Database\MySQLi\Builder::first()
in APPPATH\Models\AdminModel.php on line 130.
 1 APPPATH\Controllers\AdminController\Admin.php(83): App\Models\AdminModel->getCategory('1')
 2 SYSTEMPATH\CodeIgniter.php(927): App\Controllers\AdminController\Admin->editdata_category('1')
 3 SYSTEMPATH\CodeIgniter.php(482): CodeIgniter\CodeIgniter->runController(Object(App\Controllers\AdminController\Admin))
 4 SYSTEMPATH\CodeIgniter.php(351): CodeIgniter\CodeIgniter->handleRequest(null, Object(Config\Cache), false)
 5 FCPATH\index.php(67): CodeIgniter\CodeIgniter->run()
 6 SYSTEMPATH\Commands\Server\rewrite.php(46): require_once('FCPATH\\index.php')
CRITICAL - 2022-12-30 09:50:39 --> Invalid file: v_admin/v_a_input_category.php
in SYSTEMPATH\Exceptions\FrameworkException.php on line 33.
 1 SYSTEMPATH\View\View.php(201): CodeIgniter\Exceptions\FrameworkException::forInvalidFile('v_admin/v_a_input_category.php')
 2 SYSTEMPATH\Common.php(1134): CodeIgniter\View\View->render('v_admin/v_a_input_category', [], true)
 3 APPPATH\Controllers\AdminController\Admin.php(88): view('v_admin/v_a_input_category', [])
 4 SYSTEMPATH\CodeIgniter.php(927): App\Controllers\AdminController\Admin->editdata_category('1')
 5 SYSTEMPATH\CodeIgniter.php(482): CodeIgniter\CodeIgniter->runController(Object(App\Controllers\AdminController\Admin))
 6 SYSTEMPATH\CodeIgniter.php(351): CodeIgniter\CodeIgniter->handleRequest(null, Object(Config\Cache), false)
 7 FCPATH\index.php(67): CodeIgniter\CodeIgniter->run()
 8 SYSTEMPATH\Commands\Server\rewrite.php(46): require_once('FCPATH\\index.php')
CRITICAL - 2022-12-30 09:50:52 --> Invalid file: v_admin/v_a_input_category.php
in SYSTEMPATH\Exceptions\FrameworkException.php on line 33.
 1 SYSTEMPATH\View\View.php(201): CodeIgniter\Exceptions\FrameworkException::forInvalidFile('v_admin/v_a_input_category.php')
 2 SYSTEMPATH\Common.php(1134): CodeIgniter\View\View->render('v_admin/v_a_input_category', [], true)
 3 APPPATH\Controllers\AdminController\Admin.php(88): view('v_admin/v_a_input_category')
 4 SYSTEMPATH\CodeIgniter.php(927): App\Controllers\AdminController\Admin->editdata_category('1')
 5 SYSTEMPATH\CodeIgniter.php(482): CodeIgniter\CodeIgniter->runController(Object(App\Controllers\AdminController\Admin))
 6 SYSTEMPATH\CodeIgniter.php(351): CodeIgniter\CodeIgniter->handleRequest(null, Object(Config\Cache), false)
 7 FCPATH\index.php(67): CodeIgniter\CodeIgniter->run()
 8 SYSTEMPATH\Commands\Server\rewrite.php(46): require_once('FCPATH\\index.php')
CRITICAL - 2022-12-30 09:50:55 --> Invalid file: v_admin/v_a_input_category.php
in SYSTEMPATH\Exceptions\FrameworkException.php on line 33.
 1 SYSTEMPATH\View\View.php(201): CodeIgniter\Exceptions\FrameworkException::forInvalidFile('v_admin/v_a_input_category.php')
 2 SYSTEMPATH\Common.php(1134): CodeIgniter\View\View->render('v_admin/v_a_input_category', [], true)
 3 APPPATH\Controllers\AdminController\Admin.php(88): view('v_admin/v_a_input_category')
 4 SYSTEMPATH\CodeIgniter.php(927): App\Controllers\AdminController\Admin->editdata_category('1')
 5 SYSTEMPATH\CodeIgniter.php(482): CodeIgniter\CodeIgniter->runController(Object(App\Controllers\AdminController\Admin))
 6 SYSTEMPATH\CodeIgniter.php(351): CodeIgniter\CodeIgniter->handleRequest(null, Object(Config\Cache), false)
 7 FCPATH\index.php(67): CodeIgniter\CodeIgniter->run()
 8 SYSTEMPATH\Commands\Server\rewrite.php(46): require_once('FCPATH\\index.php')
CRITICAL - 2022-12-30 09:51:20 --> Invalid file: v_admin/v_a_input_category.php
in SYSTEMPATH\Exceptions\FrameworkException.php on line 33.
 1 SYSTEMPATH\View\View.php(201): CodeIgniter\Exceptions\FrameworkException::forInvalidFile('v_admin/v_a_input_category.php')
 2 SYSTEMPATH\Common.php(1134): CodeIgniter\View\View->render('v_admin/v_a_input_category', [], true)
 3 APPPATH\Controllers\AdminController\Admin.php(87): view('v_admin/v_a_input_category', [...])
 4 SYSTEMPATH\CodeIgniter.php(927): App\Controllers\AdminController\Admin->editdata_category('1')
 5 SYSTEMPATH\CodeIgniter.php(482): CodeIgniter\CodeIgniter->runController(Object(App\Controllers\AdminController\Admin))
 6 SYSTEMPATH\CodeIgniter.php(351): CodeIgniter\CodeIgniter->handleRequest(null, Object(Config\Cache), false)
 7 FCPATH\index.php(67): CodeIgniter\CodeIgniter->run()
 8 SYSTEMPATH\Commands\Server\rewrite.php(46): require_once('FCPATH\\index.php')
CRITICAL - 2022-12-30 10:01:42 --> Cannot redeclare App\Models\AdminModel::getCategory()
in APPPATH\Models\AdminModel.php on line 135.
 1 [internal function]: CodeIgniter\Debug\Exceptions->shutdownHandler()
CRITICAL - 2022-12-30 10:06:00 --> Call to a member function where() on array
in APPPATH\Controllers\AdminController\Admin.php on line 82.
 1 SYSTEMPATH\CodeIgniter.php(927): App\Controllers\AdminController\Admin->editdata_category('1')
 2 SYSTEMPATH\CodeIgniter.php(482): CodeIgniter\CodeIgniter->runController(Object(App\Controllers\AdminController\Admin))
 3 SYSTEMPATH\CodeIgniter.php(351): CodeIgniter\CodeIgniter->handleRequest(null, Object(Config\Cache), false)
 4 FCPATH\index.php(67): CodeIgniter\CodeIgniter->run()
 5 SYSTEMPATH\Commands\Server\rewrite.php(46): require_once('FCPATH\\index.php')
CRITICAL - 2022-12-30 10:07:59 --> Too few arguments to function App\Models\AdminModel::getCategory(), 0 passed in J:\Source Code\Doublewinspizza\app\Controllers\AdminController\Admin.php on line 82 and exactly 1 expected
in APPPATH\Models\AdminModel.php on line 125.
 1 APPPATH\Controllers\AdminController\Admin.php(82): App\Models\AdminModel->getCategory()
 2 SYSTEMPATH\CodeIgniter.php(927): App\Controllers\AdminController\Admin->editdata_category('1')
 3 SYSTEMPATH\CodeIgniter.php(482): CodeIgniter\CodeIgniter->runController(Object(App\Controllers\AdminController\Admin))
 4 SYSTEMPATH\CodeIgniter.php(351): CodeIgniter\CodeIgniter->handleRequest(null, Object(Config\Cache), false)
 5 FCPATH\index.php(67): CodeIgniter\CodeIgniter->run()
 6 SYSTEMPATH\Commands\Server\rewrite.php(46): require_once('FCPATH\\index.php')
CRITICAL - 2022-12-30 10:08:11 --> Too few arguments to function App\Models\AdminModel::getCategory(), 0 passed in J:\Source Code\Doublewinspizza\app\Controllers\AdminController\Admin.php on line 82 and exactly 1 expected
in APPPATH\Models\AdminModel.php on line 125.
 1 APPPATH\Controllers\AdminController\Admin.php(82): App\Models\AdminModel->getCategory()
 2 SYSTEMPATH\CodeIgniter.php(927): App\Controllers\AdminController\Admin->editdata_category('1')
 3 SYSTEMPATH\CodeIgniter.php(482): CodeIgniter\CodeIgniter->runController(Object(App\Controllers\AdminController\Admin))
 4 SYSTEMPATH\CodeIgniter.php(351): CodeIgniter\CodeIgniter->handleRequest(null, Object(Config\Cache), false)
 5 FCPATH\index.php(67): CodeIgniter\CodeIgniter->run()
 6 SYSTEMPATH\Commands\Server\rewrite.php(46): require_once('FCPATH\\index.php')
CRITICAL - 2022-12-30 10:08:27 --> Call to a member function where() on array
in APPPATH\Controllers\AdminController\Admin.php on line 82.
 1 SYSTEMPATH\CodeIgniter.php(927): App\Controllers\AdminController\Admin->editdata_category('1')
 2 SYSTEMPATH\CodeIgniter.php(482): CodeIgniter\CodeIgniter->runController(Object(App\Controllers\AdminController\Admin))
 3 SYSTEMPATH\CodeIgniter.php(351): CodeIgniter\CodeIgniter->handleRequest(null, Object(Config\Cache), false)
 4 FCPATH\index.php(67): CodeIgniter\CodeIgniter->run()
 5 SYSTEMPATH\Commands\Server\rewrite.php(46): require_once('FCPATH\\index.php')
CRITICAL - 2022-12-30 10:08:57 --> syntax error, unexpected variable "$CategoryId", expecting ")"
in APPPATH\Models\AdminModel.php on line 129.
 1 SYSTEMPATH\Autoloader\Autoloader.php(259): CodeIgniter\Autoloader\Autoloader->includeFile('APPPATH\\Models\\AdminModel.php')
 2 SYSTEMPATH\Autoloader\Autoloader.php(237): CodeIgniter\Autoloader\Autoloader->loadInNamespace('App\\Models\\AdminModel')
 3 APPPATH\Controllers\AdminController\Admin.php(12): CodeIgniter\Autoloader\Autoloader->loadClass('App\\Models\\AdminModel')
 4 SYSTEMPATH\CodeIgniter.php(889): App\Controllers\AdminController\Admin->__construct()
 5 SYSTEMPATH\CodeIgniter.php(473): CodeIgniter\CodeIgniter->createController()
 6 SYSTEMPATH\CodeIgniter.php(351): CodeIgniter\CodeIgniter->handleRequest(null, Object(Config\Cache), false)
 7 FCPATH\index.php(67): CodeIgniter\CodeIgniter->run()
 8 SYSTEMPATH\Commands\Server\rewrite.php(46): require_once('FCPATH\\index.php')
CRITICAL - 2022-12-30 10:09:06 --> syntax error, unexpected variable "$CategoryId", expecting ")"
in APPPATH\Models\AdminModel.php on line 129.
 1 SYSTEMPATH\Autoloader\Autoloader.php(259): CodeIgniter\Autoloader\Autoloader->includeFile('APPPATH\\Models\\AdminModel.php')
 2 SYSTEMPATH\Autoloader\Autoloader.php(237): CodeIgniter\Autoloader\Autoloader->loadInNamespace('App\\Models\\AdminModel')
 3 APPPATH\Controllers\AdminController\Admin.php(12): CodeIgniter\Autoloader\Autoloader->loadClass('App\\Models\\AdminModel')
 4 SYSTEMPATH\CodeIgniter.php(889): App\Controllers\AdminController\Admin->__construct()
 5 SYSTEMPATH\CodeIgniter.php(473): CodeIgniter\CodeIgniter->createController()
 6 SYSTEMPATH\CodeIgniter.php(351): CodeIgniter\CodeIgniter->handleRequest(null, Object(Config\Cache), false)
 7 FCPATH\index.php(67): CodeIgniter\CodeIgniter->run()
 8 SYSTEMPATH\Commands\Server\rewrite.php(46): require_once('FCPATH\\index.php')
CRITICAL - 2022-12-30 10:09:14 --> syntax error, unexpected variable "$CategoryId", expecting ")"
in APPPATH\Models\AdminModel.php on line 129.
 1 SYSTEMPATH\Autoloader\Autoloader.php(259): CodeIgniter\Autoloader\Autoloader->includeFile('APPPATH\\Models\\AdminModel.php')
 2 SYSTEMPATH\Autoloader\Autoloader.php(237): CodeIgniter\Autoloader\Autoloader->loadInNamespace('App\\Models\\AdminModel')
 3 APPPATH\Controllers\AdminController\Admin.php(12): CodeIgniter\Autoloader\Autoloader->loadClass('App\\Models\\AdminModel')
 4 SYSTEMPATH\CodeIgniter.php(889): App\Controllers\AdminController\Admin->__construct()
 5 SYSTEMPATH\CodeIgniter.php(473): CodeIgniter\CodeIgniter->createController()
 6 SYSTEMPATH\CodeIgniter.php(351): CodeIgniter\CodeIgniter->handleRequest(null, Object(Config\Cache), false)
 7 FCPATH\index.php(67): CodeIgniter\CodeIgniter->run()
 8 SYSTEMPATH\Commands\Server\rewrite.php(46): require_once('FCPATH\\index.php')
CRITICAL - 2022-12-30 10:09:34 --> Too few arguments to function App\Models\AdminModel::getCategory(), 0 passed in J:\Source Code\Doublewinspizza\app\Controllers\AdminController\Admin.php on line 82 and exactly 1 expected
in APPPATH\Models\AdminModel.php on line 125.
 1 APPPATH\Controllers\AdminController\Admin.php(82): App\Models\AdminModel->getCategory()
 2 SYSTEMPATH\CodeIgniter.php(927): App\Controllers\AdminController\Admin->editdata_category('1')
 3 SYSTEMPATH\CodeIgniter.php(482): CodeIgniter\CodeIgniter->runController(Object(App\Controllers\AdminController\Admin))
 4 SYSTEMPATH\CodeIgniter.php(351): CodeIgniter\CodeIgniter->handleRequest(null, Object(Config\Cache), false)
 5 FCPATH\index.php(67): CodeIgniter\CodeIgniter->run()
 6 SYSTEMPATH\Commands\Server\rewrite.php(46): require_once('FCPATH\\index.php')
CRITICAL - 2022-12-30 10:10:00 --> syntax error, unexpected variable "$CategoryId", expecting ")"
in APPPATH\Models\AdminModel.php on line 129.
 1 SYSTEMPATH\Autoloader\Autoloader.php(259): CodeIgniter\Autoloader\Autoloader->includeFile('APPPATH\\Models\\AdminModel.php')
 2 SYSTEMPATH\Autoloader\Autoloader.php(237): CodeIgniter\Autoloader\Autoloader->loadInNamespace('App\\Models\\AdminModel')
 3 APPPATH\Controllers\AdminController\Admin.php(12): CodeIgniter\Autoloader\Autoloader->loadClass('App\\Models\\AdminModel')
 4 SYSTEMPATH\CodeIgniter.php(889): App\Controllers\AdminController\Admin->__construct()
 5 SYSTEMPATH\CodeIgniter.php(473): CodeIgniter\CodeIgniter->createController()
 6 SYSTEMPATH\CodeIgniter.php(351): CodeIgniter\CodeIgniter->handleRequest(null, Object(Config\Cache), false)
 7 FCPATH\index.php(67): CodeIgniter\CodeIgniter->run()
 8 SYSTEMPATH\Commands\Server\rewrite.php(46): require_once('FCPATH\\index.php')
CRITICAL - 2022-12-30 10:10:24 --> Too few arguments to function App\Models\AdminModel::getCategory(), 0 passed in J:\Source Code\Doublewinspizza\app\Controllers\AdminController\Admin.php on line 82 and exactly 1 expected
in APPPATH\Models\AdminModel.php on line 125.
 1 APPPATH\Controllers\AdminController\Admin.php(82): App\Models\AdminModel->getCategory()
 2 SYSTEMPATH\CodeIgniter.php(927): App\Controllers\AdminController\Admin->editdata_category('1')
 3 SYSTEMPATH\CodeIgniter.php(482): CodeIgniter\CodeIgniter->runController(Object(App\Controllers\AdminController\Admin))
 4 SYSTEMPATH\CodeIgniter.php(351): CodeIgniter\CodeIgniter->handleRequest(null, Object(Config\Cache), false)
 5 FCPATH\index.php(67): CodeIgniter\CodeIgniter->run()
 6 SYSTEMPATH\Commands\Server\rewrite.php(46): require_once('FCPATH\\index.php')
CRITICAL - 2022-12-30 10:11:46 --> Too few arguments to function App\Models\AdminModel::getCategory(), 0 passed in J:\Source Code\Doublewinspizza\app\Controllers\AdminController\Admin.php on line 82 and exactly 1 expected
in APPPATH\Models\AdminModel.php on line 125.
 1 APPPATH\Controllers\AdminController\Admin.php(82): App\Models\AdminModel->getCategory()
 2 SYSTEMPATH\CodeIgniter.php(927): App\Controllers\AdminController\Admin->editdata_category('1')
 3 SYSTEMPATH\CodeIgniter.php(482): CodeIgniter\CodeIgniter->runController(Object(App\Controllers\AdminController\Admin))
 4 SYSTEMPATH\CodeIgniter.php(351): CodeIgniter\CodeIgniter->handleRequest(null, Object(Config\Cache), false)
 5 FCPATH\index.php(67): CodeIgniter\CodeIgniter->run()
 6 SYSTEMPATH\Commands\Server\rewrite.php(46): require_once('FCPATH\\index.php')
CRITICAL - 2022-12-30 10:12:04 --> syntax error, unexpected token "}", expecting ";"
in APPPATH\Models\AdminModel.php on line 149.
 1 SYSTEMPATH\Autoloader\Autoloader.php(259): CodeIgniter\Autoloader\Autoloader->includeFile('APPPATH\\Models\\AdminModel.php')
 2 SYSTEMPATH\Autoloader\Autoloader.php(237): CodeIgniter\Autoloader\Autoloader->loadInNamespace('App\\Models\\AdminModel')
 3 APPPATH\Controllers\AdminController\Admin.php(12): CodeIgniter\Autoloader\Autoloader->loadClass('App\\Models\\AdminModel')
 4 SYSTEMPATH\CodeIgniter.php(889): App\Controllers\AdminController\Admin->__construct()
 5 SYSTEMPATH\CodeIgniter.php(473): CodeIgniter\CodeIgniter->createController()
 6 SYSTEMPATH\CodeIgniter.php(351): CodeIgniter\CodeIgniter->handleRequest(null, Object(Config\Cache), false)
 7 FCPATH\index.php(67): CodeIgniter\CodeIgniter->run()
 8 SYSTEMPATH\Commands\Server\rewrite.php(46): require_once('FCPATH\\index.php')
CRITICAL - 2022-12-30 10:12:13 --> Cannot redeclare App\Models\AdminModel::getCategory()
in APPPATH\Models\AdminModel.php on line 135.
 1 [internal function]: CodeIgniter\Debug\Exceptions->shutdownHandler()
CRITICAL - 2022-12-30 10:12:21 --> Too few arguments to function App\Models\AdminModel::getCategory(), 0 passed in J:\Source Code\Doublewinspizza\app\Controllers\AdminController\Admin.php on line 82 and exactly 1 expected
in APPPATH\Models\AdminModel.php on line 125.
 1 APPPATH\Controllers\AdminController\Admin.php(82): App\Models\AdminModel->getCategory()
 2 SYSTEMPATH\CodeIgniter.php(927): App\Controllers\AdminController\Admin->editdata_category('1')
 3 SYSTEMPATH\CodeIgniter.php(482): CodeIgniter\CodeIgniter->runController(Object(App\Controllers\AdminController\Admin))
 4 SYSTEMPATH\CodeIgniter.php(351): CodeIgniter\CodeIgniter->handleRequest(null, Object(Config\Cache), false)
 5 FCPATH\index.php(67): CodeIgniter\CodeIgniter->run()
 6 SYSTEMPATH\Commands\Server\rewrite.php(46): require_once('FCPATH\\index.php')
CRITICAL - 2022-12-30 10:13:06 --> Too few arguments to function App\Models\AdminModel::getCategory(), 0 passed in J:\Source Code\Doublewinspizza\app\Controllers\AdminController\Admin.php on line 82 and exactly 1 expected
in APPPATH\Models\AdminModel.php on line 125.
 1 APPPATH\Controllers\AdminController\Admin.php(82): App\Models\AdminModel->getCategory()
 2 SYSTEMPATH\CodeIgniter.php(927): App\Controllers\AdminController\Admin->editdata_category('1')
 3 SYSTEMPATH\CodeIgniter.php(482): CodeIgniter\CodeIgniter->runController(Object(App\Controllers\AdminController\Admin))
 4 SYSTEMPATH\CodeIgniter.php(351): CodeIgniter\CodeIgniter->handleRequest(null, Object(Config\Cache), false)
 5 FCPATH\index.php(67): CodeIgniter\CodeIgniter->run()
 6 SYSTEMPATH\Commands\Server\rewrite.php(46): require_once('FCPATH\\index.php')
CRITICAL - 2022-12-30 10:13:30 --> Too few arguments to function App\Models\AdminModel::getCategory(), 0 passed in J:\Source Code\Doublewinspizza\app\Controllers\AdminController\Admin.php on line 82 and exactly 1 expected
in APPPATH\Models\AdminModel.php on line 125.
 1 APPPATH\Controllers\AdminController\Admin.php(82): App\Models\AdminModel->getCategory()
 2 SYSTEMPATH\CodeIgniter.php(927): App\Controllers\AdminController\Admin->editdata_category('1')
 3 SYSTEMPATH\CodeIgniter.php(482): CodeIgniter\CodeIgniter->runController(Object(App\Controllers\AdminController\Admin))
 4 SYSTEMPATH\CodeIgniter.php(351): CodeIgniter\CodeIgniter->handleRequest(null, Object(Config\Cache), false)
 5 FCPATH\index.php(67): CodeIgniter\CodeIgniter->run()
 6 SYSTEMPATH\Commands\Server\rewrite.php(46): require_once('FCPATH\\index.php')
CRITICAL - 2022-12-30 10:13:57 --> Too few arguments to function App\Models\AdminModel::getCategory(), 0 passed in J:\Source Code\Doublewinspizza\app\Controllers\AdminController\Admin.php on line 82 and exactly 1 expected
in APPPATH\Models\AdminModel.php on line 125.
 1 APPPATH\Controllers\AdminController\Admin.php(82): App\Models\AdminModel->getCategory()
 2 SYSTEMPATH\CodeIgniter.php(927): App\Controllers\AdminController\Admin->editdata_category('1')
 3 SYSTEMPATH\CodeIgniter.php(482): CodeIgniter\CodeIgniter->runController(Object(App\Controllers\AdminController\Admin))
 4 SYSTEMPATH\CodeIgniter.php(351): CodeIgniter\CodeIgniter->handleRequest(null, Object(Config\Cache), false)
 5 FCPATH\index.php(67): CodeIgniter\CodeIgniter->run()
 6 SYSTEMPATH\Commands\Server\rewrite.php(46): require_once('FCPATH\\index.php')
CRITICAL - 2022-12-30 10:13:58 --> Too few arguments to function App\Models\AdminModel::getCategory(), 0 passed in J:\Source Code\Doublewinspizza\app\Controllers\AdminController\Admin.php on line 82 and exactly 1 expected
in APPPATH\Models\AdminModel.php on line 125.
 1 APPPATH\Controllers\AdminController\Admin.php(82): App\Models\AdminModel->getCategory()
 2 SYSTEMPATH\CodeIgniter.php(927): App\Controllers\AdminController\Admin->editdata_category('1')
 3 SYSTEMPATH\CodeIgniter.php(482): CodeIgniter\CodeIgniter->runController(Object(App\Controllers\AdminController\Admin))
 4 SYSTEMPATH\CodeIgniter.php(351): CodeIgniter\CodeIgniter->handleRequest(null, Object(Config\Cache), false)
 5 FCPATH\index.php(67): CodeIgniter\CodeIgniter->run()
 6 SYSTEMPATH\Commands\Server\rewrite.php(46): require_once('FCPATH\\index.php')
CRITICAL - 2022-12-30 10:14:22 --> Call to a member function where() on array
in APPPATH\Controllers\AdminController\Admin.php on line 82.
 1 SYSTEMPATH\CodeIgniter.php(927): App\Controllers\AdminController\Admin->editdata_category('1')
 2 SYSTEMPATH\CodeIgniter.php(482): CodeIgniter\CodeIgniter->runController(Object(App\Controllers\AdminController\Admin))
 3 SYSTEMPATH\CodeIgniter.php(351): CodeIgniter\CodeIgniter->handleRequest(null, Object(Config\Cache), false)
 4 FCPATH\index.php(67): CodeIgniter\CodeIgniter->run()
 5 SYSTEMPATH\Commands\Server\rewrite.php(46): require_once('FCPATH\\index.php')
CRITICAL - 2022-12-30 10:15:04 --> Call to undefined method CodeIgniter\Database\MySQLi\Builder::first()
in APPPATH\Models\AdminModel.php on line 130.
 1 APPPATH\Controllers\AdminController\Admin.php(82): App\Models\AdminModel->getCategory('1')
 2 SYSTEMPATH\CodeIgniter.php(927): App\Controllers\AdminController\Admin->editdata_category('1')
 3 SYSTEMPATH\CodeIgniter.php(482): CodeIgniter\CodeIgniter->runController(Object(App\Controllers\AdminController\Admin))
 4 SYSTEMPATH\CodeIgniter.php(351): CodeIgniter\CodeIgniter->handleRequest(null, Object(Config\Cache), false)
 5 FCPATH\index.php(67): CodeIgniter\CodeIgniter->run()
 6 SYSTEMPATH\Commands\Server\rewrite.php(46): require_once('FCPATH\\index.php')
CRITICAL - 2022-12-30 10:15:59 --> Call to undefined method CodeIgniter\Database\MySQLi\Result::where()
in APPPATH\Controllers\AdminController\Admin.php on line 82.
 1 SYSTEMPATH\CodeIgniter.php(927): App\Controllers\AdminController\Admin->editdata_category('1')
 2 SYSTEMPATH\CodeIgniter.php(482): CodeIgniter\CodeIgniter->runController(Object(App\Controllers\AdminController\Admin))
 3 SYSTEMPATH\CodeIgniter.php(351): CodeIgniter\CodeIgniter->handleRequest(null, Object(Config\Cache), false)
 4 FCPATH\index.php(67): CodeIgniter\CodeIgniter->run()
 5 SYSTEMPATH\Commands\Server\rewrite.php(46): require_once('FCPATH\\index.php')
CRITICAL - 2022-12-30 10:16:52 --> Array to string conversion
in APPPATH\Controllers\AdminController\Admin.php on line 85.
 1 APPPATH\Controllers\AdminController\Admin.php(85): CodeIgniter\Debug\Exceptions->errorHandler(2, 'Array to string conversion', 'APPPATH\\Controllers\\AdminController\\Admin.php', 85)
 2 SYSTEMPATH\CodeIgniter.php(927): App\Controllers\AdminController\Admin->editdata_category('1')
 3 SYSTEMPATH\CodeIgniter.php(482): CodeIgniter\CodeIgniter->runController(Object(App\Controllers\AdminController\Admin))
 4 SYSTEMPATH\CodeIgniter.php(351): CodeIgniter\CodeIgniter->handleRequest(null, Object(Config\Cache), false)
 5 FCPATH\index.php(67): CodeIgniter\CodeIgniter->run()
 6 SYSTEMPATH\Commands\Server\rewrite.php(46): require_once('FCPATH\\index.php')
CRITICAL - 2022-12-30 10:16:58 --> Object of class CodeIgniter\Database\MySQLi\Result could not be converted to string
in APPPATH\Controllers\AdminController\Admin.php on line 85.
 1 SYSTEMPATH\CodeIgniter.php(927): App\Controllers\AdminController\Admin->editdata_category('1')
 2 SYSTEMPATH\CodeIgniter.php(482): CodeIgniter\CodeIgniter->runController(Object(App\Controllers\AdminController\Admin))
 3 SYSTEMPATH\CodeIgniter.php(351): CodeIgniter\CodeIgniter->handleRequest(null, Object(Config\Cache), false)
 4 FCPATH\index.php(67): CodeIgniter\CodeIgniter->run()
 5 SYSTEMPATH\Commands\Server\rewrite.php(46): require_once('FCPATH\\index.php')
CRITICAL - 2022-12-30 10:17:48 --> Undefined variable $id
in APPPATH\Controllers\AdminController\Admin.php on line 83.
 1 APPPATH\Controllers\AdminController\Admin.php(83): CodeIgniter\Debug\Exceptions->errorHandler(2, 'Undefined variable $id', 'APPPATH\\Controllers\\AdminController\\Admin.php', 83)
 2 SYSTEMPATH\CodeIgniter.php(927): App\Controllers\AdminController\Admin->editdata_category('1')
 3 SYSTEMPATH\CodeIgniter.php(482): CodeIgniter\CodeIgniter->runController(Object(App\Controllers\AdminController\Admin))
 4 SYSTEMPATH\CodeIgniter.php(351): CodeIgniter\CodeIgniter->handleRequest(null, Object(Config\Cache), false)
 5 FCPATH\index.php(67): CodeIgniter\CodeIgniter->run()
 6 SYSTEMPATH\Commands\Server\rewrite.php(46): require_once('FCPATH\\index.php')
CRITICAL - 2022-12-30 10:19:45 --> Undefined property: CodeIgniter\Database\MySQLi\Result::$CategoryName
in APPPATH\Views\v_admin\v_a_edit_category.php on line 31.
 1 APPPATH\Views\v_admin\v_a_edit_category.php(31): CodeIgniter\Debug\Exceptions->errorHandler(2, 'Undefined property: CodeIgniter\\Database\\MySQLi\\Result::$CategoryName', 'APPPATH\\Views\\v_admin\\v_a_edit_category.php', 31)
 2 SYSTEMPATH\View\View.php(213): include('APPPATH\\Views\\v_admin\\v_a_edit_category.php')
 3 SYSTEMPATH\View\View.php(216): CodeIgniter\View\View->CodeIgniter\View\{closure}()
 4 SYSTEMPATH\Common.php(1134): CodeIgniter\View\View->render('v_admin/v_a_edit_category', [], true)
 5 APPPATH\Controllers\AdminController\Admin.php(88): view('v_admin/v_a_edit_category', [...])
 6 SYSTEMPATH\CodeIgniter.php(927): App\Controllers\AdminController\Admin->editdata_category('1')
 7 SYSTEMPATH\CodeIgniter.php(482): CodeIgniter\CodeIgniter->runController(Object(App\Controllers\AdminController\Admin))
 8 SYSTEMPATH\CodeIgniter.php(351): CodeIgniter\CodeIgniter->handleRequest(null, Object(Config\Cache), false)
 9 FCPATH\index.php(67): CodeIgniter\CodeIgniter->run()
10 SYSTEMPATH\Commands\Server\rewrite.php(46): require_once('FCPATH\\index.php')
CRITICAL - 2022-12-30 10:21:26 --> Undefined property: CodeIgniter\Database\MySQLi\Result::$CategoryName
in APPPATH\Views\v_admin\v_a_edit_category.php on line 31.
 1 APPPATH\Views\v_admin\v_a_edit_category.php(31): CodeIgniter\Debug\Exceptions->errorHandler(2, 'Undefined property: CodeIgniter\\Database\\MySQLi\\Result::$CategoryName', 'APPPATH\\Views\\v_admin\\v_a_edit_category.php', 31)
 2 SYSTEMPATH\View\View.php(213): include('APPPATH\\Views\\v_admin\\v_a_edit_category.php')
 3 SYSTEMPATH\View\View.php(216): CodeIgniter\View\View->CodeIgniter\View\{closure}()
 4 SYSTEMPATH\Common.php(1134): CodeIgniter\View\View->render('v_admin/v_a_edit_category', [], true)
 5 APPPATH\Controllers\AdminController\Admin.php(88): view('v_admin/v_a_edit_category', [...])
 6 SYSTEMPATH\CodeIgniter.php(927): App\Controllers\AdminController\Admin->editdata_category('1')
 7 SYSTEMPATH\CodeIgniter.php(482): CodeIgniter\CodeIgniter->runController(Object(App\Controllers\AdminController\Admin))
 8 SYSTEMPATH\CodeIgniter.php(351): CodeIgniter\CodeIgniter->handleRequest(null, Object(Config\Cache), false)
 9 FCPATH\index.php(67): CodeIgniter\CodeIgniter->run()
10 SYSTEMPATH\Commands\Server\rewrite.php(46): require_once('FCPATH\\index.php')
CRITICAL - 2022-12-30 10:22:19 --> Undefined property: mysqli::$ca
in APPPATH\Views\v_admin\v_a_edit_category.php on line 32.
 1 APPPATH\Views\v_admin\v_a_edit_category.php(32): CodeIgniter\Debug\Exceptions->errorHandler(2, 'Undefined property: mysqli::$ca', 'APPPATH\\Views\\v_admin\\v_a_edit_category.php', 32)
 2 SYSTEMPATH\View\View.php(213): include('APPPATH\\Views\\v_admin\\v_a_edit_category.php')
 3 SYSTEMPATH\View\View.php(216): CodeIgniter\View\View->CodeIgniter\View\{closure}()
 4 SYSTEMPATH\Common.php(1134): CodeIgniter\View\View->render('v_admin/v_a_edit_category', [], true)
 5 APPPATH\Controllers\AdminController\Admin.php(88): view('v_admin/v_a_edit_category', [...])
 6 SYSTEMPATH\CodeIgniter.php(927): App\Controllers\AdminController\Admin->editdata_category('1')
 7 SYSTEMPATH\CodeIgniter.php(482): CodeIgniter\CodeIgniter->runController(Object(App\Controllers\AdminController\Admin))
 8 SYSTEMPATH\CodeIgniter.php(351): CodeIgniter\CodeIgniter->handleRequest(null, Object(Config\Cache), false)
 9 FCPATH\index.php(67): CodeIgniter\CodeIgniter->run()
10 SYSTEMPATH\Commands\Server\rewrite.php(46): require_once('FCPATH\\index.php')
CRITICAL - 2022-12-30 10:22:33 --> Undefined property: mysqli::$CategoryName
in APPPATH\Views\v_admin\v_a_edit_category.php on line 32.
 1 APPPATH\Views\v_admin\v_a_edit_category.php(32): CodeIgniter\Debug\Exceptions->errorHandler(2, 'Undefined property: mysqli::$CategoryName', 'APPPATH\\Views\\v_admin\\v_a_edit_category.php', 32)
 2 SYSTEMPATH\View\View.php(213): include('APPPATH\\Views\\v_admin\\v_a_edit_category.php')
 3 SYSTEMPATH\View\View.php(216): CodeIgniter\View\View->CodeIgniter\View\{closure}()
 4 SYSTEMPATH\Common.php(1134): CodeIgniter\View\View->render('v_admin/v_a_edit_category', [], true)
 5 APPPATH\Controllers\AdminController\Admin.php(88): view('v_admin/v_a_edit_category', [...])
 6 SYSTEMPATH\CodeIgniter.php(927): App\Controllers\AdminController\Admin->editdata_category('1')
 7 SYSTEMPATH\CodeIgniter.php(482): CodeIgniter\CodeIgniter->runController(Object(App\Controllers\AdminController\Admin))
 8 SYSTEMPATH\CodeIgniter.php(351): CodeIgniter\CodeIgniter->handleRequest(null, Object(Config\Cache), false)
 9 FCPATH\index.php(67): CodeIgniter\CodeIgniter->run()
10 SYSTEMPATH\Commands\Server\rewrite.php(46): require_once('FCPATH\\index.php')
CRITICAL - 2022-12-30 10:22:35 --> Undefined property: mysqli::$CategoryName
in APPPATH\Views\v_admin\v_a_edit_category.php on line 32.
 1 APPPATH\Views\v_admin\v_a_edit_category.php(32): CodeIgniter\Debug\Exceptions->errorHandler(2, 'Undefined property: mysqli::$CategoryName', 'APPPATH\\Views\\v_admin\\v_a_edit_category.php', 32)
 2 SYSTEMPATH\View\View.php(213): include('APPPATH\\Views\\v_admin\\v_a_edit_category.php')
 3 SYSTEMPATH\View\View.php(216): CodeIgniter\View\View->CodeIgniter\View\{closure}()
 4 SYSTEMPATH\Common.php(1134): CodeIgniter\View\View->render('v_admin/v_a_edit_category', [], true)
 5 APPPATH\Controllers\AdminController\Admin.php(88): view('v_admin/v_a_edit_category', [...])
 6 SYSTEMPATH\CodeIgniter.php(927): App\Controllers\AdminController\Admin->editdata_category('1')
 7 SYSTEMPATH\CodeIgniter.php(482): CodeIgniter\CodeIgniter->runController(Object(App\Controllers\AdminController\Admin))
 8 SYSTEMPATH\CodeIgniter.php(351): CodeIgniter\CodeIgniter->handleRequest(null, Object(Config\Cache), false)
 9 FCPATH\index.php(67): CodeIgniter\CodeIgniter->run()
10 SYSTEMPATH\Commands\Server\rewrite.php(46): require_once('FCPATH\\index.php')
CRITICAL - 2022-12-30 10:22:46 --> Unclosed '{' on line 31
in APPPATH\Views\v_admin\v_a_edit_category.php on line 53.
 1 SYSTEMPATH\View\View.php(216): CodeIgniter\View\View->CodeIgniter\View\{closure}()
 2 SYSTEMPATH\Common.php(1134): CodeIgniter\View\View->render('v_admin/v_a_edit_category', [], true)
 3 APPPATH\Controllers\AdminController\Admin.php(88): view('v_admin/v_a_edit_category', [...])
 4 SYSTEMPATH\CodeIgniter.php(927): App\Controllers\AdminController\Admin->editdata_category('1')
 5 SYSTEMPATH\CodeIgniter.php(482): CodeIgniter\CodeIgniter->runController(Object(App\Controllers\AdminController\Admin))
 6 SYSTEMPATH\CodeIgniter.php(351): CodeIgniter\CodeIgniter->handleRequest(null, Object(Config\Cache), false)
 7 FCPATH\index.php(67): CodeIgniter\CodeIgniter->run()
 8 SYSTEMPATH\Commands\Server\rewrite.php(46): require_once('FCPATH\\index.php')
CRITICAL - 2022-12-30 10:22:51 --> Unclosed '{' on line 31
in APPPATH\Views\v_admin\v_a_edit_category.php on line 53.
 1 SYSTEMPATH\View\View.php(216): CodeIgniter\View\View->CodeIgniter\View\{closure}()
 2 SYSTEMPATH\Common.php(1134): CodeIgniter\View\View->render('v_admin/v_a_edit_category', [], true)
 3 APPPATH\Controllers\AdminController\Admin.php(88): view('v_admin/v_a_edit_category', [...])
 4 SYSTEMPATH\CodeIgniter.php(927): App\Controllers\AdminController\Admin->editdata_category('1')
 5 SYSTEMPATH\CodeIgniter.php(482): CodeIgniter\CodeIgniter->runController(Object(App\Controllers\AdminController\Admin))
 6 SYSTEMPATH\CodeIgniter.php(351): CodeIgniter\CodeIgniter->handleRequest(null, Object(Config\Cache), false)
 7 FCPATH\index.php(67): CodeIgniter\CodeIgniter->run()
 8 SYSTEMPATH\Commands\Server\rewrite.php(46): require_once('FCPATH\\index.php')
CRITICAL - 2022-12-30 10:22:56 --> Undefined property: mysqli::$CategoryName
in APPPATH\Views\v_admin\v_a_edit_category.php on line 32.
 1 APPPATH\Views\v_admin\v_a_edit_category.php(32): CodeIgniter\Debug\Exceptions->errorHandler(2, 'Undefined property: mysqli::$CategoryName', 'APPPATH\\Views\\v_admin\\v_a_edit_category.php', 32)
 2 SYSTEMPATH\View\View.php(213): include('APPPATH\\Views\\v_admin\\v_a_edit_category.php')
 3 SYSTEMPATH\View\View.php(216): CodeIgniter\View\View->CodeIgniter\View\{closure}()
 4 SYSTEMPATH\Common.php(1134): CodeIgniter\View\View->render('v_admin/v_a_edit_category', [], true)
 5 APPPATH\Controllers\AdminController\Admin.php(88): view('v_admin/v_a_edit_category', [...])
 6 SYSTEMPATH\CodeIgniter.php(927): App\Controllers\AdminController\Admin->editdata_category('1')
 7 SYSTEMPATH\CodeIgniter.php(482): CodeIgniter\CodeIgniter->runController(Object(App\Controllers\AdminController\Admin))
 8 SYSTEMPATH\CodeIgniter.php(351): CodeIgniter\CodeIgniter->handleRequest(null, Object(Config\Cache), false)
 9 FCPATH\index.php(67): CodeIgniter\CodeIgniter->run()
10 SYSTEMPATH\Commands\Server\rewrite.php(46): require_once('FCPATH\\index.php')
