CRITICAL - 2022-12-22 00:39:32 --> Attempt to read property "MenuName" on array
in APPPATH\Views\v_admin\v_a_dashboard.php on line 65.
 1 APPPATH\Views\v_admin\v_a_dashboard.php(65): CodeIgniter\Debug\Exceptions->errorHandler(2, 'Attempt to read property "MenuName" on array', 'APPPATH\\Views\\v_admin\\v_a_dashboard.php', 65)
 2 APPPATH\Views\v_admin\v_a_index.php(19): include('APPPATH\\Views\\v_admin\\v_a_dashboard.php')
 3 SYSTEMPATH\View\View.php(213): include('APPPATH\\Views\\v_admin\\v_a_index.php')
 4 SYSTEMPATH\View\View.php(216): CodeIgniter\View\View->CodeIgniter\View\{closure}()
 5 SYSTEMPATH\Common.php(1134): CodeIgniter\View\View->render('v_admin/v_a_index', [], true)
 6 APPPATH\Controllers\AdminController\Admin.php(25): view('v_admin/v_a_index', [...])
 7 SYSTEMPATH\CodeIgniter.php(927): App\Controllers\AdminController\Admin->index()
 8 SYSTEMPATH\CodeIgniter.php(482): CodeIgniter\CodeIgniter->runController(Object(App\Controllers\AdminController\Admin))
 9 SYSTEMPATH\CodeIgniter.php(351): CodeIgniter\CodeIgniter->handleRequest(null, Object(Config\Cache), false)
10 FCPATH\index.php(67): CodeIgniter\CodeIgniter->run()
11 SYSTEMPATH\Commands\Server\rewrite.php(46): require_once('FCPATH\\index.php')
CRITICAL - 2022-12-22 00:40:33 --> Call to undefined function fetch_assoc()
in APPPATH\Views\v_admin\v_a_dashboard.php on line 65.
 1 APPPATH\Views\v_admin\v_a_index.php(19): include()
 2 SYSTEMPATH\View\View.php(213): include('APPPATH\\Views\\v_admin\\v_a_index.php')
 3 SYSTEMPATH\View\View.php(216): CodeIgniter\View\View->CodeIgniter\View\{closure}()
 4 SYSTEMPATH\Common.php(1134): CodeIgniter\View\View->render('v_admin/v_a_index', [], true)
 5 APPPATH\Controllers\AdminController\Admin.php(25): view('v_admin/v_a_index', [...])
 6 SYSTEMPATH\CodeIgniter.php(927): App\Controllers\AdminController\Admin->index()
 7 SYSTEMPATH\CodeIgniter.php(482): CodeIgniter\CodeIgniter->runController(Object(App\Controllers\AdminController\Admin))
 8 SYSTEMPATH\CodeIgniter.php(351): CodeIgniter\CodeIgniter->handleRequest(null, Object(Config\Cache), false)
 9 FCPATH\index.php(67): CodeIgniter\CodeIgniter->run()
10 SYSTEMPATH\Commands\Server\rewrite.php(46): require_once('FCPATH\\index.php')
CRITICAL - 2022-12-22 00:41:23 --> mysqli_fetch_assoc(): Argument #1 ($result) must be of type mysqli_result, array given
in APPPATH\Views\v_admin\v_a_dashboard.php on line 60.
 1 APPPATH\Views\v_admin\v_a_dashboard.php(60): mysqli_fetch_assoc([...])
 2 APPPATH\Views\v_admin\v_a_index.php(19): include('APPPATH\\Views\\v_admin\\v_a_dashboard.php')
 3 SYSTEMPATH\View\View.php(213): include('APPPATH\\Views\\v_admin\\v_a_index.php')
 4 SYSTEMPATH\View\View.php(216): CodeIgniter\View\View->CodeIgniter\View\{closure}()
 5 SYSTEMPATH\Common.php(1134): CodeIgniter\View\View->render('v_admin/v_a_index', [], true)
 6 APPPATH\Controllers\AdminController\Admin.php(25): view('v_admin/v_a_index', [...])
 7 SYSTEMPATH\CodeIgniter.php(927): App\Controllers\AdminController\Admin->index()
 8 SYSTEMPATH\CodeIgniter.php(482): CodeIgniter\CodeIgniter->runController(Object(App\Controllers\AdminController\Admin))
 9 SYSTEMPATH\CodeIgniter.php(351): CodeIgniter\CodeIgniter->handleRequest(null, Object(Config\Cache), false)
10 FCPATH\index.php(67): CodeIgniter\CodeIgniter->run()
11 SYSTEMPATH\Commands\Server\rewrite.php(46): require_once('FCPATH\\index.php')
CRITICAL - 2022-12-22 00:41:41 --> mysqli_fetch_assoc(): Argument #1 ($result) must be of type mysqli_result, array given
in APPPATH\Views\v_admin\v_a_dashboard.php on line 60.
 1 APPPATH\Views\v_admin\v_a_dashboard.php(60): mysqli_fetch_assoc([...])
 2 APPPATH\Views\v_admin\v_a_index.php(19): include('APPPATH\\Views\\v_admin\\v_a_dashboard.php')
 3 SYSTEMPATH\View\View.php(213): include('APPPATH\\Views\\v_admin\\v_a_index.php')
 4 SYSTEMPATH\View\View.php(216): CodeIgniter\View\View->CodeIgniter\View\{closure}()
 5 SYSTEMPATH\Common.php(1134): CodeIgniter\View\View->render('v_admin/v_a_index', [], true)
 6 APPPATH\Controllers\AdminController\Admin.php(25): view('v_admin/v_a_index', [...])
 7 SYSTEMPATH\CodeIgniter.php(927): App\Controllers\AdminController\Admin->index()
 8 SYSTEMPATH\CodeIgniter.php(482): CodeIgniter\CodeIgniter->runController(Object(App\Controllers\AdminController\Admin))
 9 SYSTEMPATH\CodeIgniter.php(351): CodeIgniter\CodeIgniter->handleRequest(null, Object(Config\Cache), false)
10 FCPATH\index.php(67): CodeIgniter\CodeIgniter->run()
11 SYSTEMPATH\Commands\Server\rewrite.php(46): require_once('FCPATH\\index.php')
CRITICAL - 2022-12-22 00:41:42 --> mysqli_fetch_assoc(): Argument #1 ($result) must be of type mysqli_result, array given
in APPPATH\Views\v_admin\v_a_dashboard.php on line 60.
 1 APPPATH\Views\v_admin\v_a_dashboard.php(60): mysqli_fetch_assoc([...])
 2 APPPATH\Views\v_admin\v_a_index.php(19): include('APPPATH\\Views\\v_admin\\v_a_dashboard.php')
 3 SYSTEMPATH\View\View.php(213): include('APPPATH\\Views\\v_admin\\v_a_index.php')
 4 SYSTEMPATH\View\View.php(216): CodeIgniter\View\View->CodeIgniter\View\{closure}()
 5 SYSTEMPATH\Common.php(1134): CodeIgniter\View\View->render('v_admin/v_a_index', [], true)
 6 APPPATH\Controllers\AdminController\Admin.php(25): view('v_admin/v_a_index', [...])
 7 SYSTEMPATH\CodeIgniter.php(927): App\Controllers\AdminController\Admin->index()
 8 SYSTEMPATH\CodeIgniter.php(482): CodeIgniter\CodeIgniter->runController(Object(App\Controllers\AdminController\Admin))
 9 SYSTEMPATH\CodeIgniter.php(351): CodeIgniter\CodeIgniter->handleRequest(null, Object(Config\Cache), false)
10 FCPATH\index.php(67): CodeIgniter\CodeIgniter->run()
11 SYSTEMPATH\Commands\Server\rewrite.php(46): require_once('FCPATH\\index.php')
CRITICAL - 2022-12-22 00:42:04 --> mysqli_fetch_array(): Argument #1 ($result) must be of type mysqli_result, array given
in APPPATH\Views\v_admin\v_a_dashboard.php on line 60.
 1 APPPATH\Views\v_admin\v_a_dashboard.php(60): mysqli_fetch_array([...])
 2 APPPATH\Views\v_admin\v_a_index.php(19): include('APPPATH\\Views\\v_admin\\v_a_dashboard.php')
 3 SYSTEMPATH\View\View.php(213): include('APPPATH\\Views\\v_admin\\v_a_index.php')
 4 SYSTEMPATH\View\View.php(216): CodeIgniter\View\View->CodeIgniter\View\{closure}()
 5 SYSTEMPATH\Common.php(1134): CodeIgniter\View\View->render('v_admin/v_a_index', [], true)
 6 APPPATH\Controllers\AdminController\Admin.php(25): view('v_admin/v_a_index', [...])
 7 SYSTEMPATH\CodeIgniter.php(927): App\Controllers\AdminController\Admin->index()
 8 SYSTEMPATH\CodeIgniter.php(482): CodeIgniter\CodeIgniter->runController(Object(App\Controllers\AdminController\Admin))
 9 SYSTEMPATH\CodeIgniter.php(351): CodeIgniter\CodeIgniter->handleRequest(null, Object(Config\Cache), false)
10 FCPATH\index.php(67): CodeIgniter\CodeIgniter->run()
11 SYSTEMPATH\Commands\Server\rewrite.php(46): require_once('FCPATH\\index.php')
CRITICAL - 2022-12-22 00:42:14 --> Attempt to read property "UserName" on array
in APPPATH\Views\v_admin\v_a_dashboard.php on line 60.
 1 APPPATH\Views\v_admin\v_a_dashboard.php(60): CodeIgniter\Debug\Exceptions->errorHandler(2, 'Attempt to read property "UserName" on array', 'APPPATH\\Views\\v_admin\\v_a_dashboard.php', 60)
 2 APPPATH\Views\v_admin\v_a_index.php(19): include('APPPATH\\Views\\v_admin\\v_a_dashboard.php')
 3 SYSTEMPATH\View\View.php(213): include('APPPATH\\Views\\v_admin\\v_a_index.php')
 4 SYSTEMPATH\View\View.php(216): CodeIgniter\View\View->CodeIgniter\View\{closure}()
 5 SYSTEMPATH\Common.php(1134): CodeIgniter\View\View->render('v_admin/v_a_index', [], true)
 6 APPPATH\Controllers\AdminController\Admin.php(25): view('v_admin/v_a_index', [...])
 7 SYSTEMPATH\CodeIgniter.php(927): App\Controllers\AdminController\Admin->index()
 8 SYSTEMPATH\CodeIgniter.php(482): CodeIgniter\CodeIgniter->runController(Object(App\Controllers\AdminController\Admin))
 9 SYSTEMPATH\CodeIgniter.php(351): CodeIgniter\CodeIgniter->handleRequest(null, Object(Config\Cache), false)
10 FCPATH\index.php(67): CodeIgniter\CodeIgniter->run()
11 SYSTEMPATH\Commands\Server\rewrite.php(46): require_once('FCPATH\\index.php')
CRITICAL - 2022-12-22 00:42:48 --> Attempt to read property "Username" on array
in APPPATH\Views\v_admin\v_a_dashboard.php on line 60.
 1 APPPATH\Views\v_admin\v_a_dashboard.php(60): CodeIgniter\Debug\Exceptions->errorHandler(2, 'Attempt to read property "Username" on array', 'APPPATH\\Views\\v_admin\\v_a_dashboard.php', 60)
 2 APPPATH\Views\v_admin\v_a_index.php(19): include('APPPATH\\Views\\v_admin\\v_a_dashboard.php')
 3 SYSTEMPATH\View\View.php(213): include('APPPATH\\Views\\v_admin\\v_a_index.php')
 4 SYSTEMPATH\View\View.php(216): CodeIgniter\View\View->CodeIgniter\View\{closure}()
 5 SYSTEMPATH\Common.php(1134): CodeIgniter\View\View->render('v_admin/v_a_index', [], true)
 6 APPPATH\Controllers\AdminController\Admin.php(25): view('v_admin/v_a_index', [...])
 7 SYSTEMPATH\CodeIgniter.php(927): App\Controllers\AdminController\Admin->index()
 8 SYSTEMPATH\CodeIgniter.php(482): CodeIgniter\CodeIgniter->runController(Object(App\Controllers\AdminController\Admin))
 9 SYSTEMPATH\CodeIgniter.php(351): CodeIgniter\CodeIgniter->handleRequest(null, Object(Config\Cache), false)
10 FCPATH\index.php(67): CodeIgniter\CodeIgniter->run()
11 SYSTEMPATH\Commands\Server\rewrite.php(46): require_once('FCPATH\\index.php')
CRITICAL - 2022-12-22 00:42:55 --> Attempt to read property "Username" on array
in APPPATH\Views\v_admin\v_a_dashboard.php on line 60.
 1 APPPATH\Views\v_admin\v_a_dashboard.php(60): CodeIgniter\Debug\Exceptions->errorHandler(2, 'Attempt to read property "Username" on array', 'APPPATH\\Views\\v_admin\\v_a_dashboard.php', 60)
 2 APPPATH\Views\v_admin\v_a_index.php(19): include('APPPATH\\Views\\v_admin\\v_a_dashboard.php')
 3 SYSTEMPATH\View\View.php(213): include('APPPATH\\Views\\v_admin\\v_a_index.php')
 4 SYSTEMPATH\View\View.php(216): CodeIgniter\View\View->CodeIgniter\View\{closure}()
 5 SYSTEMPATH\Common.php(1134): CodeIgniter\View\View->render('v_admin/v_a_index', [], true)
 6 APPPATH\Controllers\AdminController\Admin.php(25): view('v_admin/v_a_index', [...])
 7 SYSTEMPATH\CodeIgniter.php(927): App\Controllers\AdminController\Admin->index()
 8 SYSTEMPATH\CodeIgniter.php(482): CodeIgniter\CodeIgniter->runController(Object(App\Controllers\AdminController\Admin))
 9 SYSTEMPATH\CodeIgniter.php(351): CodeIgniter\CodeIgniter->handleRequest(null, Object(Config\Cache), false)
10 FCPATH\index.php(67): CodeIgniter\CodeIgniter->run()
11 SYSTEMPATH\Commands\Server\rewrite.php(46): require_once('FCPATH\\index.php')
CRITICAL - 2022-12-22 00:42:57 --> Attempt to read property "Username" on array
in APPPATH\Views\v_admin\v_a_dashboard.php on line 60.
 1 APPPATH\Views\v_admin\v_a_dashboard.php(60): CodeIgniter\Debug\Exceptions->errorHandler(2, 'Attempt to read property "Username" on array', 'APPPATH\\Views\\v_admin\\v_a_dashboard.php', 60)
 2 APPPATH\Views\v_admin\v_a_index.php(19): include('APPPATH\\Views\\v_admin\\v_a_dashboard.php')
 3 SYSTEMPATH\View\View.php(213): include('APPPATH\\Views\\v_admin\\v_a_index.php')
 4 SYSTEMPATH\View\View.php(216): CodeIgniter\View\View->CodeIgniter\View\{closure}()
 5 SYSTEMPATH\Common.php(1134): CodeIgniter\View\View->render('v_admin/v_a_index', [], true)
 6 APPPATH\Controllers\AdminController\Admin.php(25): view('v_admin/v_a_index', [...])
 7 SYSTEMPATH\CodeIgniter.php(927): App\Controllers\AdminController\Admin->index()
 8 SYSTEMPATH\CodeIgniter.php(482): CodeIgniter\CodeIgniter->runController(Object(App\Controllers\AdminController\Admin))
 9 SYSTEMPATH\CodeIgniter.php(351): CodeIgniter\CodeIgniter->handleRequest(null, Object(Config\Cache), false)
10 FCPATH\index.php(67): CodeIgniter\CodeIgniter->run()
11 SYSTEMPATH\Commands\Server\rewrite.php(46): require_once('FCPATH\\index.php')
CRITICAL - 2022-12-22 00:42:59 --> Attempt to read property "Username" on array
in APPPATH\Views\v_admin\v_a_dashboard.php on line 60.
 1 APPPATH\Views\v_admin\v_a_dashboard.php(60): CodeIgniter\Debug\Exceptions->errorHandler(2, 'Attempt to read property "Username" on array', 'APPPATH\\Views\\v_admin\\v_a_dashboard.php', 60)
 2 APPPATH\Views\v_admin\v_a_index.php(19): include('APPPATH\\Views\\v_admin\\v_a_dashboard.php')
 3 SYSTEMPATH\View\View.php(213): include('APPPATH\\Views\\v_admin\\v_a_index.php')
 4 SYSTEMPATH\View\View.php(216): CodeIgniter\View\View->CodeIgniter\View\{closure}()
 5 SYSTEMPATH\Common.php(1134): CodeIgniter\View\View->render('v_admin/v_a_index', [], true)
 6 APPPATH\Controllers\AdminController\Admin.php(25): view('v_admin/v_a_index', [...])
 7 SYSTEMPATH\CodeIgniter.php(927): App\Controllers\AdminController\Admin->index()
 8 SYSTEMPATH\CodeIgniter.php(482): CodeIgniter\CodeIgniter->runController(Object(App\Controllers\AdminController\Admin))
 9 SYSTEMPATH\CodeIgniter.php(351): CodeIgniter\CodeIgniter->handleRequest(null, Object(Config\Cache), false)
10 FCPATH\index.php(67): CodeIgniter\CodeIgniter->run()
11 SYSTEMPATH\Commands\Server\rewrite.php(46): require_once('FCPATH\\index.php')
CRITICAL - 2022-12-22 00:43:10 --> Undefined array key "Username"
in APPPATH\Views\v_admin\v_a_dashboard.php on line 60.
 1 APPPATH\Views\v_admin\v_a_dashboard.php(60): CodeIgniter\Debug\Exceptions->errorHandler(2, 'Undefined array key "Username"', 'APPPATH\\Views\\v_admin\\v_a_dashboard.php', 60)
 2 APPPATH\Views\v_admin\v_a_index.php(19): include('APPPATH\\Views\\v_admin\\v_a_dashboard.php')
 3 SYSTEMPATH\View\View.php(213): include('APPPATH\\Views\\v_admin\\v_a_index.php')
 4 SYSTEMPATH\View\View.php(216): CodeIgniter\View\View->CodeIgniter\View\{closure}()
 5 SYSTEMPATH\Common.php(1134): CodeIgniter\View\View->render('v_admin/v_a_index', [], true)
 6 APPPATH\Controllers\AdminController\Admin.php(25): view('v_admin/v_a_index', [...])
 7 SYSTEMPATH\CodeIgniter.php(927): App\Controllers\AdminController\Admin->index()
 8 SYSTEMPATH\CodeIgniter.php(482): CodeIgniter\CodeIgniter->runController(Object(App\Controllers\AdminController\Admin))
 9 SYSTEMPATH\CodeIgniter.php(351): CodeIgniter\CodeIgniter->handleRequest(null, Object(Config\Cache), false)
10 FCPATH\index.php(67): CodeIgniter\CodeIgniter->run()
11 SYSTEMPATH\Commands\Server\rewrite.php(46): require_once('FCPATH\\index.php')
CRITICAL - 2022-12-22 00:43:31 --> syntax error, unexpected token "as", expecting ")"
in APPPATH\Views\v_admin\v_a_dashboard.php on line 60.
 1 SYSTEMPATH\View\View.php(213): include()
 2 SYSTEMPATH\View\View.php(216): CodeIgniter\View\View->CodeIgniter\View\{closure}()
 3 SYSTEMPATH\Common.php(1134): CodeIgniter\View\View->render('v_admin/v_a_index', [], true)
 4 APPPATH\Controllers\AdminController\Admin.php(25): view('v_admin/v_a_index', [...])
 5 SYSTEMPATH\CodeIgniter.php(927): App\Controllers\AdminController\Admin->index()
 6 SYSTEMPATH\CodeIgniter.php(482): CodeIgniter\CodeIgniter->runController(Object(App\Controllers\AdminController\Admin))
 7 SYSTEMPATH\CodeIgniter.php(351): CodeIgniter\CodeIgniter->handleRequest(null, Object(Config\Cache), false)
 8 FCPATH\index.php(67): CodeIgniter\CodeIgniter->run()
 9 SYSTEMPATH\Commands\Server\rewrite.php(46): require_once('FCPATH\\index.php')
CRITICAL - 2022-12-22 00:43:43 --> Undefined array key "Username"
in APPPATH\Views\v_admin\v_a_dashboard.php on line 60.
 1 APPPATH\Views\v_admin\v_a_dashboard.php(60): CodeIgniter\Debug\Exceptions->errorHandler(2, 'Undefined array key "Username"', 'APPPATH\\Views\\v_admin\\v_a_dashboard.php', 60)
 2 APPPATH\Views\v_admin\v_a_index.php(19): include('APPPATH\\Views\\v_admin\\v_a_dashboard.php')
 3 SYSTEMPATH\View\View.php(213): include('APPPATH\\Views\\v_admin\\v_a_index.php')
 4 SYSTEMPATH\View\View.php(216): CodeIgniter\View\View->CodeIgniter\View\{closure}()
 5 SYSTEMPATH\Common.php(1134): CodeIgniter\View\View->render('v_admin/v_a_index', [], true)
 6 APPPATH\Controllers\AdminController\Admin.php(25): view('v_admin/v_a_index', [...])
 7 SYSTEMPATH\CodeIgniter.php(927): App\Controllers\AdminController\Admin->index()
 8 SYSTEMPATH\CodeIgniter.php(482): CodeIgniter\CodeIgniter->runController(Object(App\Controllers\AdminController\Admin))
 9 SYSTEMPATH\CodeIgniter.php(351): CodeIgniter\CodeIgniter->handleRequest(null, Object(Config\Cache), false)
10 FCPATH\index.php(67): CodeIgniter\CodeIgniter->run()
11 SYSTEMPATH\Commands\Server\rewrite.php(46): require_once('FCPATH\\index.php')
CRITICAL - 2022-12-22 00:43:56 --> mysqli_fetch_assoc(): Argument #1 ($result) must be of type mysqli_result, array given
in APPPATH\Views\v_admin\v_a_dashboard.php on line 60.
 1 APPPATH\Views\v_admin\v_a_dashboard.php(60): mysqli_fetch_assoc([...])
 2 APPPATH\Views\v_admin\v_a_index.php(19): include('APPPATH\\Views\\v_admin\\v_a_dashboard.php')
 3 SYSTEMPATH\View\View.php(213): include('APPPATH\\Views\\v_admin\\v_a_index.php')
 4 SYSTEMPATH\View\View.php(216): CodeIgniter\View\View->CodeIgniter\View\{closure}()
 5 SYSTEMPATH\Common.php(1134): CodeIgniter\View\View->render('v_admin/v_a_index', [], true)
 6 APPPATH\Controllers\AdminController\Admin.php(25): view('v_admin/v_a_index', [...])
 7 SYSTEMPATH\CodeIgniter.php(927): App\Controllers\AdminController\Admin->index()
 8 SYSTEMPATH\CodeIgniter.php(482): CodeIgniter\CodeIgniter->runController(Object(App\Controllers\AdminController\Admin))
 9 SYSTEMPATH\CodeIgniter.php(351): CodeIgniter\CodeIgniter->handleRequest(null, Object(Config\Cache), false)
10 FCPATH\index.php(67): CodeIgniter\CodeIgniter->run()
11 SYSTEMPATH\Commands\Server\rewrite.php(46): require_once('FCPATH\\index.php')
CRITICAL - 2022-12-22 00:44:04 --> syntax error, unexpected token "as", expecting ")"
in APPPATH\Views\v_admin\v_a_dashboard.php on line 60.
 1 SYSTEMPATH\View\View.php(213): include()
 2 SYSTEMPATH\View\View.php(216): CodeIgniter\View\View->CodeIgniter\View\{closure}()
 3 SYSTEMPATH\Common.php(1134): CodeIgniter\View\View->render('v_admin/v_a_index', [], true)
 4 APPPATH\Controllers\AdminController\Admin.php(25): view('v_admin/v_a_index', [...])
 5 SYSTEMPATH\CodeIgniter.php(927): App\Controllers\AdminController\Admin->index()
 6 SYSTEMPATH\CodeIgniter.php(482): CodeIgniter\CodeIgniter->runController(Object(App\Controllers\AdminController\Admin))
 7 SYSTEMPATH\CodeIgniter.php(351): CodeIgniter\CodeIgniter->handleRequest(null, Object(Config\Cache), false)
 8 FCPATH\index.php(67): CodeIgniter\CodeIgniter->run()
 9 SYSTEMPATH\Commands\Server\rewrite.php(46): require_once('FCPATH\\index.php')
CRITICAL - 2022-12-22 00:44:13 --> syntax error, unexpected token "as", expecting ")"
in APPPATH\Views\v_admin\v_a_dashboard.php on line 60.
 1 SYSTEMPATH\View\View.php(213): include()
 2 SYSTEMPATH\View\View.php(216): CodeIgniter\View\View->CodeIgniter\View\{closure}()
 3 SYSTEMPATH\Common.php(1134): CodeIgniter\View\View->render('v_admin/v_a_index', [], true)
 4 APPPATH\Controllers\AdminController\Admin.php(25): view('v_admin/v_a_index', [...])
 5 SYSTEMPATH\CodeIgniter.php(927): App\Controllers\AdminController\Admin->index()
 6 SYSTEMPATH\CodeIgniter.php(482): CodeIgniter\CodeIgniter->runController(Object(App\Controllers\AdminController\Admin))
 7 SYSTEMPATH\CodeIgniter.php(351): CodeIgniter\CodeIgniter->handleRequest(null, Object(Config\Cache), false)
 8 FCPATH\index.php(67): CodeIgniter\CodeIgniter->run()
 9 SYSTEMPATH\Commands\Server\rewrite.php(46): require_once('FCPATH\\index.php')
