ERROR - 2022-12-19 01:48:16 --> mysqli_sql_exception: Duplicate entry '' for key 'Username' in J:\Source Code\CloneProject\vendor\codeigniter4\framework\system\Database\MySQLi\Connection.php:292
Stack trace:
#0 J:\Source Code\CloneProject\vendor\codeigniter4\framework\system\Database\MySQLi\Connection.php(292): mysqli->query('INSERT INTO `us...', 0)
#1 J:\Source Code\CloneProject\vendor\codeigniter4\framework\system\Database\BaseConnection.php(666): CodeIgniter\Database\MySQLi\Connection->execute('INSERT INTO `us...')
#2 J:\Source Code\CloneProject\vendor\codeigniter4\framework\system\Database\BaseConnection.php(593): CodeIgniter\Database\BaseConnection->simpleQuery('INSERT INTO `us...')
#3 J:\Source Code\CloneProject\vendor\codeigniter4\framework\system\Database\BaseBuilder.php(1916): CodeIgniter\Database\BaseConnection->query('INSERT INTO `us...', Array, false)
#4 J:\Source Code\CloneProject\vendor\codeigniter4\framework\system\Model.php(279): CodeIgniter\Database\BaseBuilder->insert()
#5 J:\Source Code\CloneProject\vendor\codeigniter4\framework\system\BaseModel.php(749): CodeIgniter\Model->doInsert(Array)
#6 J:\Source Code\CloneProject\vendor\codeigniter4\framework\system\Model.php(667): CodeIgniter\BaseModel->insert(Array, false)
#7 J:\Source Code\CloneProject\vendor\codeigniter4\framework\system\BaseModel.php(659): CodeIgniter\Model->insert(Array, false)
#8 J:\Source Code\CloneProject\app\Models\AdminModel.php(33): CodeIgniter\BaseModel->save(Array)
#9 J:\Source Code\CloneProject\app\Controllers\AdminController\Admin.php(156): App\Models\AdminModel->updateDataUser(Array)
#10 J:\Source Code\CloneProject\vendor\codeigniter4\framework\system\CodeIgniter.php(927): App\Controllers\AdminController\Admin->logout()
#11 J:\Source Code\CloneProject\vendor\codeigniter4\framework\system\CodeIgniter.php(482): CodeIgniter\CodeIgniter->runController(Object(App\Controllers\AdminController\Admin))
#12 J:\Source Code\CloneProject\vendor\codeigniter4\framework\system\CodeIgniter.php(351): CodeIgniter\CodeIgniter->handleRequest(NULL, Object(Config\Cache), false)
#13 J:\Source Code\CloneProject\public\index.php(67): CodeIgniter\CodeIgniter->run()
#14 J:\Source Code\CloneProject\vendor\codeigniter4\framework\system\Commands\Server\rewrite.php(46): require_once('J:\\Source Code\\...')
#15 {main}
CRITICAL - 2022-12-19 01:48:16 --> Duplicate entry '' for key 'Username'
in SYSTEMPATH\Database\MySQLi\Connection.php on line 292.
 1 SYSTEMPATH\Database\MySQLi\Connection.php(292): mysqli->query('INSERT INTO `user` (`LastLogin`) VALUES (\'2022-12-19T01:48:16\')', 0)
 2 SYSTEMPATH\Database\BaseConnection.php(666): CodeIgniter\Database\MySQLi\Connection->execute('INSERT INTO `user` (`LastLogin`) VALUES (\'2022-12-19T01:48:16\')')
 3 SYSTEMPATH\Database\BaseConnection.php(593): CodeIgniter\Database\BaseConnection->simpleQuery('INSERT INTO `user` (`LastLogin`) VALUES (\'2022-12-19T01:48:16\')')
 4 SYSTEMPATH\Database\BaseBuilder.php(1916): CodeIgniter\Database\BaseConnection->query('INSERT INTO `user` (`LastLogin`) VALUES (:LastLogin:)', [...], false)
 5 SYSTEMPATH\Model.php(279): CodeIgniter\Database\BaseBuilder->insert()
 6 SYSTEMPATH\BaseModel.php(749): CodeIgniter\Model->doInsert([...])
 7 SYSTEMPATH\Model.php(667): CodeIgniter\BaseModel->insert([...], false)
 8 SYSTEMPATH\BaseModel.php(659): CodeIgniter\Model->insert([...], false)
 9 APPPATH\Models\AdminModel.php(33): CodeIgniter\BaseModel->save([...])
10 APPPATH\Controllers\AdminController\Admin.php(156): App\Models\AdminModel->updateDataUser([...])
11 SYSTEMPATH\CodeIgniter.php(927): App\Controllers\AdminController\Admin->logout()
12 SYSTEMPATH\CodeIgniter.php(482): CodeIgniter\CodeIgniter->runController(Object(App\Controllers\AdminController\Admin))
13 SYSTEMPATH\CodeIgniter.php(351): CodeIgniter\CodeIgniter->handleRequest(null, Object(Config\Cache), false)
14 FCPATH\index.php(67): CodeIgniter\CodeIgniter->run()
15 SYSTEMPATH\Commands\Server\rewrite.php(46): require_once('FCPATH\\index.php')
ERROR - 2022-12-19 01:48:59 --> mysqli_sql_exception: Duplicate entry '' for key 'Username' in J:\Source Code\CloneProject\vendor\codeigniter4\framework\system\Database\MySQLi\Connection.php:292
Stack trace:
#0 J:\Source Code\CloneProject\vendor\codeigniter4\framework\system\Database\MySQLi\Connection.php(292): mysqli->query('INSERT INTO `us...', 0)
#1 J:\Source Code\CloneProject\vendor\codeigniter4\framework\system\Database\BaseConnection.php(666): CodeIgniter\Database\MySQLi\Connection->execute('INSERT INTO `us...')
#2 J:\Source Code\CloneProject\vendor\codeigniter4\framework\system\Database\BaseConnection.php(593): CodeIgniter\Database\BaseConnection->simpleQuery('INSERT INTO `us...')
#3 J:\Source Code\CloneProject\vendor\codeigniter4\framework\system\Database\BaseBuilder.php(1916): CodeIgniter\Database\BaseConnection->query('INSERT INTO `us...', Array, false)
#4 J:\Source Code\CloneProject\vendor\codeigniter4\framework\system\Model.php(279): CodeIgniter\Database\BaseBuilder->insert()
#5 J:\Source Code\CloneProject\vendor\codeigniter4\framework\system\BaseModel.php(749): CodeIgniter\Model->doInsert(Array)
#6 J:\Source Code\CloneProject\vendor\codeigniter4\framework\system\Model.php(667): CodeIgniter\BaseModel->insert(Array, false)
#7 J:\Source Code\CloneProject\vendor\codeigniter4\framework\system\BaseModel.php(659): CodeIgniter\Model->insert(Array, false)
#8 J:\Source Code\CloneProject\app\Models\AdminModel.php(33): CodeIgniter\BaseModel->save(Array)
#9 J:\Source Code\CloneProject\app\Controllers\AdminController\Admin.php(156): App\Models\AdminModel->updateDataUser(Array)
#10 J:\Source Code\CloneProject\vendor\codeigniter4\framework\system\CodeIgniter.php(927): App\Controllers\AdminController\Admin->logout()
#11 J:\Source Code\CloneProject\vendor\codeigniter4\framework\system\CodeIgniter.php(482): CodeIgniter\CodeIgniter->runController(Object(App\Controllers\AdminController\Admin))
#12 J:\Source Code\CloneProject\vendor\codeigniter4\framework\system\CodeIgniter.php(351): CodeIgniter\CodeIgniter->handleRequest(NULL, Object(Config\Cache), false)
#13 J:\Source Code\CloneProject\public\index.php(67): CodeIgniter\CodeIgniter->run()
#14 J:\Source Code\CloneProject\vendor\codeigniter4\framework\system\Commands\Server\rewrite.php(46): require_once('J:\\Source Code\\...')
#15 {main}
CRITICAL - 2022-12-19 01:48:59 --> Duplicate entry '' for key 'Username'
in SYSTEMPATH\Database\MySQLi\Connection.php on line 292.
 1 SYSTEMPATH\Database\MySQLi\Connection.php(292): mysqli->query('INSERT INTO `user` (`LastLogin`) VALUES (\'2022-12-19T01:48:58\')', 0)
 2 SYSTEMPATH\Database\BaseConnection.php(666): CodeIgniter\Database\MySQLi\Connection->execute('INSERT INTO `user` (`LastLogin`) VALUES (\'2022-12-19T01:48:58\')')
 3 SYSTEMPATH\Database\BaseConnection.php(593): CodeIgniter\Database\BaseConnection->simpleQuery('INSERT INTO `user` (`LastLogin`) VALUES (\'2022-12-19T01:48:58\')')
 4 SYSTEMPATH\Database\BaseBuilder.php(1916): CodeIgniter\Database\BaseConnection->query('INSERT INTO `user` (`LastLogin`) VALUES (:LastLogin:)', [...], false)
 5 SYSTEMPATH\Model.php(279): CodeIgniter\Database\BaseBuilder->insert()
 6 SYSTEMPATH\BaseModel.php(749): CodeIgniter\Model->doInsert([...])
 7 SYSTEMPATH\Model.php(667): CodeIgniter\BaseModel->insert([...], false)
 8 SYSTEMPATH\BaseModel.php(659): CodeIgniter\Model->insert([...], false)
 9 APPPATH\Models\AdminModel.php(33): CodeIgniter\BaseModel->save([...])
10 APPPATH\Controllers\AdminController\Admin.php(156): App\Models\AdminModel->updateDataUser([...])
11 SYSTEMPATH\CodeIgniter.php(927): App\Controllers\AdminController\Admin->logout()
12 SYSTEMPATH\CodeIgniter.php(482): CodeIgniter\CodeIgniter->runController(Object(App\Controllers\AdminController\Admin))
13 SYSTEMPATH\CodeIgniter.php(351): CodeIgniter\CodeIgniter->handleRequest(null, Object(Config\Cache), false)
14 FCPATH\index.php(67): CodeIgniter\CodeIgniter->run()
15 SYSTEMPATH\Commands\Server\rewrite.php(46): require_once('FCPATH\\index.php')
ERROR - 2022-12-19 01:49:00 --> mysqli_sql_exception: Duplicate entry '' for key 'Username' in J:\Source Code\CloneProject\vendor\codeigniter4\framework\system\Database\MySQLi\Connection.php:292
Stack trace:
#0 J:\Source Code\CloneProject\vendor\codeigniter4\framework\system\Database\MySQLi\Connection.php(292): mysqli->query('INSERT INTO `us...', 0)
#1 J:\Source Code\CloneProject\vendor\codeigniter4\framework\system\Database\BaseConnection.php(666): CodeIgniter\Database\MySQLi\Connection->execute('INSERT INTO `us...')
#2 J:\Source Code\CloneProject\vendor\codeigniter4\framework\system\Database\BaseConnection.php(593): CodeIgniter\Database\BaseConnection->simpleQuery('INSERT INTO `us...')
#3 J:\Source Code\CloneProject\vendor\codeigniter4\framework\system\Database\BaseBuilder.php(1916): CodeIgniter\Database\BaseConnection->query('INSERT INTO `us...', Array, false)
#4 J:\Source Code\CloneProject\vendor\codeigniter4\framework\system\Model.php(279): CodeIgniter\Database\BaseBuilder->insert()
#5 J:\Source Code\CloneProject\vendor\codeigniter4\framework\system\BaseModel.php(749): CodeIgniter\Model->doInsert(Array)
#6 J:\Source Code\CloneProject\vendor\codeigniter4\framework\system\Model.php(667): CodeIgniter\BaseModel->insert(Array, false)
#7 J:\Source Code\CloneProject\vendor\codeigniter4\framework\system\BaseModel.php(659): CodeIgniter\Model->insert(Array, false)
#8 J:\Source Code\CloneProject\app\Models\AdminModel.php(33): CodeIgniter\BaseModel->save(Array)
#9 J:\Source Code\CloneProject\app\Controllers\AdminController\Admin.php(156): App\Models\AdminModel->updateDataUser(Array)
#10 J:\Source Code\CloneProject\vendor\codeigniter4\framework\system\CodeIgniter.php(927): App\Controllers\AdminController\Admin->logout()
#11 J:\Source Code\CloneProject\vendor\codeigniter4\framework\system\CodeIgniter.php(482): CodeIgniter\CodeIgniter->runController(Object(App\Controllers\AdminController\Admin))
#12 J:\Source Code\CloneProject\vendor\codeigniter4\framework\system\CodeIgniter.php(351): CodeIgniter\CodeIgniter->handleRequest(NULL, Object(Config\Cache), false)
#13 J:\Source Code\CloneProject\public\index.php(67): CodeIgniter\CodeIgniter->run()
#14 J:\Source Code\CloneProject\vendor\codeigniter4\framework\system\Commands\Server\rewrite.php(46): require_once('J:\\Source Code\\...')
#15 {main}
CRITICAL - 2022-12-19 01:49:00 --> Duplicate entry '' for key 'Username'
in SYSTEMPATH\Database\MySQLi\Connection.php on line 292.
 1 SYSTEMPATH\Database\MySQLi\Connection.php(292): mysqli->query('INSERT INTO `user` (`LastLogin`) VALUES (\'2022-12-19T01:49:00\')', 0)
 2 SYSTEMPATH\Database\BaseConnection.php(666): CodeIgniter\Database\MySQLi\Connection->execute('INSERT INTO `user` (`LastLogin`) VALUES (\'2022-12-19T01:49:00\')')
 3 SYSTEMPATH\Database\BaseConnection.php(593): CodeIgniter\Database\BaseConnection->simpleQuery('INSERT INTO `user` (`LastLogin`) VALUES (\'2022-12-19T01:49:00\')')
 4 SYSTEMPATH\Database\BaseBuilder.php(1916): CodeIgniter\Database\BaseConnection->query('INSERT INTO `user` (`LastLogin`) VALUES (:LastLogin:)', [...], false)
 5 SYSTEMPATH\Model.php(279): CodeIgniter\Database\BaseBuilder->insert()
 6 SYSTEMPATH\BaseModel.php(749): CodeIgniter\Model->doInsert([...])
 7 SYSTEMPATH\Model.php(667): CodeIgniter\BaseModel->insert([...], false)
 8 SYSTEMPATH\BaseModel.php(659): CodeIgniter\Model->insert([...], false)
 9 APPPATH\Models\AdminModel.php(33): CodeIgniter\BaseModel->save([...])
10 APPPATH\Controllers\AdminController\Admin.php(156): App\Models\AdminModel->updateDataUser([...])
11 SYSTEMPATH\CodeIgniter.php(927): App\Controllers\AdminController\Admin->logout()
12 SYSTEMPATH\CodeIgniter.php(482): CodeIgniter\CodeIgniter->runController(Object(App\Controllers\AdminController\Admin))
13 SYSTEMPATH\CodeIgniter.php(351): CodeIgniter\CodeIgniter->handleRequest(null, Object(Config\Cache), false)
14 FCPATH\index.php(67): CodeIgniter\CodeIgniter->run()
15 SYSTEMPATH\Commands\Server\rewrite.php(46): require_once('FCPATH\\index.php')
ERROR - 2022-12-19 01:49:14 --> mysqli_sql_exception: Duplicate entry '' for key 'Username' in J:\Source Code\CloneProject\vendor\codeigniter4\framework\system\Database\MySQLi\Connection.php:292
Stack trace:
#0 J:\Source Code\CloneProject\vendor\codeigniter4\framework\system\Database\MySQLi\Connection.php(292): mysqli->query('INSERT INTO `us...', 0)
#1 J:\Source Code\CloneProject\vendor\codeigniter4\framework\system\Database\BaseConnection.php(666): CodeIgniter\Database\MySQLi\Connection->execute('INSERT INTO `us...')
#2 J:\Source Code\CloneProject\vendor\codeigniter4\framework\system\Database\BaseConnection.php(593): CodeIgniter\Database\BaseConnection->simpleQuery('INSERT INTO `us...')
#3 J:\Source Code\CloneProject\vendor\codeigniter4\framework\system\Database\BaseBuilder.php(1916): CodeIgniter\Database\BaseConnection->query('INSERT INTO `us...', Array, false)
#4 J:\Source Code\CloneProject\vendor\codeigniter4\framework\system\Model.php(279): CodeIgniter\Database\BaseBuilder->insert()
#5 J:\Source Code\CloneProject\vendor\codeigniter4\framework\system\BaseModel.php(749): CodeIgniter\Model->doInsert(Array)
#6 J:\Source Code\CloneProject\vendor\codeigniter4\framework\system\Model.php(667): CodeIgniter\BaseModel->insert(Array, false)
#7 J:\Source Code\CloneProject\vendor\codeigniter4\framework\system\BaseModel.php(659): CodeIgniter\Model->insert(Array, false)
#8 J:\Source Code\CloneProject\app\Models\AdminModel.php(33): CodeIgniter\BaseModel->save(Array)
#9 J:\Source Code\CloneProject\app\Controllers\AdminController\Admin.php(156): App\Models\AdminModel->updateDataUser(Array)
#10 J:\Source Code\CloneProject\vendor\codeigniter4\framework\system\CodeIgniter.php(927): App\Controllers\AdminController\Admin->logout()
#11 J:\Source Code\CloneProject\vendor\codeigniter4\framework\system\CodeIgniter.php(482): CodeIgniter\CodeIgniter->runController(Object(App\Controllers\AdminController\Admin))
#12 J:\Source Code\CloneProject\vendor\codeigniter4\framework\system\CodeIgniter.php(351): CodeIgniter\CodeIgniter->handleRequest(NULL, Object(Config\Cache), false)
#13 J:\Source Code\CloneProject\public\index.php(67): CodeIgniter\CodeIgniter->run()
#14 J:\Source Code\CloneProject\vendor\codeigniter4\framework\system\Commands\Server\rewrite.php(46): require_once('J:\\Source Code\\...')
#15 {main}
CRITICAL - 2022-12-19 01:49:14 --> Duplicate entry '' for key 'Username'
in SYSTEMPATH\Database\MySQLi\Connection.php on line 292.
 1 SYSTEMPATH\Database\MySQLi\Connection.php(292): mysqli->query('INSERT INTO `user` (`LastLogin`) VALUES (\'2022-12-19T01:49:14\')', 0)
 2 SYSTEMPATH\Database\BaseConnection.php(666): CodeIgniter\Database\MySQLi\Connection->execute('INSERT INTO `user` (`LastLogin`) VALUES (\'2022-12-19T01:49:14\')')
 3 SYSTEMPATH\Database\BaseConnection.php(593): CodeIgniter\Database\BaseConnection->simpleQuery('INSERT INTO `user` (`LastLogin`) VALUES (\'2022-12-19T01:49:14\')')
 4 SYSTEMPATH\Database\BaseBuilder.php(1916): CodeIgniter\Database\BaseConnection->query('INSERT INTO `user` (`LastLogin`) VALUES (:LastLogin:)', [...], false)
 5 SYSTEMPATH\Model.php(279): CodeIgniter\Database\BaseBuilder->insert()
 6 SYSTEMPATH\BaseModel.php(749): CodeIgniter\Model->doInsert([...])
 7 SYSTEMPATH\Model.php(667): CodeIgniter\BaseModel->insert([...], false)
 8 SYSTEMPATH\BaseModel.php(659): CodeIgniter\Model->insert([...], false)
 9 APPPATH\Models\AdminModel.php(33): CodeIgniter\BaseModel->save([...])
10 APPPATH\Controllers\AdminController\Admin.php(156): App\Models\AdminModel->updateDataUser([...])
11 SYSTEMPATH\CodeIgniter.php(927): App\Controllers\AdminController\Admin->logout()
12 SYSTEMPATH\CodeIgniter.php(482): CodeIgniter\CodeIgniter->runController(Object(App\Controllers\AdminController\Admin))
13 SYSTEMPATH\CodeIgniter.php(351): CodeIgniter\CodeIgniter->handleRequest(null, Object(Config\Cache), false)
14 FCPATH\index.php(67): CodeIgniter\CodeIgniter->run()
15 SYSTEMPATH\Commands\Server\rewrite.php(46): require_once('FCPATH\\index.php')
ERROR - 2022-12-19 01:50:17 --> mysqli_sql_exception: Duplicate entry '' for key 'Username' in J:\Source Code\CloneProject\vendor\codeigniter4\framework\system\Database\MySQLi\Connection.php:292
Stack trace:
#0 J:\Source Code\CloneProject\vendor\codeigniter4\framework\system\Database\MySQLi\Connection.php(292): mysqli->query('INSERT INTO `us...', 0)
#1 J:\Source Code\CloneProject\vendor\codeigniter4\framework\system\Database\BaseConnection.php(666): CodeIgniter\Database\MySQLi\Connection->execute('INSERT INTO `us...')
#2 J:\Source Code\CloneProject\vendor\codeigniter4\framework\system\Database\BaseConnection.php(593): CodeIgniter\Database\BaseConnection->simpleQuery('INSERT INTO `us...')
#3 J:\Source Code\CloneProject\vendor\codeigniter4\framework\system\Database\BaseBuilder.php(1916): CodeIgniter\Database\BaseConnection->query('INSERT INTO `us...', Array, false)
#4 J:\Source Code\CloneProject\vendor\codeigniter4\framework\system\Model.php(279): CodeIgniter\Database\BaseBuilder->insert()
#5 J:\Source Code\CloneProject\vendor\codeigniter4\framework\system\BaseModel.php(749): CodeIgniter\Model->doInsert(Array)
#6 J:\Source Code\CloneProject\vendor\codeigniter4\framework\system\Model.php(667): CodeIgniter\BaseModel->insert(Array, false)
#7 J:\Source Code\CloneProject\vendor\codeigniter4\framework\system\BaseModel.php(659): CodeIgniter\Model->insert(Array, false)
#8 J:\Source Code\CloneProject\app\Models\AdminModel.php(33): CodeIgniter\BaseModel->save(Array)
#9 J:\Source Code\CloneProject\app\Controllers\AdminController\Admin.php(156): App\Models\AdminModel->updateDataUser(Array)
#10 J:\Source Code\CloneProject\vendor\codeigniter4\framework\system\CodeIgniter.php(927): App\Controllers\AdminController\Admin->logout()
#11 J:\Source Code\CloneProject\vendor\codeigniter4\framework\system\CodeIgniter.php(482): CodeIgniter\CodeIgniter->runController(Object(App\Controllers\AdminController\Admin))
#12 J:\Source Code\CloneProject\vendor\codeigniter4\framework\system\CodeIgniter.php(351): CodeIgniter\CodeIgniter->handleRequest(NULL, Object(Config\Cache), false)
#13 J:\Source Code\CloneProject\public\index.php(67): CodeIgniter\CodeIgniter->run()
#14 J:\Source Code\CloneProject\vendor\codeigniter4\framework\system\Commands\Server\rewrite.php(46): require_once('J:\\Source Code\\...')
#15 {main}
CRITICAL - 2022-12-19 01:50:17 --> Duplicate entry '' for key 'Username'
in SYSTEMPATH\Database\MySQLi\Connection.php on line 292.
 1 SYSTEMPATH\Database\MySQLi\Connection.php(292): mysqli->query('INSERT INTO `user` (`LastLogin`) VALUES (\'2022-12-19T01:50:17\')', 0)
 2 SYSTEMPATH\Database\BaseConnection.php(666): CodeIgniter\Database\MySQLi\Connection->execute('INSERT INTO `user` (`LastLogin`) VALUES (\'2022-12-19T01:50:17\')')
 3 SYSTEMPATH\Database\BaseConnection.php(593): CodeIgniter\Database\BaseConnection->simpleQuery('INSERT INTO `user` (`LastLogin`) VALUES (\'2022-12-19T01:50:17\')')
 4 SYSTEMPATH\Database\BaseBuilder.php(1916): CodeIgniter\Database\BaseConnection->query('INSERT INTO `user` (`LastLogin`) VALUES (:LastLogin:)', [...], false)
 5 SYSTEMPATH\Model.php(279): CodeIgniter\Database\BaseBuilder->insert()
 6 SYSTEMPATH\BaseModel.php(749): CodeIgniter\Model->doInsert([...])
 7 SYSTEMPATH\Model.php(667): CodeIgniter\BaseModel->insert([...], false)
 8 SYSTEMPATH\BaseModel.php(659): CodeIgniter\Model->insert([...], false)
 9 APPPATH\Models\AdminModel.php(33): CodeIgniter\BaseModel->save([...])
10 APPPATH\Controllers\AdminController\Admin.php(156): App\Models\AdminModel->updateDataUser([...])
11 SYSTEMPATH\CodeIgniter.php(927): App\Controllers\AdminController\Admin->logout()
12 SYSTEMPATH\CodeIgniter.php(482): CodeIgniter\CodeIgniter->runController(Object(App\Controllers\AdminController\Admin))
13 SYSTEMPATH\CodeIgniter.php(351): CodeIgniter\CodeIgniter->handleRequest(null, Object(Config\Cache), false)
14 FCPATH\index.php(67): CodeIgniter\CodeIgniter->run()
15 SYSTEMPATH\Commands\Server\rewrite.php(46): require_once('FCPATH\\index.php')
ERROR - 2022-12-19 01:51:03 --> mysqli_sql_exception: Duplicate entry '' for key 'Username' in J:\Source Code\CloneProject\vendor\codeigniter4\framework\system\Database\MySQLi\Connection.php:292
Stack trace:
#0 J:\Source Code\CloneProject\vendor\codeigniter4\framework\system\Database\MySQLi\Connection.php(292): mysqli->query('INSERT INTO `us...', 0)
#1 J:\Source Code\CloneProject\vendor\codeigniter4\framework\system\Database\BaseConnection.php(666): CodeIgniter\Database\MySQLi\Connection->execute('INSERT INTO `us...')
#2 J:\Source Code\CloneProject\vendor\codeigniter4\framework\system\Database\BaseConnection.php(593): CodeIgniter\Database\BaseConnection->simpleQuery('INSERT INTO `us...')
#3 J:\Source Code\CloneProject\vendor\codeigniter4\framework\system\Database\BaseBuilder.php(1916): CodeIgniter\Database\BaseConnection->query('INSERT INTO `us...', Array, false)
#4 J:\Source Code\CloneProject\vendor\codeigniter4\framework\system\Model.php(279): CodeIgniter\Database\BaseBuilder->insert()
#5 J:\Source Code\CloneProject\vendor\codeigniter4\framework\system\BaseModel.php(749): CodeIgniter\Model->doInsert(Array)
#6 J:\Source Code\CloneProject\vendor\codeigniter4\framework\system\Model.php(667): CodeIgniter\BaseModel->insert(Array, false)
#7 J:\Source Code\CloneProject\vendor\codeigniter4\framework\system\BaseModel.php(659): CodeIgniter\Model->insert(Array, false)
#8 J:\Source Code\CloneProject\app\Models\AdminModel.php(33): CodeIgniter\BaseModel->save(Array)
#9 J:\Source Code\CloneProject\app\Controllers\AdminController\Admin.php(156): App\Models\AdminModel->updateDataUser(Array)
#10 J:\Source Code\CloneProject\vendor\codeigniter4\framework\system\CodeIgniter.php(927): App\Controllers\AdminController\Admin->logout()
#11 J:\Source Code\CloneProject\vendor\codeigniter4\framework\system\CodeIgniter.php(482): CodeIgniter\CodeIgniter->runController(Object(App\Controllers\AdminController\Admin))
#12 J:\Source Code\CloneProject\vendor\codeigniter4\framework\system\CodeIgniter.php(351): CodeIgniter\CodeIgniter->handleRequest(NULL, Object(Config\Cache), false)
#13 J:\Source Code\CloneProject\public\index.php(67): CodeIgniter\CodeIgniter->run()
#14 J:\Source Code\CloneProject\vendor\codeigniter4\framework\system\Commands\Server\rewrite.php(46): require_once('J:\\Source Code\\...')
#15 {main}
CRITICAL - 2022-12-19 01:51:03 --> Duplicate entry '' for key 'Username'
in SYSTEMPATH\Database\MySQLi\Connection.php on line 292.
 1 SYSTEMPATH\Database\MySQLi\Connection.php(292): mysqli->query('INSERT INTO `user` (`LastLogin`) VALUES (\'2022-12-19T01:51:03\')', 0)
 2 SYSTEMPATH\Database\BaseConnection.php(666): CodeIgniter\Database\MySQLi\Connection->execute('INSERT INTO `user` (`LastLogin`) VALUES (\'2022-12-19T01:51:03\')')
 3 SYSTEMPATH\Database\BaseConnection.php(593): CodeIgniter\Database\BaseConnection->simpleQuery('INSERT INTO `user` (`LastLogin`) VALUES (\'2022-12-19T01:51:03\')')
 4 SYSTEMPATH\Database\BaseBuilder.php(1916): CodeIgniter\Database\BaseConnection->query('INSERT INTO `user` (`LastLogin`) VALUES (:LastLogin:)', [...], false)
 5 SYSTEMPATH\Model.php(279): CodeIgniter\Database\BaseBuilder->insert()
 6 SYSTEMPATH\BaseModel.php(749): CodeIgniter\Model->doInsert([...])
 7 SYSTEMPATH\Model.php(667): CodeIgniter\BaseModel->insert([...], false)
 8 SYSTEMPATH\BaseModel.php(659): CodeIgniter\Model->insert([...], false)
 9 APPPATH\Models\AdminModel.php(33): CodeIgniter\BaseModel->save([...])
10 APPPATH\Controllers\AdminController\Admin.php(156): App\Models\AdminModel->updateDataUser([...])
11 SYSTEMPATH\CodeIgniter.php(927): App\Controllers\AdminController\Admin->logout()
12 SYSTEMPATH\CodeIgniter.php(482): CodeIgniter\CodeIgniter->runController(Object(App\Controllers\AdminController\Admin))
13 SYSTEMPATH\CodeIgniter.php(351): CodeIgniter\CodeIgniter->handleRequest(null, Object(Config\Cache), false)
14 FCPATH\index.php(67): CodeIgniter\CodeIgniter->run()
15 SYSTEMPATH\Commands\Server\rewrite.php(46): require_once('FCPATH\\index.php')
ERROR - 2022-12-19 01:51:39 --> mysqli_sql_exception: Duplicate entry '' for key 'Username' in J:\Source Code\CloneProject\vendor\codeigniter4\framework\system\Database\MySQLi\Connection.php:292
Stack trace:
#0 J:\Source Code\CloneProject\vendor\codeigniter4\framework\system\Database\MySQLi\Connection.php(292): mysqli->query('INSERT INTO `us...', 0)
#1 J:\Source Code\CloneProject\vendor\codeigniter4\framework\system\Database\BaseConnection.php(666): CodeIgniter\Database\MySQLi\Connection->execute('INSERT INTO `us...')
#2 J:\Source Code\CloneProject\vendor\codeigniter4\framework\system\Database\BaseConnection.php(593): CodeIgniter\Database\BaseConnection->simpleQuery('INSERT INTO `us...')
#3 J:\Source Code\CloneProject\vendor\codeigniter4\framework\system\Database\BaseBuilder.php(1916): CodeIgniter\Database\BaseConnection->query('INSERT INTO `us...', Array, false)
#4 J:\Source Code\CloneProject\vendor\codeigniter4\framework\system\Model.php(279): CodeIgniter\Database\BaseBuilder->insert()
#5 J:\Source Code\CloneProject\vendor\codeigniter4\framework\system\BaseModel.php(749): CodeIgniter\Model->doInsert(Array)
#6 J:\Source Code\CloneProject\vendor\codeigniter4\framework\system\Model.php(667): CodeIgniter\BaseModel->insert(Array, false)
#7 J:\Source Code\CloneProject\vendor\codeigniter4\framework\system\BaseModel.php(659): CodeIgniter\Model->insert(Array, false)
#8 J:\Source Code\CloneProject\app\Models\AdminModel.php(33): CodeIgniter\BaseModel->save(Array)
#9 J:\Source Code\CloneProject\app\Controllers\AdminController\Admin.php(156): App\Models\AdminModel->updateDataUser(Array)
#10 J:\Source Code\CloneProject\vendor\codeigniter4\framework\system\CodeIgniter.php(927): App\Controllers\AdminController\Admin->logout()
#11 J:\Source Code\CloneProject\vendor\codeigniter4\framework\system\CodeIgniter.php(482): CodeIgniter\CodeIgniter->runController(Object(App\Controllers\AdminController\Admin))
#12 J:\Source Code\CloneProject\vendor\codeigniter4\framework\system\CodeIgniter.php(351): CodeIgniter\CodeIgniter->handleRequest(NULL, Object(Config\Cache), false)
#13 J:\Source Code\CloneProject\public\index.php(67): CodeIgniter\CodeIgniter->run()
#14 J:\Source Code\CloneProject\vendor\codeigniter4\framework\system\Commands\Server\rewrite.php(46): require_once('J:\\Source Code\\...')
#15 {main}
CRITICAL - 2022-12-19 01:51:39 --> Duplicate entry '' for key 'Username'
in SYSTEMPATH\Database\MySQLi\Connection.php on line 292.
 1 SYSTEMPATH\Database\MySQLi\Connection.php(292): mysqli->query('INSERT INTO `user` (`LastLogin`) VALUES (\'2022-12-19T01:51:39\')', 0)
 2 SYSTEMPATH\Database\BaseConnection.php(666): CodeIgniter\Database\MySQLi\Connection->execute('INSERT INTO `user` (`LastLogin`) VALUES (\'2022-12-19T01:51:39\')')
 3 SYSTEMPATH\Database\BaseConnection.php(593): CodeIgniter\Database\BaseConnection->simpleQuery('INSERT INTO `user` (`LastLogin`) VALUES (\'2022-12-19T01:51:39\')')
 4 SYSTEMPATH\Database\BaseBuilder.php(1916): CodeIgniter\Database\BaseConnection->query('INSERT INTO `user` (`LastLogin`) VALUES (:LastLogin:)', [...], false)
 5 SYSTEMPATH\Model.php(279): CodeIgniter\Database\BaseBuilder->insert()
 6 SYSTEMPATH\BaseModel.php(749): CodeIgniter\Model->doInsert([...])
 7 SYSTEMPATH\Model.php(667): CodeIgniter\BaseModel->insert([...], false)
 8 SYSTEMPATH\BaseModel.php(659): CodeIgniter\Model->insert([...], false)
 9 APPPATH\Models\AdminModel.php(33): CodeIgniter\BaseModel->save([...])
10 APPPATH\Controllers\AdminController\Admin.php(156): App\Models\AdminModel->updateDataUser([...])
11 SYSTEMPATH\CodeIgniter.php(927): App\Controllers\AdminController\Admin->logout()
12 SYSTEMPATH\CodeIgniter.php(482): CodeIgniter\CodeIgniter->runController(Object(App\Controllers\AdminController\Admin))
13 SYSTEMPATH\CodeIgniter.php(351): CodeIgniter\CodeIgniter->handleRequest(null, Object(Config\Cache), false)
14 FCPATH\index.php(67): CodeIgniter\CodeIgniter->run()
15 SYSTEMPATH\Commands\Server\rewrite.php(46): require_once('FCPATH\\index.php')
ERROR - 2022-12-19 01:52:09 --> mysqli_sql_exception: Duplicate entry '' for key 'Username' in J:\Source Code\CloneProject\vendor\codeigniter4\framework\system\Database\MySQLi\Connection.php:292
Stack trace:
#0 J:\Source Code\CloneProject\vendor\codeigniter4\framework\system\Database\MySQLi\Connection.php(292): mysqli->query('INSERT INTO `us...', 0)
#1 J:\Source Code\CloneProject\vendor\codeigniter4\framework\system\Database\BaseConnection.php(666): CodeIgniter\Database\MySQLi\Connection->execute('INSERT INTO `us...')
#2 J:\Source Code\CloneProject\vendor\codeigniter4\framework\system\Database\BaseConnection.php(593): CodeIgniter\Database\BaseConnection->simpleQuery('INSERT INTO `us...')
#3 J:\Source Code\CloneProject\vendor\codeigniter4\framework\system\Database\BaseBuilder.php(1916): CodeIgniter\Database\BaseConnection->query('INSERT INTO `us...', Array, false)
#4 J:\Source Code\CloneProject\vendor\codeigniter4\framework\system\Model.php(279): CodeIgniter\Database\BaseBuilder->insert()
#5 J:\Source Code\CloneProject\vendor\codeigniter4\framework\system\BaseModel.php(749): CodeIgniter\Model->doInsert(Array)
#6 J:\Source Code\CloneProject\vendor\codeigniter4\framework\system\Model.php(667): CodeIgniter\BaseModel->insert(Array, false)
#7 J:\Source Code\CloneProject\vendor\codeigniter4\framework\system\BaseModel.php(659): CodeIgniter\Model->insert(Array, false)
#8 J:\Source Code\CloneProject\app\Models\AdminModel.php(33): CodeIgniter\BaseModel->save(Array)
#9 J:\Source Code\CloneProject\app\Controllers\AdminController\Admin.php(157): App\Models\AdminModel->updateDataUser(Array)
#10 J:\Source Code\CloneProject\vendor\codeigniter4\framework\system\CodeIgniter.php(927): App\Controllers\AdminController\Admin->logout()
#11 J:\Source Code\CloneProject\vendor\codeigniter4\framework\system\CodeIgniter.php(482): CodeIgniter\CodeIgniter->runController(Object(App\Controllers\AdminController\Admin))
#12 J:\Source Code\CloneProject\vendor\codeigniter4\framework\system\CodeIgniter.php(351): CodeIgniter\CodeIgniter->handleRequest(NULL, Object(Config\Cache), false)
#13 J:\Source Code\CloneProject\public\index.php(67): CodeIgniter\CodeIgniter->run()
#14 J:\Source Code\CloneProject\vendor\codeigniter4\framework\system\Commands\Server\rewrite.php(46): require_once('J:\\Source Code\\...')
#15 {main}
CRITICAL - 2022-12-19 01:52:09 --> Duplicate entry '' for key 'Username'
in SYSTEMPATH\Database\MySQLi\Connection.php on line 292.
 1 SYSTEMPATH\Database\MySQLi\Connection.php(292): mysqli->query('INSERT INTO `user` (`LastLogin`) VALUES (\'2022-12-19T01:52:08\')', 0)
 2 SYSTEMPATH\Database\BaseConnection.php(666): CodeIgniter\Database\MySQLi\Connection->execute('INSERT INTO `user` (`LastLogin`) VALUES (\'2022-12-19T01:52:08\')')
 3 SYSTEMPATH\Database\BaseConnection.php(593): CodeIgniter\Database\BaseConnection->simpleQuery('INSERT INTO `user` (`LastLogin`) VALUES (\'2022-12-19T01:52:08\')')
 4 SYSTEMPATH\Database\BaseBuilder.php(1916): CodeIgniter\Database\BaseConnection->query('INSERT INTO `user` (`LastLogin`) VALUES (:LastLogin:)', [...], false)
 5 SYSTEMPATH\Model.php(279): CodeIgniter\Database\BaseBuilder->insert()
 6 SYSTEMPATH\BaseModel.php(749): CodeIgniter\Model->doInsert([...])
 7 SYSTEMPATH\Model.php(667): CodeIgniter\BaseModel->insert([...], false)
 8 SYSTEMPATH\BaseModel.php(659): CodeIgniter\Model->insert([...], false)
 9 APPPATH\Models\AdminModel.php(33): CodeIgniter\BaseModel->save([...])
10 APPPATH\Controllers\AdminController\Admin.php(157): App\Models\AdminModel->updateDataUser([...])
11 SYSTEMPATH\CodeIgniter.php(927): App\Controllers\AdminController\Admin->logout()
12 SYSTEMPATH\CodeIgniter.php(482): CodeIgniter\CodeIgniter->runController(Object(App\Controllers\AdminController\Admin))
13 SYSTEMPATH\CodeIgniter.php(351): CodeIgniter\CodeIgniter->handleRequest(null, Object(Config\Cache), false)
14 FCPATH\index.php(67): CodeIgniter\CodeIgniter->run()
15 SYSTEMPATH\Commands\Server\rewrite.php(46): require_once('FCPATH\\index.php')
ERROR - 2022-12-19 01:53:10 --> mysqli_sql_exception: Duplicate entry '' for key 'Username' in J:\Source Code\CloneProject\vendor\codeigniter4\framework\system\Database\MySQLi\Connection.php:292
Stack trace:
#0 J:\Source Code\CloneProject\vendor\codeigniter4\framework\system\Database\MySQLi\Connection.php(292): mysqli->query('INSERT INTO `us...', 0)
#1 J:\Source Code\CloneProject\vendor\codeigniter4\framework\system\Database\BaseConnection.php(666): CodeIgniter\Database\MySQLi\Connection->execute('INSERT INTO `us...')
#2 J:\Source Code\CloneProject\vendor\codeigniter4\framework\system\Database\BaseConnection.php(593): CodeIgniter\Database\BaseConnection->simpleQuery('INSERT INTO `us...')
#3 J:\Source Code\CloneProject\vendor\codeigniter4\framework\system\Database\BaseBuilder.php(1916): CodeIgniter\Database\BaseConnection->query('INSERT INTO `us...', Array, false)
#4 J:\Source Code\CloneProject\vendor\codeigniter4\framework\system\Model.php(279): CodeIgniter\Database\BaseBuilder->insert()
#5 J:\Source Code\CloneProject\vendor\codeigniter4\framework\system\BaseModel.php(749): CodeIgniter\Model->doInsert(Array)
#6 J:\Source Code\CloneProject\vendor\codeigniter4\framework\system\Model.php(667): CodeIgniter\BaseModel->insert(Array, false)
#7 J:\Source Code\CloneProject\vendor\codeigniter4\framework\system\BaseModel.php(659): CodeIgniter\Model->insert(Array, false)
#8 J:\Source Code\CloneProject\app\Models\AdminModel.php(33): CodeIgniter\BaseModel->save(Array)
#9 J:\Source Code\CloneProject\app\Controllers\AdminController\Admin.php(157): App\Models\AdminModel->updateDataUser(Array)
#10 J:\Source Code\CloneProject\vendor\codeigniter4\framework\system\CodeIgniter.php(927): App\Controllers\AdminController\Admin->logout()
#11 J:\Source Code\CloneProject\vendor\codeigniter4\framework\system\CodeIgniter.php(482): CodeIgniter\CodeIgniter->runController(Object(App\Controllers\AdminController\Admin))
#12 J:\Source Code\CloneProject\vendor\codeigniter4\framework\system\CodeIgniter.php(351): CodeIgniter\CodeIgniter->handleRequest(NULL, Object(Config\Cache), false)
#13 J:\Source Code\CloneProject\public\index.php(67): CodeIgniter\CodeIgniter->run()
#14 J:\Source Code\CloneProject\vendor\codeigniter4\framework\system\Commands\Server\rewrite.php(46): require_once('J:\\Source Code\\...')
#15 {main}
CRITICAL - 2022-12-19 01:53:10 --> Duplicate entry '' for key 'Username'
in SYSTEMPATH\Database\MySQLi\Connection.php on line 292.
 1 SYSTEMPATH\Database\MySQLi\Connection.php(292): mysqli->query('INSERT INTO `user` (`LastLogin`) VALUES (\'2022-12-19T01:53:10\')', 0)
 2 SYSTEMPATH\Database\BaseConnection.php(666): CodeIgniter\Database\MySQLi\Connection->execute('INSERT INTO `user` (`LastLogin`) VALUES (\'2022-12-19T01:53:10\')')
 3 SYSTEMPATH\Database\BaseConnection.php(593): CodeIgniter\Database\BaseConnection->simpleQuery('INSERT INTO `user` (`LastLogin`) VALUES (\'2022-12-19T01:53:10\')')
 4 SYSTEMPATH\Database\BaseBuilder.php(1916): CodeIgniter\Database\BaseConnection->query('INSERT INTO `user` (`LastLogin`) VALUES (:LastLogin:)', [...], false)
 5 SYSTEMPATH\Model.php(279): CodeIgniter\Database\BaseBuilder->insert()
 6 SYSTEMPATH\BaseModel.php(749): CodeIgniter\Model->doInsert([...])
 7 SYSTEMPATH\Model.php(667): CodeIgniter\BaseModel->insert([...], false)
 8 SYSTEMPATH\BaseModel.php(659): CodeIgniter\Model->insert([...], false)
 9 APPPATH\Models\AdminModel.php(33): CodeIgniter\BaseModel->save([...])
10 APPPATH\Controllers\AdminController\Admin.php(157): App\Models\AdminModel->updateDataUser([...])
11 SYSTEMPATH\CodeIgniter.php(927): App\Controllers\AdminController\Admin->logout()
12 SYSTEMPATH\CodeIgniter.php(482): CodeIgniter\CodeIgniter->runController(Object(App\Controllers\AdminController\Admin))
13 SYSTEMPATH\CodeIgniter.php(351): CodeIgniter\CodeIgniter->handleRequest(null, Object(Config\Cache), false)
14 FCPATH\index.php(67): CodeIgniter\CodeIgniter->run()
15 SYSTEMPATH\Commands\Server\rewrite.php(46): require_once('FCPATH\\index.php')
CRITICAL - 2022-12-19 02:04:50 --> Trying to access array offset on value of type null
in APPPATH\Controllers\AdminController\Admin.php on line 142.
 1 APPPATH\Controllers\AdminController\Admin.php(142): CodeIgniter\Debug\Exceptions->errorHandler(2, 'Trying to access array offset on value of type null', 'APPPATH\\Controllers\\AdminController\\Admin.php', 142)
 2 SYSTEMPATH\CodeIgniter.php(927): App\Controllers\AdminController\Admin->logout()
 3 SYSTEMPATH\CodeIgniter.php(482): CodeIgniter\CodeIgniter->runController(Object(App\Controllers\AdminController\Admin))
 4 SYSTEMPATH\CodeIgniter.php(351): CodeIgniter\CodeIgniter->handleRequest(null, Object(Config\Cache), false)
 5 FCPATH\index.php(67): CodeIgniter\CodeIgniter->run()
 6 SYSTEMPATH\Commands\Server\rewrite.php(46): require_once('FCPATH\\index.php')
CRITICAL - 2022-12-19 02:05:01 --> Trying to access array offset on value of type null
in APPPATH\Controllers\AdminController\Admin.php on line 142.
 1 APPPATH\Controllers\AdminController\Admin.php(142): CodeIgniter\Debug\Exceptions->errorHandler(2, 'Trying to access array offset on value of type null', 'APPPATH\\Controllers\\AdminController\\Admin.php', 142)
 2 SYSTEMPATH\CodeIgniter.php(927): App\Controllers\AdminController\Admin->logout()
 3 SYSTEMPATH\CodeIgniter.php(482): CodeIgniter\CodeIgniter->runController(Object(App\Controllers\AdminController\Admin))
 4 SYSTEMPATH\CodeIgniter.php(351): CodeIgniter\CodeIgniter->handleRequest(null, Object(Config\Cache), false)
 5 FCPATH\index.php(67): CodeIgniter\CodeIgniter->run()
 6 SYSTEMPATH\Commands\Server\rewrite.php(46): require_once('FCPATH\\index.php')
CRITICAL - 2022-12-19 02:05:30 --> Trying to access array offset on value of type null
in APPPATH\Controllers\AdminController\Admin.php on line 142.
 1 APPPATH\Controllers\AdminController\Admin.php(142): CodeIgniter\Debug\Exceptions->errorHandler(2, 'Trying to access array offset on value of type null', 'APPPATH\\Controllers\\AdminController\\Admin.php', 142)
 2 SYSTEMPATH\CodeIgniter.php(927): App\Controllers\AdminController\Admin->logout()
 3 SYSTEMPATH\CodeIgniter.php(482): CodeIgniter\CodeIgniter->runController(Object(App\Controllers\AdminController\Admin))
 4 SYSTEMPATH\CodeIgniter.php(351): CodeIgniter\CodeIgniter->handleRequest(null, Object(Config\Cache), false)
 5 FCPATH\index.php(67): CodeIgniter\CodeIgniter->run()
 6 SYSTEMPATH\Commands\Server\rewrite.php(46): require_once('FCPATH\\index.php')
CRITICAL - 2022-12-19 02:05:31 --> Trying to access array offset on value of type null
in APPPATH\Controllers\AdminController\Admin.php on line 142.
 1 APPPATH\Controllers\AdminController\Admin.php(142): CodeIgniter\Debug\Exceptions->errorHandler(2, 'Trying to access array offset on value of type null', 'APPPATH\\Controllers\\AdminController\\Admin.php', 142)
 2 SYSTEMPATH\CodeIgniter.php(927): App\Controllers\AdminController\Admin->logout()
 3 SYSTEMPATH\CodeIgniter.php(482): CodeIgniter\CodeIgniter->runController(Object(App\Controllers\AdminController\Admin))
 4 SYSTEMPATH\CodeIgniter.php(351): CodeIgniter\CodeIgniter->handleRequest(null, Object(Config\Cache), false)
 5 FCPATH\index.php(67): CodeIgniter\CodeIgniter->run()
 6 SYSTEMPATH\Commands\Server\rewrite.php(46): require_once('FCPATH\\index.php')
CRITICAL - 2022-12-19 02:05:45 --> Invalid file: http://localhost:8080/admin/login.php
in SYSTEMPATH\Exceptions\FrameworkException.php on line 33.
 1 SYSTEMPATH\View\View.php(201): CodeIgniter\Exceptions\FrameworkException::forInvalidFile('http://localhost:8080/admin/login.php')
 2 SYSTEMPATH\Common.php(1134): CodeIgniter\View\View->render('http://localhost:8080/admin/login', [], true)
 3 APPPATH\Controllers\AdminController\Admin.php(168): view('http://localhost:8080/admin/login')
 4 SYSTEMPATH\CodeIgniter.php(927): App\Controllers\AdminController\Admin->logout()
 5 SYSTEMPATH\CodeIgniter.php(482): CodeIgniter\CodeIgniter->runController(Object(App\Controllers\AdminController\Admin))
 6 SYSTEMPATH\CodeIgniter.php(351): CodeIgniter\CodeIgniter->handleRequest(null, Object(Config\Cache), false)
 7 FCPATH\index.php(67): CodeIgniter\CodeIgniter->run()
 8 SYSTEMPATH\Commands\Server\rewrite.php(46): require_once('FCPATH\\index.php')
CRITICAL - 2022-12-19 02:06:35 --> Trying to access array offset on value of type null
in APPPATH\Controllers\AdminController\Admin.php on line 142.
 1 APPPATH\Controllers\AdminController\Admin.php(142): CodeIgniter\Debug\Exceptions->errorHandler(2, 'Trying to access array offset on value of type null', 'APPPATH\\Controllers\\AdminController\\Admin.php', 142)
 2 SYSTEMPATH\CodeIgniter.php(927): App\Controllers\AdminController\Admin->logout()
 3 SYSTEMPATH\CodeIgniter.php(482): CodeIgniter\CodeIgniter->runController(Object(App\Controllers\AdminController\Admin))
 4 SYSTEMPATH\CodeIgniter.php(351): CodeIgniter\CodeIgniter->handleRequest(null, Object(Config\Cache), false)
 5 FCPATH\index.php(67): CodeIgniter\CodeIgniter->run()
 6 SYSTEMPATH\Commands\Server\rewrite.php(46): require_once('FCPATH\\index.php')
CRITICAL - 2022-12-19 02:06:53 --> Trying to access array offset on value of type null
in APPPATH\Controllers\AdminController\Admin.php on line 142.
 1 APPPATH\Controllers\AdminController\Admin.php(142): CodeIgniter\Debug\Exceptions->errorHandler(2, 'Trying to access array offset on value of type null', 'APPPATH\\Controllers\\AdminController\\Admin.php', 142)
 2 SYSTEMPATH\CodeIgniter.php(927): App\Controllers\AdminController\Admin->logout()
 3 SYSTEMPATH\CodeIgniter.php(482): CodeIgniter\CodeIgniter->runController(Object(App\Controllers\AdminController\Admin))
 4 SYSTEMPATH\CodeIgniter.php(351): CodeIgniter\CodeIgniter->handleRequest(null, Object(Config\Cache), false)
 5 FCPATH\index.php(67): CodeIgniter\CodeIgniter->run()
 6 SYSTEMPATH\Commands\Server\rewrite.php(46): require_once('FCPATH\\index.php')
CRITICAL - 2022-12-19 02:07:33 --> Trying to access array offset on value of type null
in APPPATH\Controllers\AdminController\Admin.php on line 142.
 1 APPPATH\Controllers\AdminController\Admin.php(142): CodeIgniter\Debug\Exceptions->errorHandler(2, 'Trying to access array offset on value of type null', 'APPPATH\\Controllers\\AdminController\\Admin.php', 142)
 2 SYSTEMPATH\CodeIgniter.php(927): App\Controllers\AdminController\Admin->logout()
 3 SYSTEMPATH\CodeIgniter.php(482): CodeIgniter\CodeIgniter->runController(Object(App\Controllers\AdminController\Admin))
 4 SYSTEMPATH\CodeIgniter.php(351): CodeIgniter\CodeIgniter->handleRequest(null, Object(Config\Cache), false)
 5 FCPATH\index.php(67): CodeIgniter\CodeIgniter->run()
 6 SYSTEMPATH\Commands\Server\rewrite.php(46): require_once('FCPATH\\index.php')
CRITICAL - 2022-12-19 02:07:45 --> Trying to access array offset on value of type null
in APPPATH\Controllers\AdminController\Admin.php on line 142.
 1 APPPATH\Controllers\AdminController\Admin.php(142): CodeIgniter\Debug\Exceptions->errorHandler(2, 'Trying to access array offset on value of type null', 'APPPATH\\Controllers\\AdminController\\Admin.php', 142)
 2 SYSTEMPATH\CodeIgniter.php(927): App\Controllers\AdminController\Admin->logout()
 3 SYSTEMPATH\CodeIgniter.php(482): CodeIgniter\CodeIgniter->runController(Object(App\Controllers\AdminController\Admin))
 4 SYSTEMPATH\CodeIgniter.php(351): CodeIgniter\CodeIgniter->handleRequest(null, Object(Config\Cache), false)
 5 FCPATH\index.php(67): CodeIgniter\CodeIgniter->run()
 6 SYSTEMPATH\Commands\Server\rewrite.php(46): require_once('FCPATH\\index.php')
CRITICAL - 2022-12-19 08:26:11 --> Undefined array key "MenuPrice"
in APPPATH\Views\v_admin\v_a_insert_menu.php on line 102.
 1 APPPATH\Views\v_admin\v_a_insert_menu.php(102): CodeIgniter\Debug\Exceptions->errorHandler(2, 'Undefined array key "MenuPrice"', 'APPPATH\\Views\\v_admin\\v_a_insert_menu.php', 102)
 2 SYSTEMPATH\View\View.php(213): include('APPPATH\\Views\\v_admin\\v_a_insert_menu.php')
 3 SYSTEMPATH\View\View.php(216): CodeIgniter\View\View->CodeIgniter\View\{closure}()
 4 SYSTEMPATH\Common.php(1134): CodeIgniter\View\View->render('v_admin/v_a_insert_menu', [], true)
 5 APPPATH\Controllers\AdminController\Admin.php(35): view('v_admin/v_a_insert_menu', [...])
 6 SYSTEMPATH\CodeIgniter.php(927): App\Controllers\AdminController\Admin->create_menu()
 7 SYSTEMPATH\CodeIgniter.php(482): CodeIgniter\CodeIgniter->runController(Object(App\Controllers\AdminController\Admin))
 8 SYSTEMPATH\CodeIgniter.php(351): CodeIgniter\CodeIgniter->handleRequest(null, Object(Config\Cache), false)
 9 FCPATH\index.php(67): CodeIgniter\CodeIgniter->run()
10 SYSTEMPATH\Commands\Server\rewrite.php(46): require_once('FCPATH\\index.php')
