CRITICAL - 2022-12-16 00:04:15 --> syntax error, unexpected token "}", expecting ";"
in APPPATH\Controllers\AdminController\Admin.php on line 69.
 1 SYSTEMPATH\Autoloader\Autoloader.php(259): CodeIgniter\Autoloader\Autoloader->includeFile('APPPATH\\Controllers\\AdminController\\Admin.php')
 2 SYSTEMPATH\Autoloader\Autoloader.php(237): CodeIgniter\Autoloader\Autoloader->loadInNamespace('App\\Controllers\\AdminController\\Admin')
 3 [internal function]: CodeIgniter\Autoloader\Autoloader->loadClass('App\\Controllers\\AdminController\\Admin')
 4 SYSTEMPATH\CodeIgniter.php(877): class_exists('\\App\\Controllers\\AdminController\\Admin', true)
 5 SYSTEMPATH\CodeIgniter.php(469): CodeIgniter\CodeIgniter->startController()
 6 SYSTEMPATH\CodeIgniter.php(351): CodeIgniter\CodeIgniter->handleRequest(null, Object(Config\Cache), false)
 7 FCPATH\index.php(67): CodeIgniter\CodeIgniter->run()
 8 SYSTEMPATH\Commands\Server\rewrite.php(46): require_once('FCPATH\\index.php')
CRITICAL - 2022-12-16 00:04:27 --> Cannot use [] for reading
in APPPATH\Controllers\AdminController\Admin.php on line 42.
 1 [internal function]: CodeIgniter\Debug\Exceptions->shutdownHandler()
CRITICAL - 2022-12-16 00:06:27 --> syntax error, unexpected token "public"
in APPPATH\Controllers\AdminController\Admin.php on line 68.
 1 SYSTEMPATH\Autoloader\Autoloader.php(259): CodeIgniter\Autoloader\Autoloader->includeFile('APPPATH\\Controllers\\AdminController\\Admin.php')
 2 SYSTEMPATH\Autoloader\Autoloader.php(237): CodeIgniter\Autoloader\Autoloader->loadInNamespace('App\\Controllers\\AdminController\\Admin')
 3 [internal function]: CodeIgniter\Autoloader\Autoloader->loadClass('App\\Controllers\\AdminController\\Admin')
 4 SYSTEMPATH\CodeIgniter.php(877): class_exists('\\App\\Controllers\\AdminController\\Admin', true)
 5 SYSTEMPATH\CodeIgniter.php(469): CodeIgniter\CodeIgniter->startController()
 6 SYSTEMPATH\CodeIgniter.php(351): CodeIgniter\CodeIgniter->handleRequest(null, Object(Config\Cache), false)
 7 FCPATH\index.php(67): CodeIgniter\CodeIgniter->run()
 8 SYSTEMPATH\Commands\Server\rewrite.php(46): require_once('FCPATH\\index.php')
CRITICAL - 2022-12-16 00:06:52 --> syntax error, unexpected token "public"
in APPPATH\Controllers\AdminController\Admin.php on line 70.
 1 SYSTEMPATH\Autoloader\Autoloader.php(259): CodeIgniter\Autoloader\Autoloader->includeFile('APPPATH\\Controllers\\AdminController\\Admin.php')
 2 SYSTEMPATH\Autoloader\Autoloader.php(237): CodeIgniter\Autoloader\Autoloader->loadInNamespace('App\\Controllers\\AdminController\\Admin')
 3 [internal function]: CodeIgniter\Autoloader\Autoloader->loadClass('App\\Controllers\\AdminController\\Admin')
 4 SYSTEMPATH\CodeIgniter.php(877): class_exists('\\App\\Controllers\\AdminController\\Admin', true)
 5 SYSTEMPATH\CodeIgniter.php(469): CodeIgniter\CodeIgniter->startController()
 6 SYSTEMPATH\CodeIgniter.php(351): CodeIgniter\CodeIgniter->handleRequest(null, Object(Config\Cache), false)
 7 FCPATH\index.php(67): CodeIgniter\CodeIgniter->run()
 8 SYSTEMPATH\Commands\Server\rewrite.php(46): require_once('FCPATH\\index.php')
CRITICAL - 2022-12-16 00:07:27 --> Cannot use [] for reading
in APPPATH\Controllers\AdminController\Admin.php on line 38.
 1 [internal function]: CodeIgniter\Debug\Exceptions->shutdownHandler()
CRITICAL - 2022-12-16 00:07:35 --> Cannot use [] for reading
in APPPATH\Controllers\AdminController\Admin.php on line 37.
 1 [internal function]: CodeIgniter\Debug\Exceptions->shutdownHandler()
CRITICAL - 2022-12-16 00:08:24 --> Too few arguments to function App\Models\AdminModel::__construct(), 0 passed in J:\Source Code\CloneProject\app\Controllers\AdminController\Admin.php on line 13 and exactly 1 expected
in APPPATH\Models\AdminModel.php on line 16.
 1 APPPATH\Controllers\AdminController\Admin.php(13): App\Models\AdminModel->__construct()
 2 SYSTEMPATH\CodeIgniter.php(889): App\Controllers\AdminController\Admin->__construct()
 3 SYSTEMPATH\CodeIgniter.php(473): CodeIgniter\CodeIgniter->createController()
 4 SYSTEMPATH\CodeIgniter.php(351): CodeIgniter\CodeIgniter->handleRequest(null, Object(Config\Cache), false)
 5 FCPATH\index.php(67): CodeIgniter\CodeIgniter->run()
 6 SYSTEMPATH\Commands\Server\rewrite.php(46): require_once('FCPATH\\index.php')
CRITICAL - 2022-12-16 00:08:50 --> syntax error, unexpected variable "$this", expecting "function" or "const"
in APPPATH\Controllers\AdminController\Admin.php on line 9.
 1 SYSTEMPATH\Autoloader\Autoloader.php(259): CodeIgniter\Autoloader\Autoloader->includeFile('APPPATH\\Controllers\\AdminController\\Admin.php')
 2 SYSTEMPATH\Autoloader\Autoloader.php(237): CodeIgniter\Autoloader\Autoloader->loadInNamespace('App\\Controllers\\AdminController\\Admin')
 3 [internal function]: CodeIgniter\Autoloader\Autoloader->loadClass('App\\Controllers\\AdminController\\Admin')
 4 SYSTEMPATH\CodeIgniter.php(877): class_exists('\\App\\Controllers\\AdminController\\Admin', true)
 5 SYSTEMPATH\CodeIgniter.php(469): CodeIgniter\CodeIgniter->startController()
 6 SYSTEMPATH\CodeIgniter.php(351): CodeIgniter\CodeIgniter->handleRequest(null, Object(Config\Cache), false)
 7 FCPATH\index.php(67): CodeIgniter\CodeIgniter->run()
 8 SYSTEMPATH\Commands\Server\rewrite.php(46): require_once('FCPATH\\index.php')
CRITICAL - 2022-12-16 00:17:05 --> Undefined property: App\Controllers\AdminController\Admin::$validation
in APPPATH\Controllers\AdminController\Admin.php on line 61.
 1 APPPATH\Controllers\AdminController\Admin.php(61): CodeIgniter\Debug\Exceptions->errorHandler(2, 'Undefined property: App\\Controllers\\AdminController\\Admin::$validation', 'APPPATH\\Controllers\\AdminController\\Admin.php', 61)
 2 SYSTEMPATH\CodeIgniter.php(927): App\Controllers\AdminController\Admin->login()
 3 SYSTEMPATH\CodeIgniter.php(482): CodeIgniter\CodeIgniter->runController(Object(App\Controllers\AdminController\Admin))
 4 SYSTEMPATH\CodeIgniter.php(351): CodeIgniter\CodeIgniter->handleRequest(null, Object(Config\Cache), false)
 5 FCPATH\index.php(67): CodeIgniter\CodeIgniter->run()
 6 SYSTEMPATH\Commands\Server\rewrite.php(46): require_once('FCPATH\\index.php')
CRITICAL - 2022-12-16 00:19:10 --> Undefined property: App\Controllers\AdminController\Admin::$validation
in APPPATH\Controllers\AdminController\Admin.php on line 61.
 1 APPPATH\Controllers\AdminController\Admin.php(61): CodeIgniter\Debug\Exceptions->errorHandler(2, 'Undefined property: App\\Controllers\\AdminController\\Admin::$validation', 'APPPATH\\Controllers\\AdminController\\Admin.php', 61)
 2 SYSTEMPATH\CodeIgniter.php(927): App\Controllers\AdminController\Admin->login()
 3 SYSTEMPATH\CodeIgniter.php(482): CodeIgniter\CodeIgniter->runController(Object(App\Controllers\AdminController\Admin))
 4 SYSTEMPATH\CodeIgniter.php(351): CodeIgniter\CodeIgniter->handleRequest(null, Object(Config\Cache), false)
 5 FCPATH\index.php(67): CodeIgniter\CodeIgniter->run()
 6 SYSTEMPATH\Commands\Server\rewrite.php(46): require_once('FCPATH\\index.php')
CRITICAL - 2022-12-16 00:19:48 --> Too few arguments to function CodeIgniter\HTTP\RedirectResponse::to(), 0 passed in J:\Source Code\CloneProject\app\Controllers\AdminController\Admin.php on line 62 and at least 1 expected
in SYSTEMPATH\HTTP\RedirectResponse.php on line 32.
 1 APPPATH\Controllers\AdminController\Admin.php(62): CodeIgniter\HTTP\RedirectResponse->to()
 2 SYSTEMPATH\CodeIgniter.php(927): App\Controllers\AdminController\Admin->login()
 3 SYSTEMPATH\CodeIgniter.php(482): CodeIgniter\CodeIgniter->runController(Object(App\Controllers\AdminController\Admin))
 4 SYSTEMPATH\CodeIgniter.php(351): CodeIgniter\CodeIgniter->handleRequest(null, Object(Config\Cache), false)
 5 FCPATH\index.php(67): CodeIgniter\CodeIgniter->run()
 6 SYSTEMPATH\Commands\Server\rewrite.php(46): require_once('FCPATH\\index.php')
CRITICAL - 2022-12-16 00:20:17 --> Undefined property: App\Controllers\AdminController\Admin::$validation
in APPPATH\Controllers\AdminController\Admin.php on line 61.
 1 APPPATH\Controllers\AdminController\Admin.php(61): CodeIgniter\Debug\Exceptions->errorHandler(2, 'Undefined property: App\\Controllers\\AdminController\\Admin::$validation', 'APPPATH\\Controllers\\AdminController\\Admin.php', 61)
 2 SYSTEMPATH\CodeIgniter.php(927): App\Controllers\AdminController\Admin->login()
 3 SYSTEMPATH\CodeIgniter.php(482): CodeIgniter\CodeIgniter->runController(Object(App\Controllers\AdminController\Admin))
 4 SYSTEMPATH\CodeIgniter.php(351): CodeIgniter\CodeIgniter->handleRequest(null, Object(Config\Cache), false)
 5 FCPATH\index.php(67): CodeIgniter\CodeIgniter->run()
 6 SYSTEMPATH\Commands\Server\rewrite.php(46): require_once('FCPATH\\index.php')
CRITICAL - 2022-12-16 00:20:20 --> Undefined property: App\Controllers\AdminController\Admin::$validation
in APPPATH\Controllers\AdminController\Admin.php on line 61.
 1 APPPATH\Controllers\AdminController\Admin.php(61): CodeIgniter\Debug\Exceptions->errorHandler(2, 'Undefined property: App\\Controllers\\AdminController\\Admin::$validation', 'APPPATH\\Controllers\\AdminController\\Admin.php', 61)
 2 SYSTEMPATH\CodeIgniter.php(927): App\Controllers\AdminController\Admin->login()
 3 SYSTEMPATH\CodeIgniter.php(482): CodeIgniter\CodeIgniter->runController(Object(App\Controllers\AdminController\Admin))
 4 SYSTEMPATH\CodeIgniter.php(351): CodeIgniter\CodeIgniter->handleRequest(null, Object(Config\Cache), false)
 5 FCPATH\index.php(67): CodeIgniter\CodeIgniter->run()
 6 SYSTEMPATH\Commands\Server\rewrite.php(46): require_once('FCPATH\\index.php')
CRITICAL - 2022-12-16 00:24:09 --> Undefined property: App\Controllers\AdminController\Admin::$validation
in APPPATH\Controllers\AdminController\Admin.php on line 61.
 1 APPPATH\Controllers\AdminController\Admin.php(61): CodeIgniter\Debug\Exceptions->errorHandler(2, 'Undefined property: App\\Controllers\\AdminController\\Admin::$validation', 'APPPATH\\Controllers\\AdminController\\Admin.php', 61)
 2 SYSTEMPATH\CodeIgniter.php(927): App\Controllers\AdminController\Admin->login()
 3 SYSTEMPATH\CodeIgniter.php(482): CodeIgniter\CodeIgniter->runController(Object(App\Controllers\AdminController\Admin))
 4 SYSTEMPATH\CodeIgniter.php(351): CodeIgniter\CodeIgniter->handleRequest(null, Object(Config\Cache), false)
 5 FCPATH\index.php(67): CodeIgniter\CodeIgniter->run()
 6 SYSTEMPATH\Commands\Server\rewrite.php(46): require_once('FCPATH\\index.php')
CRITICAL - 2022-12-16 05:52:37 --> Undefined property: App\Controllers\AdminController\Admin::$validation
in APPPATH\Controllers\AdminController\Admin.php on line 61.
 1 APPPATH\Controllers\AdminController\Admin.php(61): CodeIgniter\Debug\Exceptions->errorHandler(2, 'Undefined property: App\\Controllers\\AdminController\\Admin::$validation', 'APPPATH\\Controllers\\AdminController\\Admin.php', 61)
 2 SYSTEMPATH\CodeIgniter.php(927): App\Controllers\AdminController\Admin->login()
 3 SYSTEMPATH\CodeIgniter.php(482): CodeIgniter\CodeIgniter->runController(Object(App\Controllers\AdminController\Admin))
 4 SYSTEMPATH\CodeIgniter.php(351): CodeIgniter\CodeIgniter->handleRequest(null, Object(Config\Cache), false)
 5 FCPATH\index.php(67): CodeIgniter\CodeIgniter->run()
 6 SYSTEMPATH\Commands\Server\rewrite.php(46): require_once('FCPATH\\index.php')
CRITICAL - 2022-12-16 06:00:23 --> Undefined property: App\Controllers\AdminController\Admin::$validation
in APPPATH\Controllers\AdminController\Admin.php on line 61.
 1 APPPATH\Controllers\AdminController\Admin.php(61): CodeIgniter\Debug\Exceptions->errorHandler(2, 'Undefined property: App\\Controllers\\AdminController\\Admin::$validation', 'APPPATH\\Controllers\\AdminController\\Admin.php', 61)
 2 SYSTEMPATH\CodeIgniter.php(927): App\Controllers\AdminController\Admin->login()
 3 SYSTEMPATH\CodeIgniter.php(482): CodeIgniter\CodeIgniter->runController(Object(App\Controllers\AdminController\Admin))
 4 SYSTEMPATH\CodeIgniter.php(351): CodeIgniter\CodeIgniter->handleRequest(null, Object(Config\Cache), false)
 5 FCPATH\index.php(67): CodeIgniter\CodeIgniter->run()
 6 SYSTEMPATH\Commands\Server\rewrite.php(46): require_once('FCPATH\\index.php')
CRITICAL - 2022-12-16 06:18:51 --> Too few arguments to function App\Models\AdminModel::__construct(), 0 passed in J:\Source Code\CloneProject\app\Controllers\AdminController\Admin.php on line 13 and exactly 1 expected
in APPPATH\Models\AdminModel.php on line 16.
 1 APPPATH\Controllers\AdminController\Admin.php(13): App\Models\AdminModel->__construct()
 2 SYSTEMPATH\CodeIgniter.php(889): App\Controllers\AdminController\Admin->__construct()
 3 SYSTEMPATH\CodeIgniter.php(473): CodeIgniter\CodeIgniter->createController()
 4 SYSTEMPATH\CodeIgniter.php(351): CodeIgniter\CodeIgniter->handleRequest(null, Object(Config\Cache), false)
 5 FCPATH\index.php(67): CodeIgniter\CodeIgniter->run()
 6 SYSTEMPATH\Commands\Server\rewrite.php(46): require_once('FCPATH\\index.php')
CRITICAL - 2022-12-16 06:25:45 --> syntax error, unexpected identifier "session"
in APPPATH\Controllers\AdminController\Admin.php on line 75.
 1 SYSTEMPATH\Router\Router.php(499): CodeIgniter\Router\AutoRouter->getRoute('AdminController/Admin/Login')
 2 SYSTEMPATH\Router\Router.php(205): CodeIgniter\Router\Router->autoRoute('AdminController/Admin/Login')
 3 SYSTEMPATH\CodeIgniter.php(802): CodeIgniter\Router\Router->handle('AdminController/Admin/Login')
 4 SYSTEMPATH\CodeIgniter.php(430): CodeIgniter\CodeIgniter->tryToRouteIt(Object(CodeIgniter\Router\RouteCollection))
 5 SYSTEMPATH\CodeIgniter.php(351): CodeIgniter\CodeIgniter->handleRequest(null, Object(Config\Cache), false)
 6 FCPATH\index.php(67): CodeIgniter\CodeIgniter->run()
 7 SYSTEMPATH\Commands\Server\rewrite.php(46): require_once('FCPATH\\index.php')
CRITICAL - 2022-12-16 06:26:00 --> Call to undefined method App\Controllers\AdminController\Admin::getVar()
in APPPATH\Controllers\AdminController\Admin.php on line 66.
 1 SYSTEMPATH\CodeIgniter.php(927): App\Controllers\AdminController\Admin->login()
 2 SYSTEMPATH\CodeIgniter.php(482): CodeIgniter\CodeIgniter->runController(Object(App\Controllers\AdminController\Admin))
 3 SYSTEMPATH\CodeIgniter.php(351): CodeIgniter\CodeIgniter->handleRequest(null, Object(Config\Cache), false)
 4 FCPATH\index.php(67): CodeIgniter\CodeIgniter->run()
 5 SYSTEMPATH\Commands\Server\rewrite.php(46): require_once('FCPATH\\index.php')
CRITICAL - 2022-12-16 06:45:57 --> syntax error, unexpected variable "$routes"
in APPPATH\Config\Routes.php on line 52.
 1 SYSTEMPATH\CodeIgniter.php(430): CodeIgniter\CodeIgniter->tryToRouteIt(null)
 2 SYSTEMPATH\CodeIgniter.php(351): CodeIgniter\CodeIgniter->handleRequest(null, Object(Config\Cache), false)
 3 FCPATH\index.php(67): CodeIgniter\CodeIgniter->run()
 4 SYSTEMPATH\Commands\Server\rewrite.php(46): require_once('FCPATH\\index.php')
CRITICAL - 2022-12-16 06:46:15 --> syntax error, unexpected variable "$routes"
in APPPATH\Config\Routes.php on line 52.
 1 SYSTEMPATH\CodeIgniter.php(430): CodeIgniter\CodeIgniter->tryToRouteIt(null)
 2 SYSTEMPATH\CodeIgniter.php(351): CodeIgniter\CodeIgniter->handleRequest(null, Object(Config\Cache), false)
 3 FCPATH\index.php(67): CodeIgniter\CodeIgniter->run()
 4 SYSTEMPATH\Commands\Server\rewrite.php(46): require_once('FCPATH\\index.php')
CRITICAL - 2022-12-16 06:46:22 --> syntax error, unexpected variable "$routes"
in APPPATH\Config\Routes.php on line 52.
 1 SYSTEMPATH\CodeIgniter.php(430): CodeIgniter\CodeIgniter->tryToRouteIt(null)
 2 SYSTEMPATH\CodeIgniter.php(351): CodeIgniter\CodeIgniter->handleRequest(null, Object(Config\Cache), false)
 3 FCPATH\index.php(67): CodeIgniter\CodeIgniter->run()
 4 SYSTEMPATH\Commands\Server\rewrite.php(46): require_once('FCPATH\\index.php')
CRITICAL - 2022-12-16 06:46:39 --> syntax error, unexpected variable "$routes"
in APPPATH\Config\Routes.php on line 52.
 1 SYSTEMPATH\CodeIgniter.php(430): CodeIgniter\CodeIgniter->tryToRouteIt(null)
 2 SYSTEMPATH\CodeIgniter.php(351): CodeIgniter\CodeIgniter->handleRequest(null, Object(Config\Cache), false)
 3 FCPATH\index.php(67): CodeIgniter\CodeIgniter->run()
 4 SYSTEMPATH\Commands\Server\rewrite.php(46): require_once('FCPATH\\index.php')
CRITICAL - 2022-12-16 18:39:32 --> Invalid file: v_a_index.php
in SYSTEMPATH\Exceptions\FrameworkException.php on line 33.
 1 SYSTEMPATH\View\View.php(201): CodeIgniter\Exceptions\FrameworkException::forInvalidFile('v_a_index.php')
 2 SYSTEMPATH\Common.php(1134): CodeIgniter\View\View->render('v_a_index', [], true)
 3 APPPATH\Controllers\Home.php(9): view('v_a_index')
 4 SYSTEMPATH\CodeIgniter.php(927): App\Controllers\Home->index()
 5 SYSTEMPATH\CodeIgniter.php(482): CodeIgniter\CodeIgniter->runController(Object(App\Controllers\Home))
 6 SYSTEMPATH\CodeIgniter.php(351): CodeIgniter\CodeIgniter->handleRequest(null, Object(Config\Cache), false)
 7 FCPATH\index.php(67): CodeIgniter\CodeIgniter->run()
 8 SYSTEMPATH\Commands\Server\rewrite.php(46): require_once('FCPATH\\index.php')
CRITICAL - 2022-12-16 18:40:48 --> Invalid file: http://localhost:8080/admin/index.php
in SYSTEMPATH\Exceptions\FrameworkException.php on line 33.
 1 SYSTEMPATH\View\View.php(201): CodeIgniter\Exceptions\FrameworkException::forInvalidFile('http://localhost:8080/admin/index.php')
 2 SYSTEMPATH\Common.php(1134): CodeIgniter\View\View->render('http://localhost:8080/admin/index', [], true)
 3 APPPATH\Controllers\Home.php(9): view('http://localhost:8080/admin/index')
 4 SYSTEMPATH\CodeIgniter.php(927): App\Controllers\Home->index()
 5 SYSTEMPATH\CodeIgniter.php(482): CodeIgniter\CodeIgniter->runController(Object(App\Controllers\Home))
 6 SYSTEMPATH\CodeIgniter.php(351): CodeIgniter\CodeIgniter->handleRequest(null, Object(Config\Cache), false)
 7 FCPATH\index.php(67): CodeIgniter\CodeIgniter->run()
 8 SYSTEMPATH\Commands\Server\rewrite.php(46): require_once('FCPATH\\index.php')
CRITICAL - 2022-12-16 19:13:51 --> syntax error, unexpected token ",", expecting "]"
in APPPATH\Controllers\AdminController\Admin.php on line 51.
 1 SYSTEMPATH\Autoloader\Autoloader.php(259): CodeIgniter\Autoloader\Autoloader->includeFile('APPPATH\\Controllers\\AdminController\\Admin.php')
 2 SYSTEMPATH\Autoloader\Autoloader.php(237): CodeIgniter\Autoloader\Autoloader->loadInNamespace('App\\Controllers\\AdminController\\Admin')
 3 [internal function]: CodeIgniter\Autoloader\Autoloader->loadClass('App\\Controllers\\AdminController\\Admin')
 4 SYSTEMPATH\CodeIgniter.php(877): class_exists('\\App\\Controllers\\AdminController\\Admin', true)
 5 SYSTEMPATH\CodeIgniter.php(469): CodeIgniter\CodeIgniter->startController()
 6 SYSTEMPATH\CodeIgniter.php(351): CodeIgniter\CodeIgniter->handleRequest(null, Object(Config\Cache), false)
 7 FCPATH\index.php(67): CodeIgniter\CodeIgniter->run()
 8 SYSTEMPATH\Commands\Server\rewrite.php(46): require_once('FCPATH\\index.php')
CRITICAL - 2022-12-16 19:14:01 --> syntax error, unexpected token ",", expecting "]"
in APPPATH\Controllers\AdminController\Admin.php on line 51.
 1 SYSTEMPATH\Autoloader\Autoloader.php(259): CodeIgniter\Autoloader\Autoloader->includeFile('APPPATH\\Controllers\\AdminController\\Admin.php')
 2 SYSTEMPATH\Autoloader\Autoloader.php(237): CodeIgniter\Autoloader\Autoloader->loadInNamespace('App\\Controllers\\AdminController\\Admin')
 3 [internal function]: CodeIgniter\Autoloader\Autoloader->loadClass('App\\Controllers\\AdminController\\Admin')
 4 SYSTEMPATH\CodeIgniter.php(877): class_exists('\\App\\Controllers\\AdminController\\Admin', true)
 5 SYSTEMPATH\CodeIgniter.php(469): CodeIgniter\CodeIgniter->startController()
 6 SYSTEMPATH\CodeIgniter.php(351): CodeIgniter\CodeIgniter->handleRequest(null, Object(Config\Cache), false)
 7 FCPATH\index.php(67): CodeIgniter\CodeIgniter->run()
 8 SYSTEMPATH\Commands\Server\rewrite.php(46): require_once('FCPATH\\index.php')
CRITICAL - 2022-12-16 19:14:33 --> syntax error, unexpected token ",", expecting "]"
in APPPATH\Controllers\AdminController\Admin.php on line 51.
 1 SYSTEMPATH\Autoloader\Autoloader.php(259): CodeIgniter\Autoloader\Autoloader->includeFile('APPPATH\\Controllers\\AdminController\\Admin.php')
 2 SYSTEMPATH\Autoloader\Autoloader.php(237): CodeIgniter\Autoloader\Autoloader->loadInNamespace('App\\Controllers\\AdminController\\Admin')
 3 [internal function]: CodeIgniter\Autoloader\Autoloader->loadClass('App\\Controllers\\AdminController\\Admin')
 4 SYSTEMPATH\CodeIgniter.php(877): class_exists('\\App\\Controllers\\AdminController\\Admin', true)
 5 SYSTEMPATH\CodeIgniter.php(469): CodeIgniter\CodeIgniter->startController()
 6 SYSTEMPATH\CodeIgniter.php(351): CodeIgniter\CodeIgniter->handleRequest(null, Object(Config\Cache), false)
 7 FCPATH\index.php(67): CodeIgniter\CodeIgniter->run()
 8 SYSTEMPATH\Commands\Server\rewrite.php(46): require_once('FCPATH\\index.php')
CRITICAL - 2022-12-16 19:14:38 --> syntax error, unexpected token ",", expecting "]"
in APPPATH\Controllers\AdminController\Admin.php on line 51.
 1 SYSTEMPATH\Autoloader\Autoloader.php(259): CodeIgniter\Autoloader\Autoloader->includeFile('APPPATH\\Controllers\\AdminController\\Admin.php')
 2 SYSTEMPATH\Autoloader\Autoloader.php(237): CodeIgniter\Autoloader\Autoloader->loadInNamespace('App\\Controllers\\AdminController\\Admin')
 3 [internal function]: CodeIgniter\Autoloader\Autoloader->loadClass('App\\Controllers\\AdminController\\Admin')
 4 SYSTEMPATH\CodeIgniter.php(877): class_exists('\\App\\Controllers\\AdminController\\Admin', true)
 5 SYSTEMPATH\CodeIgniter.php(469): CodeIgniter\CodeIgniter->startController()
 6 SYSTEMPATH\CodeIgniter.php(351): CodeIgniter\CodeIgniter->handleRequest(null, Object(Config\Cache), false)
 7 FCPATH\index.php(67): CodeIgniter\CodeIgniter->run()
 8 SYSTEMPATH\Commands\Server\rewrite.php(46): require_once('FCPATH\\index.php')
CRITICAL - 2022-12-16 19:22:58 --> syntax error, unexpected token "}", expecting "," or ";"
in APPPATH\Controllers\AdminController\Admin.php on line 146.
 1 SYSTEMPATH\Autoloader\Autoloader.php(259): CodeIgniter\Autoloader\Autoloader->includeFile('APPPATH\\Controllers\\AdminController\\Admin.php')
 2 SYSTEMPATH\Autoloader\Autoloader.php(237): CodeIgniter\Autoloader\Autoloader->loadInNamespace('App\\Controllers\\AdminController\\Admin')
 3 [internal function]: CodeIgniter\Autoloader\Autoloader->loadClass('App\\Controllers\\AdminController\\Admin')
 4 SYSTEMPATH\CodeIgniter.php(877): class_exists('\\App\\Controllers\\AdminController\\Admin', true)
 5 SYSTEMPATH\CodeIgniter.php(469): CodeIgniter\CodeIgniter->startController()
 6 SYSTEMPATH\CodeIgniter.php(351): CodeIgniter\CodeIgniter->handleRequest(null, Object(Config\Cache), false)
 7 FCPATH\index.php(67): CodeIgniter\CodeIgniter->run()
 8 SYSTEMPATH\Commands\Server\rewrite.php(46): require_once('FCPATH\\index.php')
CRITICAL - 2022-12-16 19:23:12 --> Undefined variable $Password
in APPPATH\Controllers\AdminController\Admin.php on line 48.
 1 APPPATH\Controllers\AdminController\Admin.php(48): CodeIgniter\Debug\Exceptions->errorHandler(2, 'Undefined variable $Password', 'APPPATH\\Controllers\\AdminController\\Admin.php', 48)
 2 SYSTEMPATH\CodeIgniter.php(927): App\Controllers\AdminController\Admin->login()
 3 SYSTEMPATH\CodeIgniter.php(482): CodeIgniter\CodeIgniter->runController(Object(App\Controllers\AdminController\Admin))
 4 SYSTEMPATH\CodeIgniter.php(351): CodeIgniter\CodeIgniter->handleRequest(null, Object(Config\Cache), false)
 5 FCPATH\index.php(67): CodeIgniter\CodeIgniter->run()
 6 SYSTEMPATH\Commands\Server\rewrite.php(46): require_once('FCPATH\\index.php')
CRITICAL - 2022-12-16 19:23:58 --> Invalid file: http://localhost:8080/admin/login.php
in SYSTEMPATH\Exceptions\FrameworkException.php on line 33.
 1 SYSTEMPATH\View\View.php(201): CodeIgniter\Exceptions\FrameworkException::forInvalidFile('http://localhost:8080/admin/login.php')
 2 SYSTEMPATH\Common.php(1134): CodeIgniter\View\View->render('http://localhost:8080/admin/login', [], true)
 3 APPPATH\Controllers\AdminController\Admin.php(145): view('http://localhost:8080/admin/login')
 4 SYSTEMPATH\CodeIgniter.php(927): App\Controllers\AdminController\Admin->logout()
 5 SYSTEMPATH\CodeIgniter.php(482): CodeIgniter\CodeIgniter->runController(Object(App\Controllers\AdminController\Admin))
 6 SYSTEMPATH\CodeIgniter.php(351): CodeIgniter\CodeIgniter->handleRequest(null, Object(Config\Cache), false)
 7 FCPATH\index.php(67): CodeIgniter\CodeIgniter->run()
 8 SYSTEMPATH\Commands\Server\rewrite.php(46): require_once('FCPATH\\index.php')
CRITICAL - 2022-12-16 19:25:59 --> syntax error, unexpected token "}", expecting ";"
in APPPATH\Controllers\AdminController\Admin.php on line 146.
 1 SYSTEMPATH\Autoloader\Autoloader.php(259): CodeIgniter\Autoloader\Autoloader->includeFile('APPPATH\\Controllers\\AdminController\\Admin.php')
 2 SYSTEMPATH\Autoloader\Autoloader.php(237): CodeIgniter\Autoloader\Autoloader->loadInNamespace('App\\Controllers\\AdminController\\Admin')
 3 [internal function]: CodeIgniter\Autoloader\Autoloader->loadClass('App\\Controllers\\AdminController\\Admin')
 4 SYSTEMPATH\CodeIgniter.php(877): class_exists('\\App\\Controllers\\AdminController\\Admin', true)
 5 SYSTEMPATH\CodeIgniter.php(469): CodeIgniter\CodeIgniter->startController()
 6 SYSTEMPATH\CodeIgniter.php(351): CodeIgniter\CodeIgniter->handleRequest(null, Object(Config\Cache), false)
 7 FCPATH\index.php(67): CodeIgniter\CodeIgniter->run()
 8 SYSTEMPATH\Commands\Server\rewrite.php(46): require_once('FCPATH\\index.php')
CRITICAL - 2022-12-16 19:40:05 --> Invalid file: http://localhost:8080/admin/forgot-password.php
in SYSTEMPATH\Exceptions\FrameworkException.php on line 33.
 1 SYSTEMPATH\View\View.php(201): CodeIgniter\Exceptions\FrameworkException::forInvalidFile('http://localhost:8080/admin/forgot-password.php')
 2 SYSTEMPATH\Common.php(1134): CodeIgniter\View\View->render('http://localhost:8080/admin/forgot-password', [], true)
 3 APPPATH\Controllers\AdminController\Admin.php(150): view('http://localhost:8080/admin/forgot-password')
 4 SYSTEMPATH\CodeIgniter.php(927): App\Controllers\AdminController\Admin->forgot_password()
 5 SYSTEMPATH\CodeIgniter.php(482): CodeIgniter\CodeIgniter->runController(Object(App\Controllers\AdminController\Admin))
 6 SYSTEMPATH\CodeIgniter.php(351): CodeIgniter\CodeIgniter->handleRequest(null, Object(Config\Cache), false)
 7 FCPATH\index.php(67): CodeIgniter\CodeIgniter->run()
 8 SYSTEMPATH\Commands\Server\rewrite.php(46): require_once('FCPATH\\index.php')
CRITICAL - 2022-12-16 19:53:02 --> Object of class CodeIgniter\HTTP\RedirectResponse could not be converted to string
in APPPATH\Controllers\AdminController\Admin.php on line 146.
 1 SYSTEMPATH\CodeIgniter.php(927): App\Controllers\AdminController\Admin->logout()
 2 SYSTEMPATH\CodeIgniter.php(482): CodeIgniter\CodeIgniter->runController(Object(App\Controllers\AdminController\Admin))
 3 SYSTEMPATH\CodeIgniter.php(351): CodeIgniter\CodeIgniter->handleRequest(null, Object(Config\Cache), false)
 4 FCPATH\index.php(67): CodeIgniter\CodeIgniter->run()
 5 SYSTEMPATH\Commands\Server\rewrite.php(46): require_once('FCPATH\\index.php')
CRITICAL - 2022-12-16 19:53:02 --> Object of class CodeIgniter\HTTP\RedirectResponse could not be converted to string
in APPPATH\Controllers\AdminController\Admin.php on line 146.
 1 SYSTEMPATH\CodeIgniter.php(927): App\Controllers\AdminController\Admin->logout()
 2 SYSTEMPATH\CodeIgniter.php(482): CodeIgniter\CodeIgniter->runController(Object(App\Controllers\AdminController\Admin))
 3 SYSTEMPATH\CodeIgniter.php(351): CodeIgniter\CodeIgniter->handleRequest(null, Object(Config\Cache), false)
 4 FCPATH\index.php(67): CodeIgniter\CodeIgniter->run()
 5 SYSTEMPATH\Commands\Server\rewrite.php(46): require_once('FCPATH\\index.php')
CRITICAL - 2022-12-16 19:53:21 --> Invalid file: http://localhost:8080/admin/login.php
in SYSTEMPATH\Exceptions\FrameworkException.php on line 33.
 1 SYSTEMPATH\View\View.php(201): CodeIgniter\Exceptions\FrameworkException::forInvalidFile('http://localhost:8080/admin/login.php')
 2 SYSTEMPATH\Common.php(1134): CodeIgniter\View\View->render('http://localhost:8080/admin/login', [], true)
 3 APPPATH\Controllers\AdminController\Admin.php(146): view('http://localhost:8080/admin/login')
 4 SYSTEMPATH\CodeIgniter.php(927): App\Controllers\AdminController\Admin->logout()
 5 SYSTEMPATH\CodeIgniter.php(482): CodeIgniter\CodeIgniter->runController(Object(App\Controllers\AdminController\Admin))
 6 SYSTEMPATH\CodeIgniter.php(351): CodeIgniter\CodeIgniter->handleRequest(null, Object(Config\Cache), false)
 7 FCPATH\index.php(67): CodeIgniter\CodeIgniter->run()
 8 SYSTEMPATH\Commands\Server\rewrite.php(46): require_once('FCPATH\\index.php')
